#! /usr/bin/vvp
:ivl_version "10.3 (stable)";
:ivl_delay_selection "TYPICAL";
:vpi_time_precision - 9;
:vpi_module "system";
:vpi_module "vhdl_sys";
:vpi_module "v2005_math";
:vpi_module "va_math";
S_0x55be8a266430 .scope module, "testbench" "testbench" 2 3;
 .timescale -9 -9;
v0x55be8a209820_0 .var "clk", 0 0;
v0x55be8a2b35a0_0 .net "rdy", 0 0, v0x55be8a2b0fc0_0;  1 drivers
v0x55be8a2b3640_0 .var "reset", 0 0;
v0x55be8a2b36e0_0 .var/s "x0", 31 0;
v0x55be8a2b3780_0 .var/s "x1", 31 0;
v0x55be8a2b3820_0 .var/s "x2", 31 0;
v0x55be8a2b38f0_0 .var/s "x3", 31 0;
v0x55be8a2b39c0_0 .var/s "x4", 31 0;
v0x55be8a2b3a90_0 .var/s "x5", 31 0;
v0x55be8a2b3b60_0 .var/s "x6", 31 0;
v0x55be8a2b3c30_0 .var/s "x7", 31 0;
v0x55be8a2b3d00_0 .net/s "y0", 31 0, v0x55be8a2b2480_0;  1 drivers
v0x55be8a2b3dd0_0 .net/s "y1", 31 0, v0x55be8a2b2560_0;  1 drivers
v0x55be8a2b3ea0_0 .net/s "y2", 31 0, v0x55be8a2b2640_0;  1 drivers
v0x55be8a2b3f70_0 .net/s "y3", 31 0, v0x55be8a2b2720_0;  1 drivers
v0x55be8a2b4040_0 .net/s "y4", 31 0, v0x55be8a2b2800_0;  1 drivers
v0x55be8a2b4110_0 .net/s "y5", 31 0, v0x55be8a2b28e0_0;  1 drivers
v0x55be8a2b41e0_0 .net/s "y6", 31 0, v0x55be8a2b29c0_0;  1 drivers
v0x55be8a2b42b0_0 .net/s "y7", 31 0, v0x55be8a2b2aa0_0;  1 drivers
S_0x55be8a265d80 .scope module, "dut" "rowidct" 2 11, 3 8 0, S_0x55be8a266430;
 .timescale -9 -9;
    .port_info 0 /INPUT 1 "clk"
    .port_info 1 /INPUT 1 "reset"
    .port_info 2 /INPUT 32 "x0"
    .port_info 3 /INPUT 32 "x1"
    .port_info 4 /INPUT 32 "x2"
    .port_info 5 /INPUT 32 "x3"
    .port_info 6 /INPUT 32 "x4"
    .port_info 7 /INPUT 32 "x5"
    .port_info 8 /INPUT 32 "x6"
    .port_info 9 /INPUT 32 "x7"
    .port_info 10 /OUTPUT 32 "y0"
    .port_info 11 /OUTPUT 32 "y1"
    .port_info 12 /OUTPUT 32 "y2"
    .port_info 13 /OUTPUT 32 "y3"
    .port_info 14 /OUTPUT 32 "y4"
    .port_info 15 /OUTPUT 32 "y5"
    .port_info 16 /OUTPUT 32 "y6"
    .port_info 17 /OUTPUT 32 "y7"
    .port_info 18 /OUTPUT 1 "rdy"
v0x55be8a216290_0 .var/s "Y0", 31 0;
v0x55be8a2a15c0_0 .var/s "Y1", 31 0;
v0x55be8a2a16a0_0 .var/s "Y2", 31 0;
v0x55be8a2a1760_0 .var/s "Y3", 31 0;
v0x55be8a2a1840_0 .var/s "Y4", 31 0;
v0x55be8a2a1970_0 .var/s "Y5", 31 0;
v0x55be8a2a1a50_0 .var/s "Y6", 31 0;
v0x55be8a2a1b30_0 .var/s "Y7", 31 0;
v0x55be8a2a1c10_0 .net *"_s0", 31 0, L_0x55be8a2c4460;  1 drivers
L_0x7f3538e913c0 .functor BUFT 1, C4<00000000>, C4<0>, C4<0>, C4<0>;
v0x55be8a2a1cf0_0 .net *"_s100", 7 0, L_0x7f3538e913c0;  1 drivers
v0x55be8a2a1dd0_0 .net/s *"_s102", 31 0, L_0x55be8a2c73e0;  1 drivers
v0x55be8a2a1eb0_0 .net *"_s104", 31 0, L_0x55be8a2c7700;  1 drivers
v0x55be8a2a1f90_0 .net *"_s106", 25 0, L_0x55be8a2c7660;  1 drivers
L_0x7f3538e91408 .functor BUFT 1, C4<000000>, C4<0>, C4<0>, C4<0>;
v0x55be8a2a2070_0 .net *"_s108", 5 0, L_0x7f3538e91408;  1 drivers
v0x55be8a2a2150_0 .net/s *"_s110", 31 0, L_0x55be8a2c7990;  1 drivers
v0x55be8a2a2230_0 .net *"_s112", 31 0, L_0x55be8a2c7cd0;  1 drivers
v0x55be8a2a2310_0 .net *"_s114", 28 0, L_0x55be8a2c7ad0;  1 drivers
L_0x7f3538e91450 .functor BUFT 1, C4<000>, C4<0>, C4<0>, C4<0>;
v0x55be8a2a23f0_0 .net *"_s116", 2 0, L_0x7f3538e91450;  1 drivers
v0x55be8a2a24d0_0 .net/s *"_s118", 31 0, L_0x55be8a2c7e10;  1 drivers
v0x55be8a2a25b0_0 .net *"_s12", 31 0, L_0x55be8a2c49a0;  1 drivers
v0x55be8a2a2690_0 .net *"_s120", 31 0, L_0x55be8a2c8160;  1 drivers
v0x55be8a2a2770_0 .net *"_s122", 29 0, L_0x55be8a2c80c0;  1 drivers
L_0x7f3538e91498 .functor BUFT 1, C4<00>, C4<0>, C4<0>, C4<0>;
v0x55be8a2a2850_0 .net *"_s124", 1 0, L_0x7f3538e91498;  1 drivers
v0x55be8a2a2930_0 .net/s *"_s126", 31 0, L_0x55be8a2c8420;  1 drivers
v0x55be8a2a2a10_0 .net *"_s128", 31 0, L_0x55be8a2c8790;  1 drivers
v0x55be8a2a2af0_0 .net *"_s130", 30 0, L_0x55be8a2c8560;  1 drivers
L_0x7f3538e914e0 .functor BUFT 1, C4<0>, C4<0>, C4<0>, C4<0>;
v0x55be8a2a2bd0_0 .net *"_s132", 0 0, L_0x7f3538e914e0;  1 drivers
v0x55be8a2a2cb0_0 .net *"_s14", 22 0, L_0x55be8a2c48b0;  1 drivers
v0x55be8a2a2d90_0 .net *"_s142", 31 0, L_0x55be8a2c9380;  1 drivers
v0x55be8a2a2e70_0 .net *"_s144", 20 0, L_0x55be8a2c90d0;  1 drivers
L_0x7f3538e91528 .functor BUFT 1, C4<00000000000>, C4<0>, C4<0>, C4<0>;
v0x55be8a2a2f50_0 .net *"_s146", 10 0, L_0x7f3538e91528;  1 drivers
v0x55be8a2a3030_0 .net *"_s148", 31 0, L_0x55be8a2c9730;  1 drivers
v0x55be8a2a3110_0 .net *"_s150", 23 0, L_0x55be8a2c94c0;  1 drivers
L_0x7f3538e91570 .functor BUFT 1, C4<00000000>, C4<0>, C4<0>, C4<0>;
v0x55be8a2a3400_0 .net *"_s152", 7 0, L_0x7f3538e91570;  1 drivers
v0x55be8a2a34e0_0 .net/s *"_s154", 31 0, L_0x55be8a2c9870;  1 drivers
v0x55be8a2a35c0_0 .net *"_s156", 31 0, L_0x55be8a2c9c30;  1 drivers
v0x55be8a2a36a0_0 .net *"_s158", 25 0, L_0x55be8a2c9b90;  1 drivers
L_0x7f3538e910a8 .functor BUFT 1, C4<000000000>, C4<0>, C4<0>, C4<0>;
v0x55be8a2a3780_0 .net *"_s16", 8 0, L_0x7f3538e910a8;  1 drivers
L_0x7f3538e915b8 .functor BUFT 1, C4<000000>, C4<0>, C4<0>, C4<0>;
v0x55be8a2a3860_0 .net *"_s160", 5 0, L_0x7f3538e915b8;  1 drivers
v0x55be8a2a3940_0 .net/s *"_s162", 31 0, L_0x55be8a2c9f10;  1 drivers
v0x55be8a2a3a20_0 .net *"_s164", 31 0, L_0x55be8a2ca2f0;  1 drivers
v0x55be8a2a3b00_0 .net *"_s166", 26 0, L_0x55be8a2ca050;  1 drivers
L_0x7f3538e91600 .functor BUFT 1, C4<00000>, C4<0>, C4<0>, C4<0>;
v0x55be8a2a3be0_0 .net *"_s168", 4 0, L_0x7f3538e91600;  1 drivers
v0x55be8a2a3cc0_0 .net/s *"_s170", 31 0, L_0x55be8a2ca430;  1 drivers
v0x55be8a2a3da0_0 .net *"_s172", 31 0, L_0x55be8a2ca820;  1 drivers
v0x55be8a2a3e80_0 .net *"_s174", 28 0, L_0x55be8a2ca780;  1 drivers
L_0x7f3538e91648 .functor BUFT 1, C4<000>, C4<0>, C4<0>, C4<0>;
v0x55be8a2a3f60_0 .net *"_s176", 2 0, L_0x7f3538e91648;  1 drivers
v0x55be8a2a4040_0 .net *"_s18", 31 0, L_0x55be8a2c4bc0;  1 drivers
v0x55be8a2a4120_0 .net *"_s180", 31 0, L_0x55be8a2caf90;  1 drivers
v0x55be8a2a4200_0 .net *"_s182", 22 0, L_0x55be8a2cacc0;  1 drivers
L_0x7f3538e91690 .functor BUFT 1, C4<000000000>, C4<0>, C4<0>, C4<0>;
v0x55be8a2a42e0_0 .net *"_s184", 8 0, L_0x7f3538e91690;  1 drivers
v0x55be8a2a43c0_0 .net *"_s186", 31 0, L_0x55be8a2cb3b0;  1 drivers
v0x55be8a2a44a0_0 .net *"_s188", 23 0, L_0x55be8a2cb0d0;  1 drivers
L_0x7f3538e916d8 .functor BUFT 1, C4<00000000>, C4<0>, C4<0>, C4<0>;
v0x55be8a2a4580_0 .net *"_s190", 7 0, L_0x7f3538e916d8;  1 drivers
v0x55be8a2a4660_0 .net/s *"_s192", 31 0, L_0x55be8a2cb4a0;  1 drivers
v0x55be8a2a4740_0 .net *"_s194", 31 0, L_0x55be8a2cb8d0;  1 drivers
v0x55be8a2a4820_0 .net *"_s196", 27 0, L_0x55be8a2cb830;  1 drivers
L_0x7f3538e91720 .functor BUFT 1, C4<0000>, C4<0>, C4<0>, C4<0>;
v0x55be8a2a4900_0 .net *"_s198", 3 0, L_0x7f3538e91720;  1 drivers
v0x55be8a2a49e0_0 .net *"_s2", 20 0, L_0x55be8a2b4380;  1 drivers
v0x55be8a2a4ac0_0 .net *"_s20", 26 0, L_0x55be8a2c4b20;  1 drivers
v0x55be8a2a4ba0_0 .net/s *"_s200", 31 0, L_0x55be8a2cbc70;  1 drivers
v0x55be8a2a4c80_0 .net *"_s202", 31 0, L_0x55be8a2cc0c0;  1 drivers
v0x55be8a2a4d60_0 .net *"_s204", 28 0, L_0x55be8a2cbdb0;  1 drivers
L_0x7f3538e91768 .functor BUFT 1, C4<000>, C4<0>, C4<0>, C4<0>;
v0x55be8a2a4e40_0 .net *"_s206", 2 0, L_0x7f3538e91768;  1 drivers
v0x55be8a2a4f20_0 .net/s *"_s208", 31 0, L_0x55be8a2cc200;  1 drivers
v0x55be8a2a5000_0 .net *"_s210", 31 0, L_0x55be8a2cc660;  1 drivers
v0x55be8a2a50e0_0 .net *"_s212", 29 0, L_0x55be8a2cc5c0;  1 drivers
L_0x7f3538e917b0 .functor BUFT 1, C4<00>, C4<0>, C4<0>, C4<0>;
v0x55be8a2a51c0_0 .net *"_s214", 1 0, L_0x7f3538e917b0;  1 drivers
v0x55be8a2a52a0_0 .net/s *"_s216", 31 0, L_0x55be8a2cca30;  1 drivers
v0x55be8a2a5380_0 .net *"_s218", 31 0, L_0x55be8a2ccfc0;  1 drivers
L_0x7f3538e910f0 .functor BUFT 1, C4<00000>, C4<0>, C4<0>, C4<0>;
v0x55be8a2a5460_0 .net *"_s22", 4 0, L_0x7f3538e910f0;  1 drivers
v0x55be8a2a5540_0 .net *"_s220", 30 0, L_0x55be8a2ccb70;  1 drivers
L_0x7f3538e917f8 .functor BUFT 1, C4<0>, C4<0>, C4<0>, C4<0>;
v0x55be8a2a5620_0 .net *"_s222", 0 0, L_0x7f3538e917f8;  1 drivers
v0x55be8a2a5700_0 .net/s *"_s224", 31 0, L_0x55be8a2cd100;  1 drivers
v0x55be8a2a57e0_0 .net *"_s228", 31 0, L_0x55be8a2cd940;  1 drivers
v0x55be8a2a58c0_0 .net *"_s230", 20 0, L_0x55be8a2cd5e0;  1 drivers
L_0x7f3538e91840 .functor BUFT 1, C4<00000000000>, C4<0>, C4<0>, C4<0>;
v0x55be8a2a59a0_0 .net *"_s232", 10 0, L_0x7f3538e91840;  1 drivers
v0x55be8a2a5a80_0 .net *"_s234", 31 0, L_0x55be8a2cddf0;  1 drivers
v0x55be8a2a5b60_0 .net *"_s236", 21 0, L_0x55be8a2cda80;  1 drivers
L_0x7f3538e91888 .functor BUFT 1, C4<0000000000>, C4<0>, C4<0>, C4<0>;
v0x55be8a2a5c40_0 .net *"_s238", 9 0, L_0x7f3538e91888;  1 drivers
v0x55be8a2a5d20_0 .net/s *"_s24", 31 0, L_0x55be8a2c4d50;  1 drivers
v0x55be8a2a5e00_0 .net/s *"_s240", 31 0, L_0x55be8a2cdf30;  1 drivers
v0x55be8a2a5ee0_0 .net *"_s242", 31 0, L_0x55be8a2ce3f0;  1 drivers
v0x55be8a2a5fc0_0 .net *"_s244", 22 0, L_0x55be8a2ce350;  1 drivers
L_0x7f3538e918d0 .functor BUFT 1, C4<000000000>, C4<0>, C4<0>, C4<0>;
v0x55be8a2a60a0_0 .net *"_s246", 8 0, L_0x7f3538e918d0;  1 drivers
v0x55be8a2a6180_0 .net/s *"_s248", 31 0, L_0x55be8a2ce820;  1 drivers
v0x55be8a2a6260_0 .net *"_s250", 31 0, L_0x55be8a2ced00;  1 drivers
v0x55be8a2a6340_0 .net *"_s252", 23 0, L_0x55be8a2ce960;  1 drivers
L_0x7f3538e91918 .functor BUFT 1, C4<00000000>, C4<0>, C4<0>, C4<0>;
v0x55be8a2a6420_0 .net *"_s254", 7 0, L_0x7f3538e91918;  1 drivers
v0x55be8a2a6500_0 .net/s *"_s256", 31 0, L_0x55be8a2cee40;  1 drivers
v0x55be8a2a65e0_0 .net *"_s258", 31 0, L_0x55be8a2cf330;  1 drivers
v0x55be8a2a66c0_0 .net *"_s26", 31 0, L_0x55be8a2c4f90;  1 drivers
v0x55be8a2a67a0_0 .net *"_s260", 24 0, L_0x55be8a2cf290;  1 drivers
L_0x7f3538e91960 .functor BUFT 1, C4<0000000>, C4<0>, C4<0>, C4<0>;
v0x55be8a2a6880_0 .net *"_s262", 6 0, L_0x7f3538e91960;  1 drivers
v0x55be8a2a6960_0 .net/s *"_s264", 31 0, L_0x55be8a2cf790;  1 drivers
v0x55be8a2a6a40_0 .net *"_s266", 31 0, L_0x55be8a2cfca0;  1 drivers
v0x55be8a2a6b20_0 .net *"_s268", 26 0, L_0x55be8a2cf8d0;  1 drivers
L_0x7f3538e919a8 .functor BUFT 1, C4<00000>, C4<0>, C4<0>, C4<0>;
v0x55be8a2a6c00_0 .net *"_s270", 4 0, L_0x7f3538e919a8;  1 drivers
v0x55be8a2a6ce0_0 .net/s *"_s272", 31 0, L_0x55be8a2cfde0;  1 drivers
v0x55be8a2a6dc0_0 .net *"_s274", 31 0, L_0x55be8a2d0300;  1 drivers
v0x55be8a2a6ea0_0 .net *"_s276", 27 0, L_0x55be8a2d0260;  1 drivers
L_0x7f3538e919f0 .functor BUFT 1, C4<0000>, C4<0>, C4<0>, C4<0>;
v0x55be8a2a6f80_0 .net *"_s278", 3 0, L_0x7f3538e919f0;  1 drivers
v0x55be8a2a7060_0 .net *"_s28", 27 0, L_0x55be8a2c4e90;  1 drivers
v0x55be8a2a7140_0 .net/s *"_s280", 31 0, L_0x55be8a2d0790;  1 drivers
v0x55be8a2a7220_0 .net *"_s290", 31 0, L_0x55be8a2d1870;  1 drivers
v0x55be8a2a7300_0 .net *"_s292", 21 0, L_0x55be8a2d1400;  1 drivers
L_0x7f3538e91a38 .functor BUFT 1, C4<0000000000>, C4<0>, C4<0>, C4<0>;
v0x55be8a2a73e0_0 .net *"_s294", 9 0, L_0x7f3538e91a38;  1 drivers
v0x55be8a2a74c0_0 .net *"_s296", 31 0, L_0x55be8a2d1de0;  1 drivers
v0x55be8a2a75a0_0 .net *"_s298", 25 0, L_0x55be8a2d19b0;  1 drivers
L_0x7f3538e91138 .functor BUFT 1, C4<0000>, C4<0>, C4<0>, C4<0>;
v0x55be8a2a7680_0 .net *"_s30", 3 0, L_0x7f3538e91138;  1 drivers
L_0x7f3538e91a80 .functor BUFT 1, C4<000000>, C4<0>, C4<0>, C4<0>;
v0x55be8a2a7760_0 .net *"_s300", 5 0, L_0x7f3538e91a80;  1 drivers
v0x55be8a2a7840_0 .net/s *"_s302", 31 0, L_0x55be8a2d1f20;  1 drivers
v0x55be8a2a7920_0 .net *"_s304", 31 0, L_0x55be8a2d24a0;  1 drivers
v0x55be8a2a7a00_0 .net *"_s306", 27 0, L_0x55be8a2d2400;  1 drivers
L_0x7f3538e91ac8 .functor BUFT 1, C4<0000>, C4<0>, C4<0>, C4<0>;
v0x55be8a2a7ae0_0 .net *"_s308", 3 0, L_0x7f3538e91ac8;  1 drivers
v0x55be8a2a7bc0_0 .net/s *"_s310", 31 0, L_0x55be8a2d2940;  1 drivers
v0x55be8a2a7ca0_0 .net *"_s312", 31 0, L_0x55be8a2d2ee0;  1 drivers
v0x55be8a2a7d80_0 .net *"_s314", 29 0, L_0x55be8a2d2a80;  1 drivers
L_0x7f3538e91b10 .functor BUFT 1, C4<00>, C4<0>, C4<0>, C4<0>;
v0x55be8a2a7e60_0 .net *"_s316", 1 0, L_0x7f3538e91b10;  1 drivers
v0x55be8a2a7f40_0 .net/s *"_s32", 31 0, L_0x55be8a2c5080;  1 drivers
v0x55be8a2a8020_0 .net *"_s320", 31 0, L_0x55be8a2d35d0;  1 drivers
v0x55be8a2a8100_0 .net *"_s322", 20 0, L_0x55be8a2d3530;  1 drivers
L_0x7f3538e91b58 .functor BUFT 1, C4<00000000000>, C4<0>, C4<0>, C4<0>;
v0x55be8a2a81e0_0 .net *"_s324", 10 0, L_0x7f3538e91b58;  1 drivers
v0x55be8a2a82c0_0 .net *"_s326", 31 0, L_0x55be8a2d3c20;  1 drivers
v0x55be8a2a83a0_0 .net *"_s328", 21 0, L_0x55be8a2d3af0;  1 drivers
L_0x7f3538e91ba0 .functor BUFT 1, C4<0000000000>, C4<0>, C4<0>, C4<0>;
v0x55be8a2a8480_0 .net *"_s330", 9 0, L_0x7f3538e91ba0;  1 drivers
v0x55be8a2a8560_0 .net/s *"_s332", 31 0, L_0x55be8a2d4100;  1 drivers
v0x55be8a2a8640_0 .net *"_s334", 31 0, L_0x55be8a2d46e0;  1 drivers
v0x55be8a2a8720_0 .net *"_s336", 22 0, L_0x55be8a2d4240;  1 drivers
L_0x7f3538e91be8 .functor BUFT 1, C4<000000000>, C4<0>, C4<0>, C4<0>;
v0x55be8a2a9010_0 .net *"_s338", 8 0, L_0x7f3538e91be8;  1 drivers
v0x55be8a2a90f0_0 .net *"_s34", 31 0, L_0x55be8a2c52d0;  1 drivers
v0x55be8a2a91d0_0 .net/s *"_s340", 31 0, L_0x55be8a2d4820;  1 drivers
v0x55be8a2a92b0_0 .net *"_s342", 31 0, L_0x55be8a2d4e10;  1 drivers
v0x55be8a2a9390_0 .net *"_s344", 24 0, L_0x55be8a2d4d70;  1 drivers
L_0x7f3538e91c30 .functor BUFT 1, C4<0000000>, C4<0>, C4<0>, C4<0>;
v0x55be8a2a9470_0 .net *"_s346", 6 0, L_0x7f3538e91c30;  1 drivers
v0x55be8a2a9550_0 .net/s *"_s348", 31 0, L_0x55be8a2d5370;  1 drivers
v0x55be8a2a9630_0 .net *"_s350", 31 0, L_0x55be8a2d4f50;  1 drivers
v0x55be8a2a9710_0 .net *"_s352", 25 0, L_0x55be8a2d54b0;  1 drivers
L_0x7f3538e91c78 .functor BUFT 1, C4<000000>, C4<0>, C4<0>, C4<0>;
v0x55be8a2a97f0_0 .net *"_s354", 5 0, L_0x7f3538e91c78;  1 drivers
v0x55be8a2a98d0_0 .net/s *"_s356", 31 0, L_0x55be8a2d5090;  1 drivers
v0x55be8a2a99b0_0 .net *"_s358", 31 0, L_0x55be8a2d5270;  1 drivers
v0x55be8a2a9a90_0 .net *"_s36", 29 0, L_0x55be8a2c5230;  1 drivers
v0x55be8a2a9b70_0 .net *"_s360", 28 0, L_0x55be8a2d51d0;  1 drivers
L_0x7f3538e91cc0 .functor BUFT 1, C4<000>, C4<0>, C4<0>, C4<0>;
v0x55be8a2a9c50_0 .net *"_s362", 2 0, L_0x7f3538e91cc0;  1 drivers
v0x55be8a2a9d30_0 .net *"_s366", 31 0, L_0x55be8a2d5730;  1 drivers
v0x55be8a2a9e10_0 .net *"_s368", 21 0, L_0x55be8a2d5690;  1 drivers
L_0x7f3538e91d08 .functor BUFT 1, C4<0000000000>, C4<0>, C4<0>, C4<0>;
v0x55be8a2a9ef0_0 .net *"_s370", 9 0, L_0x7f3538e91d08;  1 drivers
v0x55be8a2a9fd0_0 .net *"_s372", 31 0, L_0x55be8a2d5e50;  1 drivers
v0x55be8a2aa0b0_0 .net *"_s374", 22 0, L_0x55be8a2d5870;  1 drivers
L_0x7f3538e91d50 .functor BUFT 1, C4<000000000>, C4<0>, C4<0>, C4<0>;
v0x55be8a2aa190_0 .net *"_s376", 8 0, L_0x7f3538e91d50;  1 drivers
v0x55be8a2aa270_0 .net/s *"_s378", 31 0, L_0x55be8a2d5ef0;  1 drivers
L_0x7f3538e91180 .functor BUFT 1, C4<00>, C4<0>, C4<0>, C4<0>;
v0x55be8a2aa350_0 .net *"_s38", 1 0, L_0x7f3538e91180;  1 drivers
v0x55be8a2aa430_0 .net *"_s380", 31 0, L_0x55be8a2d5a80;  1 drivers
v0x55be8a2aa510_0 .net *"_s382", 26 0, L_0x55be8a2d59e0;  1 drivers
L_0x7f3538e91d98 .functor BUFT 1, C4<00000>, C4<0>, C4<0>, C4<0>;
v0x55be8a2aa5f0_0 .net *"_s384", 4 0, L_0x7f3538e91d98;  1 drivers
v0x55be8a2aa6d0_0 .net *"_s392", 31 0, L_0x55be8a2d6030;  1 drivers
v0x55be8a2aa7b0_0 .net *"_s394", 20 0, L_0x55be8a2d65c0;  1 drivers
L_0x7f3538e91de0 .functor BUFT 1, C4<00000000000>, C4<0>, C4<0>, C4<0>;
v0x55be8a2aa890_0 .net *"_s396", 10 0, L_0x7f3538e91de0;  1 drivers
L_0x7f3538e91018 .functor BUFT 1, C4<00000000000>, C4<0>, C4<0>, C4<0>;
v0x55be8a2aa970_0 .net *"_s4", 10 0, L_0x7f3538e91018;  1 drivers
v0x55be8a2aaa50_0 .net/s *"_s40", 31 0, L_0x55be8a2c5490;  1 drivers
v0x55be8a2aab30_0 .net *"_s400", 31 0, L_0x55be8a2d6350;  1 drivers
v0x55be8a2aac10_0 .net *"_s402", 20 0, L_0x55be8a2d62b0;  1 drivers
L_0x7f3538e91e28 .functor BUFT 1, C4<00000000000>, C4<0>, C4<0>, C4<0>;
v0x55be8a2aacf0_0 .net *"_s404", 10 0, L_0x7f3538e91e28;  1 drivers
v0x55be8a2aadd0_0 .net *"_s428", 31 0, L_0x55be8a2d71c0;  1 drivers
v0x55be8a2aaeb0_0 .net *"_s430", 24 0, L_0x55be8a2d70d0;  1 drivers
L_0x7f3538e91e70 .functor BUFT 1, C4<0000000>, C4<0>, C4<0>, C4<0>;
v0x55be8a2aaf90_0 .net *"_s432", 6 0, L_0x7f3538e91e70;  1 drivers
v0x55be8a2ab070_0 .net *"_s434", 31 0, L_0x55be8a2d7440;  1 drivers
v0x55be8a2ab150_0 .net *"_s436", 26 0, L_0x55be8a2d7970;  1 drivers
L_0x7f3538e91eb8 .functor BUFT 1, C4<00000>, C4<0>, C4<0>, C4<0>;
v0x55be8a2ab230_0 .net *"_s438", 4 0, L_0x7f3538e91eb8;  1 drivers
v0x55be8a2ab310_0 .net *"_s44", 31 0, L_0x55be8a2c57f0;  1 drivers
v0x55be8a2ab3f0_0 .net/s *"_s440", 31 0, L_0x55be8a2d7530;  1 drivers
v0x55be8a2ab4d0_0 .net *"_s442", 31 0, L_0x55be8a2d77a0;  1 drivers
v0x55be8a2ab5b0_0 .net *"_s444", 27 0, L_0x55be8a2d7670;  1 drivers
L_0x7f3538e91f00 .functor BUFT 1, C4<0000>, C4<0>, C4<0>, C4<0>;
v0x55be8a2ab690_0 .net *"_s446", 3 0, L_0x7f3538e91f00;  1 drivers
v0x55be8a2ab770_0 .net/s *"_s448", 31 0, L_0x55be8a2d7890;  1 drivers
v0x55be8a2ab850_0 .net *"_s450", 31 0, L_0x55be8a2d7a10;  1 drivers
v0x55be8a2ab930_0 .net *"_s452", 29 0, L_0x55be8a2d8010;  1 drivers
L_0x7f3538e91f48 .functor BUFT 1, C4<00>, C4<0>, C4<0>, C4<0>;
v0x55be8a2aba10_0 .net *"_s454", 1 0, L_0x7f3538e91f48;  1 drivers
v0x55be8a2abaf0_0 .net/s *"_s456", 31 0, L_0x55be8a2d7b50;  1 drivers
v0x55be8a2abbd0_0 .net *"_s46", 20 0, L_0x55be8a2c5750;  1 drivers
v0x55be8a2abcb0_0 .net *"_s460", 31 0, L_0x55be8a2d8640;  1 drivers
v0x55be8a2abd90_0 .net *"_s462", 24 0, L_0x55be8a2d7e20;  1 drivers
L_0x7f3538e91f90 .functor BUFT 1, C4<0000000>, C4<0>, C4<0>, C4<0>;
v0x55be8a2abe70_0 .net *"_s464", 6 0, L_0x7f3538e91f90;  1 drivers
v0x55be8a2abf50_0 .net *"_s466", 31 0, L_0x55be8a2d80b0;  1 drivers
v0x55be8a2ac030_0 .net *"_s468", 26 0, L_0x55be8a2d8730;  1 drivers
L_0x7f3538e91fd8 .functor BUFT 1, C4<00000>, C4<0>, C4<0>, C4<0>;
v0x55be8a2ac110_0 .net *"_s470", 4 0, L_0x7f3538e91fd8;  1 drivers
v0x55be8a2ac1f0_0 .net/s *"_s472", 31 0, L_0x55be8a2d81f0;  1 drivers
v0x55be8a2ac2d0_0 .net *"_s474", 31 0, L_0x55be8a2d8460;  1 drivers
v0x55be8a2ac3b0_0 .net *"_s476", 27 0, L_0x55be8a2d8330;  1 drivers
L_0x7f3538e92020 .functor BUFT 1, C4<0000>, C4<0>, C4<0>, C4<0>;
v0x55be8a2ac490_0 .net *"_s478", 3 0, L_0x7f3538e92020;  1 drivers
L_0x7f3538e911c8 .functor BUFT 1, C4<00000000000>, C4<0>, C4<0>, C4<0>;
v0x55be8a2ac570_0 .net *"_s48", 10 0, L_0x7f3538e911c8;  1 drivers
v0x55be8a2ac650_0 .net/s *"_s480", 31 0, L_0x55be8a2d8550;  1 drivers
v0x55be8a2ac730_0 .net *"_s482", 31 0, L_0x55be8a2d87d0;  1 drivers
v0x55be8a2ac810_0 .net *"_s484", 29 0, L_0x55be8a2d8de0;  1 drivers
L_0x7f3538e92068 .functor BUFT 1, C4<00>, C4<0>, C4<0>, C4<0>;
v0x55be8a2ac8f0_0 .net *"_s486", 1 0, L_0x7f3538e92068;  1 drivers
v0x55be8a2ac9d0_0 .net/s *"_s488", 31 0, L_0x55be8a2d8910;  1 drivers
L_0x7f3538e920b0 .functor BUFT 1, C4<00000000000000000000000010000000>, C4<0>, C4<0>, C4<0>;
v0x55be8a2acab0_0 .net/2s *"_s492", 31 0, L_0x7f3538e920b0;  1 drivers
v0x55be8a2acb90_0 .net/s *"_s494", 31 0, L_0x55be8a2d8b40;  1 drivers
v0x55be8a2acc70_0 .net *"_s498", 23 0, L_0x55be8a2d8c80;  1 drivers
v0x55be8a2acd50_0 .net *"_s50", 31 0, L_0x55be8a2c5a70;  1 drivers
L_0x7f3538e920f8 .functor BUFT 1, C4<00000000000000000000000010000000>, C4<0>, C4<0>, C4<0>;
v0x55be8a2ace30_0 .net/2s *"_s500", 31 0, L_0x7f3538e920f8;  1 drivers
v0x55be8a2acf10_0 .net/s *"_s502", 31 0, L_0x55be8a2d8e80;  1 drivers
v0x55be8a2acff0_0 .net *"_s506", 23 0, L_0x55be8a2d8fc0;  1 drivers
v0x55be8a2ad0d0_0 .net/s *"_s508", 31 0, L_0x55be8a2d91a0;  1 drivers
v0x55be8a2ad1b0_0 .net *"_s512", 23 0, L_0x55be8a2d92e0;  1 drivers
v0x55be8a2ad290_0 .net/s *"_s514", 31 0, L_0x55be8a2d9560;  1 drivers
v0x55be8a2ad370_0 .net *"_s518", 23 0, L_0x55be8a2d96a0;  1 drivers
v0x55be8a2ad450_0 .net *"_s52", 24 0, L_0x55be8a2c59d0;  1 drivers
v0x55be8a2ad530_0 .net/s *"_s520", 31 0, L_0x55be8a2d9880;  1 drivers
v0x55be8a2ad610_0 .net *"_s524", 23 0, L_0x55be8a2d99c0;  1 drivers
v0x55be8a2ad6f0_0 .net/s *"_s526", 31 0, L_0x55be8a2d9bd0;  1 drivers
v0x55be8a2ad7d0_0 .net *"_s530", 23 0, L_0x55be8a2d9d10;  1 drivers
v0x55be8a2ad8b0_0 .net/s *"_s532", 31 0, L_0x55be8a2d9ef0;  1 drivers
v0x55be8a2ad990_0 .net *"_s536", 23 0, L_0x55be8a2d9f90;  1 drivers
v0x55be8a2ada70_0 .net/s *"_s538", 31 0, L_0x55be8a2da170;  1 drivers
L_0x7f3538e91210 .functor BUFT 1, C4<0000000>, C4<0>, C4<0>, C4<0>;
v0x55be8a2adb50_0 .net *"_s54", 6 0, L_0x7f3538e91210;  1 drivers
v0x55be8a2adc30_0 .net *"_s542", 23 0, L_0x55be8a2da900;  1 drivers
v0x55be8a2add10_0 .net/s *"_s544", 31 0, L_0x55be8a2da360;  1 drivers
v0x55be8a2addf0_0 .net *"_s548", 23 0, L_0x55be8a2da400;  1 drivers
v0x55be8a2aded0_0 .net/s *"_s550", 31 0, L_0x55be8a2da5e0;  1 drivers
v0x55be8a2adfb0_0 .net *"_s554", 23 0, L_0x55be8a2da680;  1 drivers
v0x55be8a2ae090_0 .net/s *"_s56", 31 0, L_0x55be8a2c5930;  1 drivers
v0x55be8a2ae170_0 .net *"_s58", 31 0, L_0x55be8a2c5e10;  1 drivers
L_0x7f3538e91060 .functor BUFT 1, C4<00000000000000000000000010000000>, C4<0>, C4<0>, C4<0>;
v0x55be8a2ae250_0 .net/2s *"_s6", 31 0, L_0x7f3538e91060;  1 drivers
v0x55be8a2ae330_0 .net *"_s60", 25 0, L_0x55be8a2c5cb0;  1 drivers
L_0x7f3538e91258 .functor BUFT 1, C4<000000>, C4<0>, C4<0>, C4<0>;
v0x55be8a2ae410_0 .net *"_s62", 5 0, L_0x7f3538e91258;  1 drivers
v0x55be8a2ae4f0_0 .net/s *"_s64", 31 0, L_0x55be8a2c5f00;  1 drivers
v0x55be8a2ae5d0_0 .net *"_s66", 31 0, L_0x55be8a2c61b0;  1 drivers
v0x55be8a2ae6b0_0 .net *"_s68", 26 0, L_0x55be8a2c6110;  1 drivers
L_0x7f3538e912a0 .functor BUFT 1, C4<00000>, C4<0>, C4<0>, C4<0>;
v0x55be8a2ae790_0 .net *"_s70", 4 0, L_0x7f3538e912a0;  1 drivers
v0x55be8a2ae870_0 .net/s *"_s72", 31 0, L_0x55be8a2c63d0;  1 drivers
v0x55be8a2ae950_0 .net *"_s74", 31 0, L_0x55be8a2c66a0;  1 drivers
v0x55be8a2aea30_0 .net *"_s76", 29 0, L_0x55be8a2c6510;  1 drivers
L_0x7f3538e912e8 .functor BUFT 1, C4<00>, C4<0>, C4<0>, C4<0>;
v0x55be8a2aeb10_0 .net *"_s78", 1 0, L_0x7f3538e912e8;  1 drivers
v0x55be8a2aebf0_0 .net *"_s82", 31 0, L_0x55be8a2c6ac0;  1 drivers
v0x55be8a2aecd0_0 .net *"_s84", 20 0, L_0x55be8a2c6a20;  1 drivers
L_0x7f3538e91330 .functor BUFT 1, C4<00000000000>, C4<0>, C4<0>, C4<0>;
v0x55be8a2aedb0_0 .net *"_s86", 10 0, L_0x7f3538e91330;  1 drivers
v0x55be8a2aee90_0 .net *"_s88", 31 0, L_0x55be8a2c6e40;  1 drivers
v0x55be8a2aef70_0 .net *"_s90", 21 0, L_0x55be8a2c6d10;  1 drivers
L_0x7f3538e91378 .functor BUFT 1, C4<0000000000>, C4<0>, C4<0>, C4<0>;
v0x55be8a2af050_0 .net *"_s92", 9 0, L_0x7f3538e91378;  1 drivers
v0x55be8a2af130_0 .net/s *"_s94", 31 0, L_0x55be8a2c7080;  1 drivers
v0x55be8a2af210_0 .net *"_s96", 31 0, L_0x55be8a2c6f60;  1 drivers
v0x55be8a2af2f0_0 .net *"_s98", 23 0, L_0x55be8a2c71c0;  1 drivers
v0x55be8a2af3d0_0 .net/s "a", 31 0, L_0x55be8a2d6ef0;  1 drivers
v0x55be8a2af4b0_0 .net/s "add1a", 31 0, L_0x55be8a2c4740;  1 drivers
v0x55be8a2af590_0 .net/s "add1b", 31 0, L_0x55be8a2c8f90;  1 drivers
v0x55be8a2af670_0 .net/s "add1c", 31 0, L_0x55be8a2d12c0;  1 drivers
v0x55be8a2af750_0 .var "ardy", 0 0;
v0x55be8a2af810_0 .net/s "b", 31 0, L_0x55be8a2d7030;  1 drivers
v0x55be8a2af8f0_0 .net "clk", 0 0, v0x55be8a209820_0;  1 drivers
v0x55be8a2af9b0_0 .net/s "diff01", 31 0, L_0x55be8a2d6b80;  1 drivers
v0x55be8a2afa90_0 .net/s "diff012", 31 0, L_0x55be8a2d6e50;  1 drivers
v0x55be8a2afb70_0 .net/s "diff013", 31 0, L_0x55be8a2d6a70;  1 drivers
v0x55be8a2afc50_0 .net/s "diff46", 31 0, L_0x55be8a2d66b0;  1 drivers
v0x55be8a2afd30_0 .net/s "diff57", 31 0, L_0x55be8a2d6890;  1 drivers
v0x55be8a2afe10_0 .net/s "mul1a", 31 0, L_0x55be8a2c55d0;  1 drivers
v0x55be8a2afef0_0 .net/s "mul1b", 31 0, L_0x55be8a2cab80;  1 drivers
v0x55be8a2a8800_0 .net/s "mul1c", 31 0, L_0x55be8a2d3020;  1 drivers
v0x55be8a2a88e0_0 .net/s "mul2a", 31 0, L_0x55be8a2c67e0;  1 drivers
v0x55be8a2a89c0_0 .net/s "mul2b", 31 0, L_0x55be8a2cd4f0;  1 drivers
v0x55be8a2a8aa0_0 .net/s "mul2c", 31 0, L_0x55be8a2d5550;  1 drivers
v0x55be8a2a8b80_0 .net/s "mul3a", 31 0, L_0x55be8a2c88d0;  1 drivers
v0x55be8a2a8c60_0 .net/s "mul3b", 31 0, L_0x55be8a2d08d0;  1 drivers
v0x55be8a2a8d40_0 .net/s "mul3c", 31 0, L_0x55be8a2d5bc0;  1 drivers
v0x55be8a2a8e20_0 .net/s "mul4", 31 0, L_0x55be8a2d7c90;  1 drivers
v0x55be8a2a8f00_0 .net/s "mul5", 31 0, L_0x55be8a2d8a50;  1 drivers
v0x55be8a2b0fc0_0 .var "rdy", 0 0;
v0x55be8a2b1080_0 .net "reset", 0 0, v0x55be8a2b3640_0;  1 drivers
v0x55be8a2b1140_0 .net/s "sum01", 31 0, L_0x55be8a2d6170;  1 drivers
v0x55be8a2b1220_0 .net/s "sum012", 31 0, L_0x55be8a2d7350;  1 drivers
v0x55be8a2b1300_0 .net/s "sum013", 31 0, L_0x55be8a2d6930;  1 drivers
v0x55be8a2b13e0_0 .net/s "sum46", 31 0, L_0x55be8a2d6c70;  1 drivers
v0x55be8a2b14c0_0 .net/s "sum57", 31 0, L_0x55be8a2d6750;  1 drivers
v0x55be8a2b15a0_0 .net/s "x0", 31 0, v0x55be8a2b36e0_0;  1 drivers
v0x55be8a2b1680_0 .net/s "x01", 31 0, L_0x55be8a2c4600;  1 drivers
v0x55be8a2b1760_0 .net/s "x1", 31 0, v0x55be8a2b3780_0;  1 drivers
v0x55be8a2b1840_0 .net/s "x2", 31 0, v0x55be8a2b3820_0;  1 drivers
v0x55be8a2b1920_0 .net/s "x21", 31 0, L_0x55be8a2d5d00;  1 drivers
v0x55be8a2b1a00_0 .net/s "x22", 31 0, L_0x55be8a2d9470;  1 drivers
v0x55be8a2b1ae0_0 .net/s "x3", 31 0, v0x55be8a2b38f0_0;  1 drivers
v0x55be8a2b1bc0_0 .net/s "x31", 31 0, L_0x55be8a2d64d0;  1 drivers
v0x55be8a2b1ca0_0 .net/s "x4", 31 0, v0x55be8a2b39c0_0;  1 drivers
v0x55be8a2b1d80_0 .net/s "x41", 31 0, L_0x55be8a2c8bb0;  1 drivers
v0x55be8a2b1e60_0 .net/s "x44", 31 0, L_0x55be8a2d90b0;  1 drivers
v0x55be8a2b1f40_0 .net/s "x5", 31 0, v0x55be8a2b3a90_0;  1 drivers
v0x55be8a2b2020_0 .net/s "x51", 31 0, L_0x55be8a2c8cf0;  1 drivers
v0x55be8a2b2100_0 .net/s "x6", 31 0, v0x55be8a2b3b60_0;  1 drivers
v0x55be8a2b21e0_0 .net/s "x61", 31 0, L_0x55be8a2d0d20;  1 drivers
v0x55be8a2b22c0_0 .net/s "x7", 31 0, v0x55be8a2b3c30_0;  1 drivers
v0x55be8a2b23a0_0 .net/s "x71", 31 0, L_0x55be8a2d0e60;  1 drivers
v0x55be8a2b2480_0 .var/s "y0", 31 0;
v0x55be8a2b2560_0 .var/s "y1", 31 0;
v0x55be8a2b2640_0 .var/s "y2", 31 0;
v0x55be8a2b2720_0 .var/s "y3", 31 0;
v0x55be8a2b2800_0 .var/s "y4", 31 0;
v0x55be8a2b28e0_0 .var/s "y5", 31 0;
v0x55be8a2b29c0_0 .var/s "y6", 31 0;
v0x55be8a2b2aa0_0 .var/s "y7", 31 0;
v0x55be8a2b2b80_0 .net/s "yc0", 31 0, L_0x55be8a2d93d0;  1 drivers
v0x55be8a2b2c60_0 .net/s "yc1", 31 0, L_0x55be8a2d9790;  1 drivers
v0x55be8a2b2d40_0 .net/s "yc2", 31 0, L_0x55be8a2d9ab0;  1 drivers
v0x55be8a2b2e20_0 .net/s "yc3", 31 0, L_0x55be8a2d9e00;  1 drivers
v0x55be8a2b2f00_0 .net/s "yc4", 31 0, L_0x55be8a2da080;  1 drivers
v0x55be8a2b2fe0_0 .net/s "yc5", 31 0, L_0x55be8a2da270;  1 drivers
v0x55be8a2b30c0_0 .net/s "yc6", 31 0, L_0x55be8a2da4f0;  1 drivers
v0x55be8a2b31a0_0 .net/s "yc7", 31 0, L_0x55be8a2da770;  1 drivers
E_0x55be8a21a810 .event posedge, v0x55be8a2af8f0_0;
E_0x55be8a21a940/0 .event edge, v0x55be8a2b1760_0, v0x55be8a2b1840_0, v0x55be8a2b1ae0_0, v0x55be8a2b1ca0_0;
E_0x55be8a21a940/1 .event edge, v0x55be8a2b1f40_0, v0x55be8a2b2100_0, v0x55be8a2b22c0_0, v0x55be8a2b15a0_0;
E_0x55be8a21a940/2 .event edge, v0x55be8a216290_0, v0x55be8a2a15c0_0, v0x55be8a2a16a0_0, v0x55be8a2a1760_0;
E_0x55be8a21a940/3 .event edge, v0x55be8a2a1840_0, v0x55be8a2a1970_0, v0x55be8a2a1a50_0, v0x55be8a2a1b30_0;
E_0x55be8a21a940/4 .event edge, v0x55be8a2b2b80_0, v0x55be8a2b2c60_0, v0x55be8a2b2d40_0, v0x55be8a2b2e20_0;
E_0x55be8a21a940/5 .event edge, v0x55be8a2b2f00_0, v0x55be8a2b2fe0_0, v0x55be8a2b30c0_0, v0x55be8a2b31a0_0;
E_0x55be8a21a940/6 .event edge, v0x55be8a2b2480_0, v0x55be8a2b2560_0, v0x55be8a2b2640_0, v0x55be8a2b2720_0;
E_0x55be8a21a940/7 .event edge, v0x55be8a2b2800_0, v0x55be8a2b28e0_0, v0x55be8a2b29c0_0, v0x55be8a2b2aa0_0;
E_0x55be8a21a940 .event/or E_0x55be8a21a940/0, E_0x55be8a21a940/1, E_0x55be8a21a940/2, E_0x55be8a21a940/3, E_0x55be8a21a940/4, E_0x55be8a21a940/5, E_0x55be8a21a940/6, E_0x55be8a21a940/7;
L_0x55be8a2b4380 .part v0x55be8a2b36e0_0, 0, 21;
L_0x55be8a2c4460 .concat [ 11 21 0 0], L_0x7f3538e91018, L_0x55be8a2b4380;
L_0x55be8a2c4600 .arith/sum 32, L_0x55be8a2c4460, L_0x7f3538e91060;
L_0x55be8a2c4740 .arith/sum 32, v0x55be8a2b39c0_0, v0x55be8a2b3a90_0;
L_0x55be8a2c48b0 .part L_0x55be8a2c4740, 0, 23;
L_0x55be8a2c49a0 .concat [ 9 23 0 0], L_0x7f3538e910a8, L_0x55be8a2c48b0;
L_0x55be8a2c4b20 .part L_0x55be8a2c4740, 0, 27;
L_0x55be8a2c4bc0 .concat [ 5 27 0 0], L_0x7f3538e910f0, L_0x55be8a2c4b20;
L_0x55be8a2c4d50 .arith/sum 32, L_0x55be8a2c49a0, L_0x55be8a2c4bc0;
L_0x55be8a2c4e90 .part L_0x55be8a2c4740, 0, 28;
L_0x55be8a2c4f90 .concat [ 4 28 0 0], L_0x7f3538e91138, L_0x55be8a2c4e90;
L_0x55be8a2c5080 .arith/sum 32, L_0x55be8a2c4d50, L_0x55be8a2c4f90;
L_0x55be8a2c5230 .part L_0x55be8a2c4740, 0, 30;
L_0x55be8a2c52d0 .concat [ 2 30 0 0], L_0x7f3538e91180, L_0x55be8a2c5230;
L_0x55be8a2c5490 .arith/sum 32, L_0x55be8a2c5080, L_0x55be8a2c52d0;
L_0x55be8a2c55d0 .arith/sum 32, L_0x55be8a2c5490, L_0x55be8a2c4740;
L_0x55be8a2c5750 .part v0x55be8a2b39c0_0, 0, 21;
L_0x55be8a2c57f0 .concat [ 11 21 0 0], L_0x7f3538e911c8, L_0x55be8a2c5750;
L_0x55be8a2c59d0 .part v0x55be8a2b39c0_0, 0, 25;
L_0x55be8a2c5a70 .concat [ 7 25 0 0], L_0x7f3538e91210, L_0x55be8a2c59d0;
L_0x55be8a2c5930 .arith/sum 32, L_0x55be8a2c57f0, L_0x55be8a2c5a70;
L_0x55be8a2c5cb0 .part v0x55be8a2b39c0_0, 0, 26;
L_0x55be8a2c5e10 .concat [ 6 26 0 0], L_0x7f3538e91258, L_0x55be8a2c5cb0;
L_0x55be8a2c5f00 .arith/sum 32, L_0x55be8a2c5930, L_0x55be8a2c5e10;
L_0x55be8a2c6110 .part v0x55be8a2b39c0_0, 0, 27;
L_0x55be8a2c61b0 .concat [ 5 27 0 0], L_0x7f3538e912a0, L_0x55be8a2c6110;
L_0x55be8a2c63d0 .arith/sum 32, L_0x55be8a2c5f00, L_0x55be8a2c61b0;
L_0x55be8a2c6510 .part v0x55be8a2b39c0_0, 0, 30;
L_0x55be8a2c66a0 .concat [ 2 30 0 0], L_0x7f3538e912e8, L_0x55be8a2c6510;
L_0x55be8a2c67e0 .arith/sum 32, L_0x55be8a2c63d0, L_0x55be8a2c66a0;
L_0x55be8a2c6a20 .part v0x55be8a2b3a90_0, 0, 21;
L_0x55be8a2c6ac0 .concat [ 11 21 0 0], L_0x7f3538e91330, L_0x55be8a2c6a20;
L_0x55be8a2c6d10 .part v0x55be8a2b3a90_0, 0, 22;
L_0x55be8a2c6e40 .concat [ 10 22 0 0], L_0x7f3538e91378, L_0x55be8a2c6d10;
L_0x55be8a2c7080 .arith/sum 32, L_0x55be8a2c6ac0, L_0x55be8a2c6e40;
L_0x55be8a2c71c0 .part v0x55be8a2b3a90_0, 0, 24;
L_0x55be8a2c6f60 .concat [ 8 24 0 0], L_0x7f3538e913c0, L_0x55be8a2c71c0;
L_0x55be8a2c73e0 .arith/sum 32, L_0x55be8a2c7080, L_0x55be8a2c6f60;
L_0x55be8a2c7660 .part v0x55be8a2b3a90_0, 0, 26;
L_0x55be8a2c7700 .concat [ 6 26 0 0], L_0x7f3538e91408, L_0x55be8a2c7660;
L_0x55be8a2c7990 .arith/sum 32, L_0x55be8a2c73e0, L_0x55be8a2c7700;
L_0x55be8a2c7ad0 .part v0x55be8a2b3a90_0, 0, 29;
L_0x55be8a2c7cd0 .concat [ 3 29 0 0], L_0x7f3538e91450, L_0x55be8a2c7ad0;
L_0x55be8a2c7e10 .arith/sum 32, L_0x55be8a2c7990, L_0x55be8a2c7cd0;
L_0x55be8a2c80c0 .part v0x55be8a2b3a90_0, 0, 30;
L_0x55be8a2c8160 .concat [ 2 30 0 0], L_0x7f3538e91498, L_0x55be8a2c80c0;
L_0x55be8a2c8420 .arith/sum 32, L_0x55be8a2c7e10, L_0x55be8a2c8160;
L_0x55be8a2c8560 .part v0x55be8a2b3a90_0, 0, 31;
L_0x55be8a2c8790 .concat [ 1 31 0 0], L_0x7f3538e914e0, L_0x55be8a2c8560;
L_0x55be8a2c88d0 .arith/sum 32, L_0x55be8a2c8420, L_0x55be8a2c8790;
L_0x55be8a2c8bb0 .arith/sum 32, L_0x55be8a2c55d0, L_0x55be8a2c67e0;
L_0x55be8a2c8cf0 .arith/sub 32, L_0x55be8a2c55d0, L_0x55be8a2c88d0;
L_0x55be8a2c8f90 .arith/sum 32, v0x55be8a2b3b60_0, v0x55be8a2b3c30_0;
L_0x55be8a2c90d0 .part L_0x55be8a2c8f90, 0, 21;
L_0x55be8a2c9380 .concat [ 11 21 0 0], L_0x7f3538e91528, L_0x55be8a2c90d0;
L_0x55be8a2c94c0 .part L_0x55be8a2c8f90, 0, 24;
L_0x55be8a2c9730 .concat [ 8 24 0 0], L_0x7f3538e91570, L_0x55be8a2c94c0;
L_0x55be8a2c9870 .arith/sum 32, L_0x55be8a2c9380, L_0x55be8a2c9730;
L_0x55be8a2c9b90 .part L_0x55be8a2c8f90, 0, 26;
L_0x55be8a2c9c30 .concat [ 6 26 0 0], L_0x7f3538e915b8, L_0x55be8a2c9b90;
L_0x55be8a2c9f10 .arith/sum 32, L_0x55be8a2c9870, L_0x55be8a2c9c30;
L_0x55be8a2ca050 .part L_0x55be8a2c8f90, 0, 27;
L_0x55be8a2ca2f0 .concat [ 5 27 0 0], L_0x7f3538e91600, L_0x55be8a2ca050;
L_0x55be8a2ca430 .arith/sum 32, L_0x55be8a2c9f10, L_0x55be8a2ca2f0;
L_0x55be8a2ca780 .part L_0x55be8a2c8f90, 0, 29;
L_0x55be8a2ca820 .concat [ 3 29 0 0], L_0x7f3538e91648, L_0x55be8a2ca780;
L_0x55be8a2cab80 .arith/sum 32, L_0x55be8a2ca430, L_0x55be8a2ca820;
L_0x55be8a2cacc0 .part v0x55be8a2b3b60_0, 0, 23;
L_0x55be8a2caf90 .concat [ 9 23 0 0], L_0x7f3538e91690, L_0x55be8a2cacc0;
L_0x55be8a2cb0d0 .part v0x55be8a2b3b60_0, 0, 24;
L_0x55be8a2cb3b0 .concat [ 8 24 0 0], L_0x7f3538e916d8, L_0x55be8a2cb0d0;
L_0x55be8a2cb4a0 .arith/sum 32, L_0x55be8a2caf90, L_0x55be8a2cb3b0;
L_0x55be8a2cb830 .part v0x55be8a2b3b60_0, 0, 28;
L_0x55be8a2cb8d0 .concat [ 4 28 0 0], L_0x7f3538e91720, L_0x55be8a2cb830;
L_0x55be8a2cbc70 .arith/sum 32, L_0x55be8a2cb4a0, L_0x55be8a2cb8d0;
L_0x55be8a2cbdb0 .part v0x55be8a2b3b60_0, 0, 29;
L_0x55be8a2cc0c0 .concat [ 3 29 0 0], L_0x7f3538e91768, L_0x55be8a2cbdb0;
L_0x55be8a2cc200 .arith/sum 32, L_0x55be8a2cbc70, L_0x55be8a2cc0c0;
L_0x55be8a2cc5c0 .part v0x55be8a2b3b60_0, 0, 30;
L_0x55be8a2cc660 .concat [ 2 30 0 0], L_0x7f3538e917b0, L_0x55be8a2cc5c0;
L_0x55be8a2cca30 .arith/sum 32, L_0x55be8a2cc200, L_0x55be8a2cc660;
L_0x55be8a2ccb70 .part v0x55be8a2b3b60_0, 0, 31;
L_0x55be8a2ccfc0 .concat [ 1 31 0 0], L_0x7f3538e917f8, L_0x55be8a2ccb70;
L_0x55be8a2cd100 .arith/sum 32, L_0x55be8a2cca30, L_0x55be8a2ccfc0;
L_0x55be8a2cd4f0 .arith/sum 32, L_0x55be8a2cd100, v0x55be8a2b3b60_0;
L_0x55be8a2cd5e0 .part v0x55be8a2b3c30_0, 0, 21;
L_0x55be8a2cd940 .concat [ 11 21 0 0], L_0x7f3538e91840, L_0x55be8a2cd5e0;
L_0x55be8a2cda80 .part v0x55be8a2b3b60_0, 0, 22;
L_0x55be8a2cddf0 .concat [ 10 22 0 0], L_0x7f3538e91888, L_0x55be8a2cda80;
L_0x55be8a2cdf30 .arith/sum 32, L_0x55be8a2cd940, L_0x55be8a2cddf0;
L_0x55be8a2ce350 .part v0x55be8a2b3b60_0, 0, 23;
L_0x55be8a2ce3f0 .concat [ 9 23 0 0], L_0x7f3538e918d0, L_0x55be8a2ce350;
L_0x55be8a2ce820 .arith/sum 32, L_0x55be8a2cdf30, L_0x55be8a2ce3f0;
L_0x55be8a2ce960 .part v0x55be8a2b3b60_0, 0, 24;
L_0x55be8a2ced00 .concat [ 8 24 0 0], L_0x7f3538e91918, L_0x55be8a2ce960;
L_0x55be8a2cee40 .arith/sum 32, L_0x55be8a2ce820, L_0x55be8a2ced00;
L_0x55be8a2cf290 .part v0x55be8a2b3b60_0, 0, 25;
L_0x55be8a2cf330 .concat [ 7 25 0 0], L_0x7f3538e91960, L_0x55be8a2cf290;
L_0x55be8a2cf790 .arith/sum 32, L_0x55be8a2cee40, L_0x55be8a2cf330;
L_0x55be8a2cf8d0 .part v0x55be8a2b3b60_0, 0, 27;
L_0x55be8a2cfca0 .concat [ 5 27 0 0], L_0x7f3538e919a8, L_0x55be8a2cf8d0;
L_0x55be8a2cfde0 .arith/sum 32, L_0x55be8a2cf790, L_0x55be8a2cfca0;
L_0x55be8a2d0260 .part v0x55be8a2b3b60_0, 0, 28;
L_0x55be8a2d0300 .concat [ 4 28 0 0], L_0x7f3538e919f0, L_0x55be8a2d0260;
L_0x55be8a2d0790 .arith/sum 32, L_0x55be8a2cfde0, L_0x55be8a2d0300;
L_0x55be8a2d08d0 .arith/sum 32, L_0x55be8a2d0790, v0x55be8a2b3b60_0;
L_0x55be8a2d0d20 .arith/sub 32, L_0x55be8a2cab80, L_0x55be8a2cd4f0;
L_0x55be8a2d0e60 .arith/sub 32, L_0x55be8a2cab80, L_0x55be8a2d08d0;
L_0x55be8a2d12c0 .arith/sum 32, v0x55be8a2b3820_0, v0x55be8a2b38f0_0;
L_0x55be8a2d1400 .part L_0x55be8a2d12c0, 0, 22;
L_0x55be8a2d1870 .concat [ 10 22 0 0], L_0x7f3538e91a38, L_0x55be8a2d1400;
L_0x55be8a2d19b0 .part L_0x55be8a2d12c0, 0, 26;
L_0x55be8a2d1de0 .concat [ 6 26 0 0], L_0x7f3538e91a80, L_0x55be8a2d19b0;
L_0x55be8a2d1f20 .arith/sum 32, L_0x55be8a2d1870, L_0x55be8a2d1de0;
L_0x55be8a2d2400 .part L_0x55be8a2d12c0, 0, 28;
L_0x55be8a2d24a0 .concat [ 4 28 0 0], L_0x7f3538e91ac8, L_0x55be8a2d2400;
L_0x55be8a2d2940 .arith/sum 32, L_0x55be8a2d1f20, L_0x55be8a2d24a0;
L_0x55be8a2d2a80 .part L_0x55be8a2d12c0, 0, 30;
L_0x55be8a2d2ee0 .concat [ 2 30 0 0], L_0x7f3538e91b10, L_0x55be8a2d2a80;
L_0x55be8a2d3020 .arith/sum 32, L_0x55be8a2d2940, L_0x55be8a2d2ee0;
L_0x55be8a2d3530 .part v0x55be8a2b3820_0, 0, 21;
L_0x55be8a2d35d0 .concat [ 11 21 0 0], L_0x7f3538e91b58, L_0x55be8a2d3530;
L_0x55be8a2d3af0 .part v0x55be8a2b3820_0, 0, 22;
L_0x55be8a2d3c20 .concat [ 10 22 0 0], L_0x7f3538e91ba0, L_0x55be8a2d3af0;
L_0x55be8a2d4100 .arith/sum 32, L_0x55be8a2d35d0, L_0x55be8a2d3c20;
L_0x55be8a2d4240 .part v0x55be8a2b3820_0, 0, 23;
L_0x55be8a2d46e0 .concat [ 9 23 0 0], L_0x7f3538e91be8, L_0x55be8a2d4240;
L_0x55be8a2d4820 .arith/sum 32, L_0x55be8a2d4100, L_0x55be8a2d46e0;
L_0x55be8a2d4d70 .part v0x55be8a2b3820_0, 0, 25;
L_0x55be8a2d4e10 .concat [ 7 25 0 0], L_0x7f3538e91c30, L_0x55be8a2d4d70;
L_0x55be8a2d5370 .arith/sum 32, L_0x55be8a2d4820, L_0x55be8a2d4e10;
L_0x55be8a2d54b0 .part v0x55be8a2b3820_0, 0, 26;
L_0x55be8a2d4f50 .concat [ 6 26 0 0], L_0x7f3538e91c78, L_0x55be8a2d54b0;
L_0x55be8a2d5090 .arith/sum 32, L_0x55be8a2d5370, L_0x55be8a2d4f50;
L_0x55be8a2d51d0 .part v0x55be8a2b3820_0, 0, 29;
L_0x55be8a2d5270 .concat [ 3 29 0 0], L_0x7f3538e91cc0, L_0x55be8a2d51d0;
L_0x55be8a2d5550 .arith/sum 32, L_0x55be8a2d5090, L_0x55be8a2d5270;
L_0x55be8a2d5690 .part v0x55be8a2b38f0_0, 0, 22;
L_0x55be8a2d5730 .concat [ 10 22 0 0], L_0x7f3538e91d08, L_0x55be8a2d5690;
L_0x55be8a2d5870 .part v0x55be8a2b38f0_0, 0, 23;
L_0x55be8a2d5e50 .concat [ 9 23 0 0], L_0x7f3538e91d50, L_0x55be8a2d5870;
L_0x55be8a2d5ef0 .arith/sum 32, L_0x55be8a2d5730, L_0x55be8a2d5e50;
L_0x55be8a2d59e0 .part v0x55be8a2b38f0_0, 0, 27;
L_0x55be8a2d5a80 .concat [ 5 27 0 0], L_0x7f3538e91d98, L_0x55be8a2d59e0;
L_0x55be8a2d5bc0 .arith/sum 32, L_0x55be8a2d5ef0, L_0x55be8a2d5a80;
L_0x55be8a2d5d00 .arith/sub 32, L_0x55be8a2d3020, L_0x55be8a2d5550;
L_0x55be8a2d64d0 .arith/sum 32, L_0x55be8a2d3020, L_0x55be8a2d5bc0;
L_0x55be8a2d65c0 .part v0x55be8a2b3780_0, 0, 21;
L_0x55be8a2d6030 .concat [ 11 21 0 0], L_0x7f3538e91de0, L_0x55be8a2d65c0;
L_0x55be8a2d6170 .arith/sum 32, L_0x55be8a2c4600, L_0x55be8a2d6030;
L_0x55be8a2d62b0 .part v0x55be8a2b3780_0, 0, 21;
L_0x55be8a2d6350 .concat [ 11 21 0 0], L_0x7f3538e91e28, L_0x55be8a2d62b0;
L_0x55be8a2d6b80 .arith/sub 32, L_0x55be8a2c4600, L_0x55be8a2d6350;
L_0x55be8a2d6c70 .delay 32 (10,10,10) L_0x55be8a2d6c70/d;
L_0x55be8a2d6c70/d .arith/sum 32, L_0x55be8a2c8bb0, L_0x55be8a2d0d20;
L_0x55be8a2d66b0 .arith/sub 32, L_0x55be8a2c8bb0, L_0x55be8a2d0d20;
L_0x55be8a2d6750 .arith/sum 32, L_0x55be8a2c8cf0, L_0x55be8a2d0e60;
L_0x55be8a2d6890 .arith/sub 32, L_0x55be8a2c8cf0, L_0x55be8a2d0e60;
L_0x55be8a2d6930 .arith/sum 32, L_0x55be8a2d6170, L_0x55be8a2d64d0;
L_0x55be8a2d6a70 .arith/sub 32, L_0x55be8a2d6170, L_0x55be8a2d64d0;
L_0x55be8a2d7350 .arith/sum 32, L_0x55be8a2d6b80, L_0x55be8a2d5d00;
L_0x55be8a2d6e50 .arith/sub 32, L_0x55be8a2d6b80, L_0x55be8a2d5d00;
L_0x55be8a2d6ef0 .arith/sum 32, L_0x55be8a2d66b0, L_0x55be8a2d6890;
L_0x55be8a2d7030 .arith/sub 32, L_0x55be8a2d66b0, L_0x55be8a2d6890;
L_0x55be8a2d70d0 .part L_0x55be8a2d6ef0, 0, 25;
L_0x55be8a2d71c0 .concat [ 7 25 0 0], L_0x7f3538e91e70, L_0x55be8a2d70d0;
L_0x55be8a2d7970 .part L_0x55be8a2d6ef0, 0, 27;
L_0x55be8a2d7440 .concat [ 5 27 0 0], L_0x7f3538e91eb8, L_0x55be8a2d7970;
L_0x55be8a2d7530 .arith/sum 32, L_0x55be8a2d71c0, L_0x55be8a2d7440;
L_0x55be8a2d7670 .part L_0x55be8a2d6ef0, 0, 28;
L_0x55be8a2d77a0 .concat [ 4 28 0 0], L_0x7f3538e91f00, L_0x55be8a2d7670;
L_0x55be8a2d7890 .arith/sum 32, L_0x55be8a2d7530, L_0x55be8a2d77a0;
L_0x55be8a2d8010 .part L_0x55be8a2d6ef0, 0, 30;
L_0x55be8a2d7a10 .concat [ 2 30 0 0], L_0x7f3538e91f48, L_0x55be8a2d8010;
L_0x55be8a2d7b50 .arith/sum 32, L_0x55be8a2d7890, L_0x55be8a2d7a10;
L_0x55be8a2d7c90 .delay 32 (20,20,20) L_0x55be8a2d7c90/d;
L_0x55be8a2d7c90/d .arith/sum 32, L_0x55be8a2d7b50, L_0x55be8a2d6ef0;
L_0x55be8a2d7e20 .part L_0x55be8a2d7030, 0, 25;
L_0x55be8a2d8640 .concat [ 7 25 0 0], L_0x7f3538e91f90, L_0x55be8a2d7e20;
L_0x55be8a2d8730 .part L_0x55be8a2d7030, 0, 27;
L_0x55be8a2d80b0 .concat [ 5 27 0 0], L_0x7f3538e91fd8, L_0x55be8a2d8730;
L_0x55be8a2d81f0 .arith/sum 32, L_0x55be8a2d8640, L_0x55be8a2d80b0;
L_0x55be8a2d8330 .part L_0x55be8a2d7030, 0, 28;
L_0x55be8a2d8460 .concat [ 4 28 0 0], L_0x7f3538e92020, L_0x55be8a2d8330;
L_0x55be8a2d8550 .arith/sum 32, L_0x55be8a2d81f0, L_0x55be8a2d8460;
L_0x55be8a2d8de0 .part L_0x55be8a2d7030, 0, 30;
L_0x55be8a2d87d0 .concat [ 2 30 0 0], L_0x7f3538e92068, L_0x55be8a2d8de0;
L_0x55be8a2d8910 .arith/sum 32, L_0x55be8a2d8550, L_0x55be8a2d87d0;
L_0x55be8a2d8a50 .arith/sum 32, L_0x55be8a2d8910, L_0x55be8a2d7030;
L_0x55be8a2d8b40 .arith/sum 32, L_0x55be8a2d7c90, L_0x7f3538e920b0;
L_0x55be8a2d8c80 .part L_0x55be8a2d8b40, 8, 24;
L_0x55be8a2d9470 .extend/s 32, L_0x55be8a2d8c80;
L_0x55be8a2d8e80 .arith/sum 32, L_0x55be8a2d8a50, L_0x7f3538e920f8;
L_0x55be8a2d8fc0 .part L_0x55be8a2d8e80, 8, 24;
L_0x55be8a2d90b0 .extend/s 32, L_0x55be8a2d8fc0;
L_0x55be8a2d91a0 .arith/sum 32, L_0x55be8a2d6930, L_0x55be8a2d6c70;
L_0x55be8a2d92e0 .part L_0x55be8a2d91a0, 8, 24;
L_0x55be8a2d93d0 .extend/s 32, L_0x55be8a2d92e0;
L_0x55be8a2d9560 .arith/sum 32, L_0x55be8a2d7350, L_0x55be8a2d9470;
L_0x55be8a2d96a0 .part L_0x55be8a2d9560, 8, 24;
L_0x55be8a2d9790 .extend/s 32, L_0x55be8a2d96a0;
L_0x55be8a2d9880 .arith/sum 32, L_0x55be8a2d6e50, L_0x55be8a2d90b0;
L_0x55be8a2d99c0 .part L_0x55be8a2d9880, 8, 24;
L_0x55be8a2d9ab0 .extend/s 32, L_0x55be8a2d99c0;
L_0x55be8a2d9bd0 .arith/sum 32, L_0x55be8a2d6a70, L_0x55be8a2d6750;
L_0x55be8a2d9d10 .part L_0x55be8a2d9bd0, 8, 24;
L_0x55be8a2d9e00 .extend/s 32, L_0x55be8a2d9d10;
L_0x55be8a2d9ef0 .arith/sub 32, L_0x55be8a2d6a70, L_0x55be8a2d6750;
L_0x55be8a2d9f90 .part L_0x55be8a2d9ef0, 8, 24;
L_0x55be8a2da080 .extend/s 32, L_0x55be8a2d9f90;
L_0x55be8a2da170 .arith/sub 32, L_0x55be8a2d6e50, L_0x55be8a2d90b0;
L_0x55be8a2da900 .part L_0x55be8a2da170, 8, 24;
L_0x55be8a2da270 .extend/s 32, L_0x55be8a2da900;
L_0x55be8a2da360 .arith/sub 32, L_0x55be8a2d7350, L_0x55be8a2d9470;
L_0x55be8a2da400 .part L_0x55be8a2da360, 8, 24;
L_0x55be8a2da4f0 .extend/s 32, L_0x55be8a2da400;
L_0x55be8a2da5e0 .arith/sub 32, L_0x55be8a2d6930, L_0x55be8a2d6c70;
L_0x55be8a2da680 .part L_0x55be8a2da5e0, 8, 24;
L_0x55be8a2da770 .extend/s 32, L_0x55be8a2da680;
    .scope S_0x55be8a265d80;
T_0 ;
    %wait E_0x55be8a21a940;
    %pushi/vec4 0, 0, 1;
    %store/vec4 v0x55be8a2af750_0, 0, 1;
    %load/vec4 v0x55be8a2b1760_0;
    %ix/load 4, 11, 0;
    %flag_set/imm 4, 0;
    %shiftl 4;
    %load/vec4 v0x55be8a2b1840_0;
    %or;
    %load/vec4 v0x55be8a2b1ae0_0;
    %or;
    %load/vec4 v0x55be8a2b1ca0_0;
    %or;
    %load/vec4 v0x55be8a2b1f40_0;
    %or;
    %load/vec4 v0x55be8a2b2100_0;
    %or;
    %load/vec4 v0x55be8a2b22c0_0;
    %or;
    %cmpi/e 0, 0, 32;
    %jmp/0xz  T_0.0, 4;
    %load/vec4 v0x55be8a2b15a0_0;
    %ix/load 4, 3, 0;
    %flag_set/imm 4, 0;
    %shiftl 4;
    %replicate 8;
    %split/vec4 32;
    %store/vec4 v0x55be8a2a1b30_0, 0, 32;
    %split/vec4 32;
    %store/vec4 v0x55be8a2a1a50_0, 0, 32;
    %split/vec4 32;
    %store/vec4 v0x55be8a2a1970_0, 0, 32;
    %split/vec4 32;
    %store/vec4 v0x55be8a2a1840_0, 0, 32;
    %split/vec4 32;
    %store/vec4 v0x55be8a2a1760_0, 0, 32;
    %split/vec4 32;
    %store/vec4 v0x55be8a2a16a0_0, 0, 32;
    %split/vec4 32;
    %store/vec4 v0x55be8a2a15c0_0, 0, 32;
    %store/vec4 v0x55be8a216290_0, 0, 32;
    %pushi/vec4 1, 0, 1;
    %store/vec4 v0x55be8a2af750_0, 0, 1;
    %jmp T_0.1;
T_0.0 ;
    %vpi_call 3 113 "$display", $time, "%d %d %d %d %d %d %d %d", v0x55be8a216290_0, v0x55be8a2a15c0_0, v0x55be8a2a16a0_0, v0x55be8a2a1760_0, v0x55be8a2a1840_0, v0x55be8a2a1970_0, v0x55be8a2a1a50_0, v0x55be8a2a1b30_0 {0 0 0};
    %load/vec4 v0x55be8a2b2b80_0;
    %load/vec4 v0x55be8a2b2c60_0;
    %concat/vec4; draw_concat_vec4
    %load/vec4 v0x55be8a2b2d40_0;
    %concat/vec4; draw_concat_vec4
    %load/vec4 v0x55be8a2b2e20_0;
    %concat/vec4; draw_concat_vec4
    %load/vec4 v0x55be8a2b2f00_0;
    %concat/vec4; draw_concat_vec4
    %load/vec4 v0x55be8a2b2fe0_0;
    %concat/vec4; draw_concat_vec4
    %load/vec4 v0x55be8a2b30c0_0;
    %concat/vec4; draw_concat_vec4
    %split/vec4 32;
    %store/vec4 v0x55be8a2a1a50_0, 0, 32;
    %split/vec4 32;
    %store/vec4 v0x55be8a2a1970_0, 0, 32;
    %split/vec4 32;
    %store/vec4 v0x55be8a2a1840_0, 0, 32;
    %split/vec4 32;
    %store/vec4 v0x55be8a2a1760_0, 0, 32;
    %split/vec4 32;
    %store/vec4 v0x55be8a2a16a0_0, 0, 32;
    %split/vec4 32;
    %store/vec4 v0x55be8a2a15c0_0, 0, 32;
    %store/vec4 v0x55be8a216290_0, 0, 32;
    %delay 10, 0;
    %load/vec4 v0x55be8a2b31a0_0;
    %store/vec4 v0x55be8a2a1b30_0, 0, 32;
    %load/vec4 v0x55be8a2b2480_0;
    %load/vec4 v0x55be8a216290_0;
    %cmp/e;
    %flag_get/vec4 4;
    %load/vec4 v0x55be8a2b2560_0;
    %load/vec4 v0x55be8a2a15c0_0;
    %cmp/e;
    %flag_get/vec4 4;
    %and;
    %load/vec4 v0x55be8a2b2640_0;
    %load/vec4 v0x55be8a2a16a0_0;
    %cmp/e;
    %flag_get/vec4 4;
    %and;
    %load/vec4 v0x55be8a2b2720_0;
    %load/vec4 v0x55be8a2a1760_0;
    %cmp/e;
    %flag_get/vec4 4;
    %and;
    %load/vec4 v0x55be8a2b2800_0;
    %load/vec4 v0x55be8a2a1840_0;
    %cmp/e;
    %flag_get/vec4 4;
    %and;
    %load/vec4 v0x55be8a2b28e0_0;
    %load/vec4 v0x55be8a2a1970_0;
    %cmp/e;
    %flag_get/vec4 4;
    %and;
    %load/vec4 v0x55be8a2b29c0_0;
    %load/vec4 v0x55be8a2a1a50_0;
    %cmp/e;
    %flag_get/vec4 4;
    %and;
    %load/vec4 v0x55be8a2b2aa0_0;
    %load/vec4 v0x55be8a2a1b30_0;
    %cmp/e;
    %flag_get/vec4 4;
    %and;
    %store/vec4 v0x55be8a2af750_0, 0, 1;
T_0.1 ;
    %jmp T_0;
    .thread T_0, $push;
    .scope S_0x55be8a265d80;
T_1 ;
    %wait E_0x55be8a21a810;
    %load/vec4 v0x55be8a2b1080_0;
    %flag_set/vec4 8;
    %jmp/0xz  T_1.0, 8;
    %pushi/vec4 0, 0, 1;
    %assign/vec4 v0x55be8a2b0fc0_0, 0;
    %pushi/vec4 0, 0, 256;
    %split/vec4 32;
    %assign/vec4 v0x55be8a2b2aa0_0, 0;
    %split/vec4 32;
    %assign/vec4 v0x55be8a2b29c0_0, 0;
    %split/vec4 32;
    %assign/vec4 v0x55be8a2b28e0_0, 0;
    %split/vec4 32;
    %assign/vec4 v0x55be8a2b2800_0, 0;
    %split/vec4 32;
    %assign/vec4 v0x55be8a2b2720_0, 0;
    %split/vec4 32;
    %assign/vec4 v0x55be8a2b2640_0, 0;
    %split/vec4 32;
    %assign/vec4 v0x55be8a2b2560_0, 0;
    %assign/vec4 v0x55be8a2b2480_0, 0;
    %jmp T_1.1;
T_1.0 ;
    %load/vec4 v0x55be8a216290_0;
    %load/vec4 v0x55be8a2a15c0_0;
    %concat/vec4; draw_concat_vec4
    %load/vec4 v0x55be8a2a16a0_0;
    %concat/vec4; draw_concat_vec4
    %load/vec4 v0x55be8a2a1760_0;
    %concat/vec4; draw_concat_vec4
    %load/vec4 v0x55be8a2a1840_0;
    %concat/vec4; draw_concat_vec4
    %load/vec4 v0x55be8a2a1970_0;
    %concat/vec4; draw_concat_vec4
    %load/vec4 v0x55be8a2a1a50_0;
    %concat/vec4; draw_concat_vec4
    %load/vec4 v0x55be8a2a1b30_0;
    %concat/vec4; draw_concat_vec4
    %split/vec4 32;
    %assign/vec4 v0x55be8a2b2aa0_0, 0;
    %split/vec4 32;
    %assign/vec4 v0x55be8a2b29c0_0, 0;
    %split/vec4 32;
    %assign/vec4 v0x55be8a2b28e0_0, 0;
    %split/vec4 32;
    %assign/vec4 v0x55be8a2b2800_0, 0;
    %split/vec4 32;
    %assign/vec4 v0x55be8a2b2720_0, 0;
    %split/vec4 32;
    %assign/vec4 v0x55be8a2b2640_0, 0;
    %split/vec4 32;
    %assign/vec4 v0x55be8a2b2560_0, 0;
    %assign/vec4 v0x55be8a2b2480_0, 0;
    %load/vec4 v0x55be8a2af750_0;
    %flag_set/vec4 8;
    %jmp/0xz  T_1.2, 8;
    %pushi/vec4 1, 0, 1;
    %assign/vec4 v0x55be8a2b0fc0_0, 0;
    %jmp T_1.3;
T_1.2 ;
    %pushi/vec4 0, 0, 1;
    %assign/vec4 v0x55be8a2b0fc0_0, 0;
T_1.3 ;
T_1.1 ;
    %jmp T_1;
    .thread T_1;
    .scope S_0x55be8a266430;
T_2 ;
    %delay 5, 0;
    %load/vec4 v0x55be8a209820_0;
    %nor/r;
    %store/vec4 v0x55be8a209820_0, 0, 1;
    %jmp T_2;
    .thread T_2;
    .scope S_0x55be8a266430;
T_3 ;
    %pushi/vec4 1, 0, 1;
    %store/vec4 v0x55be8a209820_0, 0, 1;
    %pushi/vec4 1, 0, 1;
    %store/vec4 v0x55be8a2b3640_0, 0, 1;
    %pushi/vec4 1, 0, 32;
    %store/vec4 v0x55be8a2b36e0_0, 0, 32;
    %pushi/vec4 1, 0, 32;
    %store/vec4 v0x55be8a2b3780_0, 0, 32;
    %pushi/vec4 1, 0, 32;
    %store/vec4 v0x55be8a2b3820_0, 0, 32;
    %pushi/vec4 1, 0, 32;
    %store/vec4 v0x55be8a2b38f0_0, 0, 32;
    %pushi/vec4 1, 0, 32;
    %store/vec4 v0x55be8a2b39c0_0, 0, 32;
    %pushi/vec4 1, 0, 32;
    %store/vec4 v0x55be8a2b3a90_0, 0, 32;
    %pushi/vec4 1, 0, 32;
    %store/vec4 v0x55be8a2b3b60_0, 0, 32;
    %pushi/vec4 1, 0, 32;
    %store/vec4 v0x55be8a2b3c30_0, 0, 32;
    %vpi_call 2 28 "$display", $time, "%d %d %d %d %d %d %d %d %d", v0x55be8a2b3d00_0, v0x55be8a2b3dd0_0, v0x55be8a2b3ea0_0, v0x55be8a2b3f70_0, v0x55be8a2b4040_0, v0x55be8a2b4110_0, v0x55be8a2b41e0_0, v0x55be8a2b42b0_0, v0x55be8a2b35a0_0 {0 0 0};
    %wait E_0x55be8a21a810;
    %vpi_call 2 30 "$display", $time, "%d %d %d %d %d %d %d %d %d", v0x55be8a2b3d00_0, v0x55be8a2b3dd0_0, v0x55be8a2b3ea0_0, v0x55be8a2b3f70_0, v0x55be8a2b4040_0, v0x55be8a2b4110_0, v0x55be8a2b41e0_0, v0x55be8a2b42b0_0, v0x55be8a2b35a0_0 {0 0 0};
    %delay 1, 0;
    %pushi/vec4 0, 0, 1;
    %store/vec4 v0x55be8a2b3640_0, 0, 1;
    %vpi_call 2 32 "$display", $time, "%d %d %d %d %d %d %d %d %d", v0x55be8a2b3d00_0, v0x55be8a2b3dd0_0, v0x55be8a2b3ea0_0, v0x55be8a2b3f70_0, v0x55be8a2b4040_0, v0x55be8a2b4110_0, v0x55be8a2b41e0_0, v0x55be8a2b42b0_0, v0x55be8a2b35a0_0 {0 0 0};
    %delay 9, 0;
    %vpi_call 2 33 "$display", $time, "%d %d %d %d %d %d %d %d %d", v0x55be8a2b3d00_0, v0x55be8a2b3dd0_0, v0x55be8a2b3ea0_0, v0x55be8a2b3f70_0, v0x55be8a2b4040_0, v0x55be8a2b4110_0, v0x55be8a2b41e0_0, v0x55be8a2b42b0_0, v0x55be8a2b35a0_0 {0 0 0};
    %delay 10, 0;
    %vpi_call 2 34 "$display", $time, "%d %d %d %d %d %d %d %d %d", v0x55be8a2b3d00_0, v0x55be8a2b3dd0_0, v0x55be8a2b3ea0_0, v0x55be8a2b3f70_0, v0x55be8a2b4040_0, v0x55be8a2b4110_0, v0x55be8a2b41e0_0, v0x55be8a2b42b0_0, v0x55be8a2b35a0_0 {0 0 0};
    %delay 10, 0;
    %vpi_call 2 35 "$display", $time, "%d %d %d %d %d %d %d %d %d", v0x55be8a2b3d00_0, v0x55be8a2b3dd0_0, v0x55be8a2b3ea0_0, v0x55be8a2b3f70_0, v0x55be8a2b4040_0, v0x55be8a2b4110_0, v0x55be8a2b41e0_0, v0x55be8a2b42b0_0, v0x55be8a2b35a0_0 {0 0 0};
    %delay 10, 0;
    %vpi_call 2 36 "$display", $time, "%d %d %d %d %d %d %d %d %d", v0x55be8a2b3d00_0, v0x55be8a2b3dd0_0, v0x55be8a2b3ea0_0, v0x55be8a2b3f70_0, v0x55be8a2b4040_0, v0x55be8a2b4110_0, v0x55be8a2b41e0_0, v0x55be8a2b42b0_0, v0x55be8a2b35a0_0 {0 0 0};
    %delay 10, 0;
    %vpi_call 2 37 "$display", $time, "%d %d %d %d %d %d %d %d %d", v0x55be8a2b3d00_0, v0x55be8a2b3dd0_0, v0x55be8a2b3ea0_0, v0x55be8a2b3f70_0, v0x55be8a2b4040_0, v0x55be8a2b4110_0, v0x55be8a2b41e0_0, v0x55be8a2b42b0_0, v0x55be8a2b35a0_0 {0 0 0};
    %delay 10, 0;
    %vpi_call 2 38 "$display", $time, "%d %d %d %d %d %d %d %d %d", v0x55be8a2b3d00_0, v0x55be8a2b3dd0_0, v0x55be8a2b3ea0_0, v0x55be8a2b3f70_0, v0x55be8a2b4040_0, v0x55be8a2b4110_0, v0x55be8a2b41e0_0, v0x55be8a2b42b0_0, v0x55be8a2b35a0_0 {0 0 0};
    %delay 10, 0;
    %vpi_call 2 39 "$display", $time, "%d %d %d %d %d %d %d %d %d", v0x55be8a2b3d00_0, v0x55be8a2b3dd0_0, v0x55be8a2b3ea0_0, v0x55be8a2b3f70_0, v0x55be8a2b4040_0, v0x55be8a2b4110_0, v0x55be8a2b41e0_0, v0x55be8a2b42b0_0, v0x55be8a2b35a0_0 {0 0 0};
    %delay 10, 0;
    %vpi_call 2 40 "$display", $time, "%d %d %d %d %d %d %d %d %d", v0x55be8a2b3d00_0, v0x55be8a2b3dd0_0, v0x55be8a2b3ea0_0, v0x55be8a2b3f70_0, v0x55be8a2b4040_0, v0x55be8a2b4110_0, v0x55be8a2b41e0_0, v0x55be8a2b42b0_0, v0x55be8a2b35a0_0 {0 0 0};
    %delay 10, 0;
    %vpi_call 2 41 "$display", $time, "%d %d %d %d %d %d %d %d %d", v0x55be8a2b3d00_0, v0x55be8a2b3dd0_0, v0x55be8a2b3ea0_0, v0x55be8a2b3f70_0, v0x55be8a2b4040_0, v0x55be8a2b4110_0, v0x55be8a2b41e0_0, v0x55be8a2b42b0_0, v0x55be8a2b35a0_0 {0 0 0};
    %delay 10, 0;
    %vpi_call 2 42 "$display", $time, "%d %d %d %d %d %d %d %d %d", v0x55be8a2b3d00_0, v0x55be8a2b3dd0_0, v0x55be8a2b3ea0_0, v0x55be8a2b3f70_0, v0x55be8a2b4040_0, v0x55be8a2b4110_0, v0x55be8a2b41e0_0, v0x55be8a2b42b0_0, v0x55be8a2b35a0_0 {0 0 0};
    %vpi_call 2 44 "$finish" {0 0 0};
    %end;
    .thread T_3;
# The file index is used to find the file name in the following table.
:file_names 4;
    "N/A";
    "<interactive>";
    "tb.v";
    "rowidct.v";
