#! /usr/bin/vvp
:ivl_version "10.3 (stable)";
:ivl_delay_selection "TYPICAL";
:vpi_time_precision - 12;
:vpi_module "system";
:vpi_module "vhdl_sys";
:vpi_module "v2005_math";
:vpi_module "va_math";
S_0x5625131b1820 .scope module, "testbench" "testbench" 2 3;
 .timescale -9 -12;
v0x562513141b70_0 .var "clk", 0 0;
v0x5625131e50c0_0 .net "rdy", 0 0, v0x5625131da940_0;  1 drivers
v0x5625131e5160_0 .var "reset", 0 0;
v0x5625131e5200_0 .var/s "x0", 31 0;
v0x5625131e52a0_0 .var/s "x1", 31 0;
v0x5625131e5340_0 .var/s "x2", 31 0;
v0x5625131e5410_0 .var/s "x3", 31 0;
v0x5625131e54e0_0 .var/s "x4", 31 0;
v0x5625131e55b0_0 .var/s "x5", 31 0;
v0x5625131e5680_0 .var/s "x6", 31 0;
v0x5625131e5750_0 .var/s "x7", 31 0;
v0x5625131e5820_0 .net/s "y0", 31 0, v0x5625131e3fa0_0;  1 drivers
v0x5625131e58f0_0 .net/s "y1", 31 0, v0x5625131e4080_0;  1 drivers
v0x5625131e59c0_0 .net/s "y2", 31 0, v0x5625131e4160_0;  1 drivers
v0x5625131e5a90_0 .net/s "y3", 31 0, v0x5625131e4240_0;  1 drivers
v0x5625131e5b60_0 .net/s "y4", 31 0, v0x5625131e4320_0;  1 drivers
v0x5625131e5c30_0 .net/s "y5", 31 0, v0x5625131e4400_0;  1 drivers
v0x5625131e5d00_0 .net/s "y6", 31 0, v0x5625131e44e0_0;  1 drivers
v0x5625131e5dd0_0 .net/s "y7", 31 0, v0x5625131e45c0_0;  1 drivers
S_0x56251319db90 .scope module, "dut" "rowidct" 2 10, 3 11 0, S_0x5625131b1820;
 .timescale -9 -12;
    .port_info 0 /INPUT 1 "clk"
    .port_info 1 /INPUT 1 "reset"
    .port_info 2 /INPUT 32 "x0"
    .port_info 3 /INPUT 32 "x1"
    .port_info 4 /INPUT 32 "x2"
    .port_info 5 /INPUT 32 "x3"
    .port_info 6 /INPUT 32 "x4"
    .port_info 7 /INPUT 32 "x5"
    .port_info 8 /INPUT 32 "x6"
    .port_info 9 /INPUT 32 "x7"
    .port_info 10 /OUTPUT 32 "y0"
    .port_info 11 /OUTPUT 32 "y1"
    .port_info 12 /OUTPUT 32 "y2"
    .port_info 13 /OUTPUT 32 "y3"
    .port_info 14 /OUTPUT 32 "y4"
    .port_info 15 /OUTPUT 32 "y5"
    .port_info 16 /OUTPUT 32 "y6"
    .port_info 17 /OUTPUT 32 "y7"
    .port_info 18 /OUTPUT 1 "rdy"
L_0x5625131f6e20 .functor OR 32, L_0x562513208740, v0x5625131e5340_0, C4<00000000000000000000000000000000>, C4<00000000000000000000000000000000>;
L_0x5625131b5800 .functor OR 32, L_0x5625131f6e20, v0x5625131e5410_0, C4<00000000000000000000000000000000>, C4<00000000000000000000000000000000>;
L_0x5625131b5870 .functor OR 32, L_0x5625131b5800, v0x5625131e54e0_0, C4<00000000000000000000000000000000>, C4<00000000000000000000000000000000>;
L_0x56251320e900 .functor OR 32, L_0x5625131b5870, v0x5625131e55b0_0, C4<00000000000000000000000000000000>, C4<00000000000000000000000000000000>;
L_0x56251320e9c0 .functor OR 32, L_0x56251320e900, v0x5625131e5680_0, C4<00000000000000000000000000000000>, C4<00000000000000000000000000000000>;
L_0x56251320ea80 .functor OR 32, L_0x56251320e9c0, v0x5625131e5750_0, C4<00000000000000000000000000000000>, C4<00000000000000000000000000000000>;
v0x56251314f290_0 .net *"_s0", 31 0, L_0x5625131f5f80;  1 drivers
L_0x7f4b0caf13c0 .functor BUFT 1, C4<00000000>, C4<0>, C4<0>, C4<0>;
v0x5625131d30e0_0 .net *"_s100", 7 0, L_0x7f4b0caf13c0;  1 drivers
v0x5625131d31c0_0 .net/s *"_s102", 31 0, L_0x5625131f9180;  1 drivers
v0x5625131d3280_0 .net *"_s104", 31 0, L_0x5625131f94a0;  1 drivers
v0x5625131d3360_0 .net *"_s106", 25 0, L_0x5625131f9400;  1 drivers
L_0x7f4b0caf1408 .functor BUFT 1, C4<000000>, C4<0>, C4<0>, C4<0>;
v0x5625131d3490_0 .net *"_s108", 5 0, L_0x7f4b0caf1408;  1 drivers
v0x5625131d3570_0 .net/s *"_s110", 31 0, L_0x5625131f9730;  1 drivers
v0x5625131d3650_0 .net *"_s112", 31 0, L_0x5625131f9a70;  1 drivers
v0x5625131d3730_0 .net *"_s114", 28 0, L_0x5625131f9870;  1 drivers
L_0x7f4b0caf1450 .functor BUFT 1, C4<000>, C4<0>, C4<0>, C4<0>;
v0x5625131d3810_0 .net *"_s116", 2 0, L_0x7f4b0caf1450;  1 drivers
v0x5625131d38f0_0 .net/s *"_s118", 31 0, L_0x5625131f9bb0;  1 drivers
v0x5625131d39d0_0 .net *"_s12", 31 0, L_0x5625131f6600;  1 drivers
v0x5625131d3ab0_0 .net *"_s120", 31 0, L_0x5625131f9f00;  1 drivers
v0x5625131d3b90_0 .net *"_s122", 29 0, L_0x5625131f9e60;  1 drivers
L_0x7f4b0caf1498 .functor BUFT 1, C4<00>, C4<0>, C4<0>, C4<0>;
v0x5625131d3c70_0 .net *"_s124", 1 0, L_0x7f4b0caf1498;  1 drivers
v0x5625131d3d50_0 .net/s *"_s126", 31 0, L_0x5625131fa1c0;  1 drivers
v0x5625131d3e30_0 .net *"_s128", 31 0, L_0x5625131fa530;  1 drivers
v0x5625131d3f10_0 .net *"_s130", 30 0, L_0x5625131fa300;  1 drivers
L_0x7f4b0caf14e0 .functor BUFT 1, C4<0>, C4<0>, C4<0>, C4<0>;
v0x5625131d3ff0_0 .net *"_s132", 0 0, L_0x7f4b0caf14e0;  1 drivers
v0x5625131d40d0_0 .net *"_s14", 22 0, L_0x5625131f6510;  1 drivers
v0x5625131d41b0_0 .net *"_s142", 31 0, L_0x5625131fb4b0;  1 drivers
v0x5625131d4290_0 .net *"_s144", 20 0, L_0x5625131fb200;  1 drivers
L_0x7f4b0caf1528 .functor BUFT 1, C4<00000000000>, C4<0>, C4<0>, C4<0>;
v0x5625131d4370_0 .net *"_s146", 10 0, L_0x7f4b0caf1528;  1 drivers
v0x5625131d4450_0 .net *"_s148", 31 0, L_0x5625131fb860;  1 drivers
v0x5625131d4530_0 .net *"_s150", 23 0, L_0x5625131fb5f0;  1 drivers
L_0x7f4b0caf1570 .functor BUFT 1, C4<00000000>, C4<0>, C4<0>, C4<0>;
v0x5625131d4610_0 .net *"_s152", 7 0, L_0x7f4b0caf1570;  1 drivers
v0x5625131d46f0_0 .net/s *"_s154", 31 0, L_0x5625131fb9a0;  1 drivers
v0x5625131d47d0_0 .net *"_s156", 31 0, L_0x5625131fbd60;  1 drivers
v0x5625131d48b0_0 .net *"_s158", 25 0, L_0x5625131fbcc0;  1 drivers
L_0x7f4b0caf10a8 .functor BUFT 1, C4<000000000>, C4<0>, C4<0>, C4<0>;
v0x5625131d4990_0 .net *"_s16", 8 0, L_0x7f4b0caf10a8;  1 drivers
L_0x7f4b0caf15b8 .functor BUFT 1, C4<000000>, C4<0>, C4<0>, C4<0>;
v0x5625131d4a70_0 .net *"_s160", 5 0, L_0x7f4b0caf15b8;  1 drivers
v0x5625131d4b50_0 .net/s *"_s162", 31 0, L_0x5625131fc040;  1 drivers
v0x5625131d4c30_0 .net *"_s164", 31 0, L_0x5625131fc420;  1 drivers
v0x5625131d4f20_0 .net *"_s166", 26 0, L_0x5625131fc180;  1 drivers
L_0x7f4b0caf1600 .functor BUFT 1, C4<00000>, C4<0>, C4<0>, C4<0>;
v0x5625131d5000_0 .net *"_s168", 4 0, L_0x7f4b0caf1600;  1 drivers
v0x5625131d50e0_0 .net/s *"_s170", 31 0, L_0x5625131fc560;  1 drivers
v0x5625131d51c0_0 .net *"_s172", 31 0, L_0x5625131fc950;  1 drivers
v0x5625131d52a0_0 .net *"_s174", 28 0, L_0x5625131fc8b0;  1 drivers
L_0x7f4b0caf1648 .functor BUFT 1, C4<000>, C4<0>, C4<0>, C4<0>;
v0x5625131d5380_0 .net *"_s176", 2 0, L_0x7f4b0caf1648;  1 drivers
v0x5625131d5460_0 .net *"_s18", 31 0, L_0x5625131f6820;  1 drivers
v0x5625131d5540_0 .net *"_s180", 31 0, L_0x5625131fd160;  1 drivers
v0x5625131d5620_0 .net *"_s182", 22 0, L_0x5625131fce90;  1 drivers
L_0x7f4b0caf1690 .functor BUFT 1, C4<000000000>, C4<0>, C4<0>, C4<0>;
v0x5625131d5700_0 .net *"_s184", 8 0, L_0x7f4b0caf1690;  1 drivers
v0x5625131d57e0_0 .net *"_s186", 31 0, L_0x5625131fd580;  1 drivers
v0x5625131d58c0_0 .net *"_s188", 23 0, L_0x5625131fd2a0;  1 drivers
L_0x7f4b0caf16d8 .functor BUFT 1, C4<00000000>, C4<0>, C4<0>, C4<0>;
v0x5625131d59a0_0 .net *"_s190", 7 0, L_0x7f4b0caf16d8;  1 drivers
v0x5625131d5a80_0 .net/s *"_s192", 31 0, L_0x5625131fd670;  1 drivers
v0x5625131d5b60_0 .net *"_s194", 31 0, L_0x5625131fdaa0;  1 drivers
v0x5625131d5c40_0 .net *"_s196", 27 0, L_0x5625131fda00;  1 drivers
L_0x7f4b0caf1720 .functor BUFT 1, C4<0000>, C4<0>, C4<0>, C4<0>;
v0x5625131d5d20_0 .net *"_s198", 3 0, L_0x7f4b0caf1720;  1 drivers
v0x5625131d5e00_0 .net *"_s2", 20 0, L_0x5625131e5ea0;  1 drivers
v0x5625131d5ee0_0 .net *"_s20", 26 0, L_0x5625131f6780;  1 drivers
v0x5625131d5fc0_0 .net/s *"_s200", 31 0, L_0x5625131fde40;  1 drivers
v0x5625131d60a0_0 .net *"_s202", 31 0, L_0x5625131fe290;  1 drivers
v0x5625131d6180_0 .net *"_s204", 28 0, L_0x5625131fdf80;  1 drivers
L_0x7f4b0caf1768 .functor BUFT 1, C4<000>, C4<0>, C4<0>, C4<0>;
v0x5625131d6260_0 .net *"_s206", 2 0, L_0x7f4b0caf1768;  1 drivers
v0x5625131d6340_0 .net/s *"_s208", 31 0, L_0x5625131fe3d0;  1 drivers
v0x5625131d6420_0 .net *"_s210", 31 0, L_0x5625131fe830;  1 drivers
v0x5625131d6500_0 .net *"_s212", 29 0, L_0x5625131fe790;  1 drivers
L_0x7f4b0caf17b0 .functor BUFT 1, C4<00>, C4<0>, C4<0>, C4<0>;
v0x5625131d65e0_0 .net *"_s214", 1 0, L_0x7f4b0caf17b0;  1 drivers
v0x5625131d66c0_0 .net/s *"_s216", 31 0, L_0x5625131fec00;  1 drivers
v0x5625131d67a0_0 .net *"_s218", 31 0, L_0x5625131ff080;  1 drivers
L_0x7f4b0caf10f0 .functor BUFT 1, C4<00000>, C4<0>, C4<0>, C4<0>;
v0x5625131d6880_0 .net *"_s22", 4 0, L_0x7f4b0caf10f0;  1 drivers
v0x5625131d6960_0 .net *"_s220", 30 0, L_0x5625131fed40;  1 drivers
L_0x7f4b0caf17f8 .functor BUFT 1, C4<0>, C4<0>, C4<0>, C4<0>;
v0x5625131d6a40_0 .net *"_s222", 0 0, L_0x7f4b0caf17f8;  1 drivers
v0x5625131d6b20_0 .net/s *"_s224", 31 0, L_0x5625131ff1c0;  1 drivers
v0x5625131d6c00_0 .net *"_s228", 31 0, L_0x5625131ffbb0;  1 drivers
v0x5625131d6ce0_0 .net *"_s230", 20 0, L_0x5625131ff850;  1 drivers
L_0x7f4b0caf1840 .functor BUFT 1, C4<00000000000>, C4<0>, C4<0>, C4<0>;
v0x5625131d6dc0_0 .net *"_s232", 10 0, L_0x7f4b0caf1840;  1 drivers
v0x5625131d6ea0_0 .net *"_s234", 31 0, L_0x562513200060;  1 drivers
v0x5625131d6f80_0 .net *"_s236", 21 0, L_0x5625131ffcf0;  1 drivers
L_0x7f4b0caf1888 .functor BUFT 1, C4<0000000000>, C4<0>, C4<0>, C4<0>;
v0x5625131d7060_0 .net *"_s238", 9 0, L_0x7f4b0caf1888;  1 drivers
v0x5625131d7140_0 .net/s *"_s24", 31 0, L_0x5625131f69b0;  1 drivers
v0x5625131d7220_0 .net/s *"_s240", 31 0, L_0x562513200150;  1 drivers
v0x5625131d7300_0 .net *"_s242", 31 0, L_0x562513200610;  1 drivers
v0x5625131d73e0_0 .net *"_s244", 22 0, L_0x562513200570;  1 drivers
L_0x7f4b0caf18d0 .functor BUFT 1, C4<000000000>, C4<0>, C4<0>, C4<0>;
v0x5625131d74c0_0 .net *"_s246", 8 0, L_0x7f4b0caf18d0;  1 drivers
v0x5625131d75a0_0 .net/s *"_s248", 31 0, L_0x562513200a40;  1 drivers
v0x5625131d7680_0 .net *"_s250", 31 0, L_0x562513200f20;  1 drivers
v0x5625131d7760_0 .net *"_s252", 23 0, L_0x562513200b80;  1 drivers
L_0x7f4b0caf1918 .functor BUFT 1, C4<00000000>, C4<0>, C4<0>, C4<0>;
v0x5625131d7840_0 .net *"_s254", 7 0, L_0x7f4b0caf1918;  1 drivers
v0x5625131d7920_0 .net/s *"_s256", 31 0, L_0x562513201060;  1 drivers
v0x5625131d7a00_0 .net *"_s258", 31 0, L_0x562513201550;  1 drivers
v0x5625131d7ae0_0 .net *"_s26", 31 0, L_0x5625131f6bf0;  1 drivers
v0x5625131d7bc0_0 .net *"_s260", 24 0, L_0x5625132014b0;  1 drivers
L_0x7f4b0caf1960 .functor BUFT 1, C4<0000000>, C4<0>, C4<0>, C4<0>;
v0x5625131d7ca0_0 .net *"_s262", 6 0, L_0x7f4b0caf1960;  1 drivers
v0x5625131d7d80_0 .net/s *"_s264", 31 0, L_0x5625132019b0;  1 drivers
v0x5625131d7e60_0 .net *"_s266", 31 0, L_0x562513201ec0;  1 drivers
v0x5625131d7f40_0 .net *"_s268", 26 0, L_0x562513201af0;  1 drivers
L_0x7f4b0caf19a8 .functor BUFT 1, C4<00000>, C4<0>, C4<0>, C4<0>;
v0x5625131d8020_0 .net *"_s270", 4 0, L_0x7f4b0caf19a8;  1 drivers
v0x5625131d8100_0 .net/s *"_s272", 31 0, L_0x562513202000;  1 drivers
v0x5625131d81e0_0 .net *"_s274", 31 0, L_0x562513202520;  1 drivers
v0x5625131d82c0_0 .net *"_s276", 27 0, L_0x562513202480;  1 drivers
L_0x7f4b0caf19f0 .functor BUFT 1, C4<0000>, C4<0>, C4<0>, C4<0>;
v0x5625131d83a0_0 .net *"_s278", 3 0, L_0x7f4b0caf19f0;  1 drivers
v0x5625131d8480_0 .net *"_s28", 27 0, L_0x5625131f6af0;  1 drivers
v0x5625131d8560_0 .net/s *"_s280", 31 0, L_0x5625132029b0;  1 drivers
v0x5625131d8640_0 .net *"_s290", 31 0, L_0x562513203d10;  1 drivers
v0x5625131d8720_0 .net *"_s292", 21 0, L_0x5625132038a0;  1 drivers
L_0x7f4b0caf1a38 .functor BUFT 1, C4<0000000000>, C4<0>, C4<0>, C4<0>;
v0x5625131d8800_0 .net *"_s294", 9 0, L_0x7f4b0caf1a38;  1 drivers
v0x5625131d88e0_0 .net *"_s296", 31 0, L_0x562513204280;  1 drivers
v0x5625131d89c0_0 .net *"_s298", 25 0, L_0x562513203e50;  1 drivers
L_0x7f4b0caf1138 .functor BUFT 1, C4<0000>, C4<0>, C4<0>, C4<0>;
v0x5625131d8aa0_0 .net *"_s30", 3 0, L_0x7f4b0caf1138;  1 drivers
L_0x7f4b0caf1a80 .functor BUFT 1, C4<000000>, C4<0>, C4<0>, C4<0>;
v0x5625131d8b80_0 .net *"_s300", 5 0, L_0x7f4b0caf1a80;  1 drivers
v0x5625131d8c60_0 .net/s *"_s302", 31 0, L_0x5625132043c0;  1 drivers
v0x5625131d8d40_0 .net *"_s304", 31 0, L_0x562513204940;  1 drivers
v0x5625131d8e20_0 .net *"_s306", 27 0, L_0x5625132048a0;  1 drivers
L_0x7f4b0caf1ac8 .functor BUFT 1, C4<0000>, C4<0>, C4<0>, C4<0>;
v0x5625131d8f00_0 .net *"_s308", 3 0, L_0x7f4b0caf1ac8;  1 drivers
v0x5625131d8fe0_0 .net/s *"_s310", 31 0, L_0x562513204de0;  1 drivers
v0x5625131d90c0_0 .net *"_s312", 31 0, L_0x562513205380;  1 drivers
v0x5625131d91a0_0 .net *"_s314", 29 0, L_0x562513204f20;  1 drivers
L_0x7f4b0caf1b10 .functor BUFT 1, C4<00>, C4<0>, C4<0>, C4<0>;
v0x5625131d9280_0 .net *"_s316", 1 0, L_0x7f4b0caf1b10;  1 drivers
v0x5625131d9360_0 .net/s *"_s32", 31 0, L_0x5625131f6ce0;  1 drivers
v0x5625131d9440_0 .net *"_s320", 31 0, L_0x562513205b10;  1 drivers
v0x5625131d9520_0 .net *"_s322", 20 0, L_0x562513205a70;  1 drivers
L_0x7f4b0caf1b58 .functor BUFT 1, C4<00000000000>, C4<0>, C4<0>, C4<0>;
v0x5625131d9600_0 .net *"_s324", 10 0, L_0x7f4b0caf1b58;  1 drivers
v0x5625131d96e0_0 .net *"_s326", 31 0, L_0x562513206160;  1 drivers
v0x5625131d97c0_0 .net *"_s328", 21 0, L_0x562513206030;  1 drivers
L_0x7f4b0caf1ba0 .functor BUFT 1, C4<0000000000>, C4<0>, C4<0>, C4<0>;
v0x5625131d98a0_0 .net *"_s330", 9 0, L_0x7f4b0caf1ba0;  1 drivers
v0x5625131d9980_0 .net/s *"_s332", 31 0, L_0x562513206640;  1 drivers
v0x5625131d9a60_0 .net *"_s334", 31 0, L_0x562513206c20;  1 drivers
v0x5625131d9b40_0 .net *"_s336", 22 0, L_0x562513206780;  1 drivers
L_0x7f4b0caf1be8 .functor BUFT 1, C4<000000000>, C4<0>, C4<0>, C4<0>;
v0x5625131d9c20_0 .net *"_s338", 8 0, L_0x7f4b0caf1be8;  1 drivers
v0x5625131d9d00_0 .net *"_s34", 31 0, L_0x5625131f6f30;  1 drivers
v0x5625131d9de0_0 .net/s *"_s340", 31 0, L_0x562513206d60;  1 drivers
v0x5625131d9ec0_0 .net *"_s342", 31 0, L_0x562513207350;  1 drivers
v0x5625131d9fa0_0 .net *"_s344", 24 0, L_0x5625132072b0;  1 drivers
L_0x7f4b0caf1c30 .functor BUFT 1, C4<0000000>, C4<0>, C4<0>, C4<0>;
v0x5625131da080_0 .net *"_s346", 6 0, L_0x7f4b0caf1c30;  1 drivers
v0x5625131da160_0 .net/s *"_s348", 31 0, L_0x5625132078b0;  1 drivers
v0x5625131da240_0 .net *"_s350", 31 0, L_0x562513207490;  1 drivers
v0x5625131dab30_0 .net *"_s352", 25 0, L_0x5625132079f0;  1 drivers
L_0x7f4b0caf1c78 .functor BUFT 1, C4<000000>, C4<0>, C4<0>, C4<0>;
v0x5625131dac10_0 .net *"_s354", 5 0, L_0x7f4b0caf1c78;  1 drivers
v0x5625131dacf0_0 .net/s *"_s356", 31 0, L_0x5625132075d0;  1 drivers
v0x5625131dadd0_0 .net *"_s358", 31 0, L_0x5625132077b0;  1 drivers
v0x5625131daeb0_0 .net *"_s36", 29 0, L_0x5625131f6e90;  1 drivers
v0x5625131daf90_0 .net *"_s360", 28 0, L_0x562513207710;  1 drivers
L_0x7f4b0caf1cc0 .functor BUFT 1, C4<000>, C4<0>, C4<0>, C4<0>;
v0x5625131db070_0 .net *"_s362", 2 0, L_0x7f4b0caf1cc0;  1 drivers
v0x5625131db150_0 .net *"_s366", 31 0, L_0x562513207e20;  1 drivers
v0x5625131db230_0 .net *"_s368", 21 0, L_0x562513207d80;  1 drivers
L_0x7f4b0caf1d08 .functor BUFT 1, C4<0000000000>, C4<0>, C4<0>, C4<0>;
v0x5625131db310_0 .net *"_s370", 9 0, L_0x7f4b0caf1d08;  1 drivers
v0x5625131db3f0_0 .net *"_s372", 31 0, L_0x562513207f20;  1 drivers
v0x5625131db4d0_0 .net *"_s374", 22 0, L_0x562513208420;  1 drivers
L_0x7f4b0caf1d50 .functor BUFT 1, C4<000000000>, C4<0>, C4<0>, C4<0>;
v0x5625131db5b0_0 .net *"_s376", 8 0, L_0x7f4b0caf1d50;  1 drivers
v0x5625131db690_0 .net/s *"_s378", 31 0, L_0x562513208010;  1 drivers
L_0x7f4b0caf1180 .functor BUFT 1, C4<00>, C4<0>, C4<0>, C4<0>;
v0x5625131db770_0 .net *"_s38", 1 0, L_0x7f4b0caf1180;  1 drivers
v0x5625131db850_0 .net *"_s380", 31 0, L_0x5625132081f0;  1 drivers
v0x5625131db930_0 .net *"_s382", 26 0, L_0x562513208150;  1 drivers
L_0x7f4b0caf1d98 .functor BUFT 1, C4<00000>, C4<0>, C4<0>, C4<0>;
v0x5625131dba10_0 .net *"_s384", 4 0, L_0x7f4b0caf1d98;  1 drivers
v0x5625131dbaf0_0 .net *"_s394", 20 0, L_0x562513208650;  1 drivers
L_0x7f4b0caf1de0 .functor BUFT 1, C4<00000000000>, C4<0>, C4<0>, C4<0>;
v0x5625131dbbd0_0 .net *"_s396", 10 0, L_0x7f4b0caf1de0;  1 drivers
L_0x7f4b0caf1018 .functor BUFT 1, C4<00000000000>, C4<0>, C4<0>, C4<0>;
v0x5625131dbcb0_0 .net *"_s4", 10 0, L_0x7f4b0caf1018;  1 drivers
v0x5625131dbd90_0 .net/s *"_s40", 31 0, L_0x5625131f70f0;  1 drivers
v0x5625131dbe70_0 .net *"_s422", 31 0, L_0x56251320a030;  1 drivers
v0x5625131dbf50_0 .net *"_s424", 24 0, L_0x56251320a540;  1 drivers
L_0x7f4b0caf1e28 .functor BUFT 1, C4<0000000>, C4<0>, C4<0>, C4<0>;
v0x5625131dc030_0 .net *"_s426", 6 0, L_0x7f4b0caf1e28;  1 drivers
v0x5625131dc110_0 .net *"_s428", 31 0, L_0x56251320a210;  1 drivers
v0x5625131dc1f0_0 .net *"_s430", 26 0, L_0x56251320a170;  1 drivers
L_0x7f4b0caf1e70 .functor BUFT 1, C4<00000>, C4<0>, C4<0>, C4<0>;
v0x5625131dc2d0_0 .net *"_s432", 4 0, L_0x7f4b0caf1e70;  1 drivers
v0x5625131dc3b0_0 .net/s *"_s434", 31 0, L_0x56251320a350;  1 drivers
v0x5625131dc490_0 .net *"_s436", 31 0, L_0x56251320abb0;  1 drivers
v0x5625131dc570_0 .net *"_s438", 27 0, L_0x56251320a490;  1 drivers
v0x5625131dc650_0 .net *"_s44", 31 0, L_0x5625131f74f0;  1 drivers
L_0x7f4b0caf1eb8 .functor BUFT 1, C4<0000>, C4<0>, C4<0>, C4<0>;
v0x5625131dc730_0 .net *"_s440", 3 0, L_0x7f4b0caf1eb8;  1 drivers
v0x5625131dc810_0 .net/s *"_s442", 31 0, L_0x56251320a5e0;  1 drivers
v0x5625131dc8f0_0 .net *"_s444", 31 0, L_0x56251320a7c0;  1 drivers
v0x5625131dc9d0_0 .net *"_s446", 29 0, L_0x56251320a720;  1 drivers
L_0x7f4b0caf1f00 .functor BUFT 1, C4<00>, C4<0>, C4<0>, C4<0>;
v0x5625131dcab0_0 .net *"_s448", 1 0, L_0x7f4b0caf1f00;  1 drivers
v0x5625131dcb90_0 .net/s *"_s450", 31 0, L_0x56251320a900;  1 drivers
v0x5625131dcc70_0 .net *"_s454", 31 0, L_0x56251320aca0;  1 drivers
v0x5625131dcd50_0 .net *"_s456", 24 0, L_0x56251320b300;  1 drivers
L_0x7f4b0caf1f48 .functor BUFT 1, C4<0000000>, C4<0>, C4<0>, C4<0>;
v0x5625131dce30_0 .net *"_s458", 6 0, L_0x7f4b0caf1f48;  1 drivers
v0x5625131dcf10_0 .net *"_s46", 20 0, L_0x5625131f7450;  1 drivers
v0x5625131dcff0_0 .net *"_s460", 31 0, L_0x56251320ae80;  1 drivers
v0x5625131dd0d0_0 .net *"_s462", 26 0, L_0x56251320ade0;  1 drivers
L_0x7f4b0caf1f90 .functor BUFT 1, C4<00000>, C4<0>, C4<0>, C4<0>;
v0x5625131dd1b0_0 .net *"_s464", 4 0, L_0x7f4b0caf1f90;  1 drivers
v0x5625131dd290_0 .net/s *"_s466", 31 0, L_0x56251320afc0;  1 drivers
v0x5625131dd370_0 .net *"_s468", 31 0, L_0x56251320ba20;  1 drivers
v0x5625131dd450_0 .net *"_s470", 27 0, L_0x56251320b100;  1 drivers
L_0x7f4b0caf1fd8 .functor BUFT 1, C4<0000>, C4<0>, C4<0>, C4<0>;
v0x5625131dd530_0 .net *"_s472", 3 0, L_0x7f4b0caf1fd8;  1 drivers
v0x5625131dd610_0 .net/s *"_s474", 31 0, L_0x56251320b3f0;  1 drivers
v0x5625131dd6f0_0 .net *"_s476", 31 0, L_0x56251320b5d0;  1 drivers
v0x5625131dd7d0_0 .net *"_s478", 29 0, L_0x56251320b530;  1 drivers
L_0x7f4b0caf11c8 .functor BUFT 1, C4<00000000000>, C4<0>, C4<0>, C4<0>;
v0x5625131dd8b0_0 .net *"_s48", 10 0, L_0x7f4b0caf11c8;  1 drivers
L_0x7f4b0caf2020 .functor BUFT 1, C4<00>, C4<0>, C4<0>, C4<0>;
v0x5625131dd990_0 .net *"_s480", 1 0, L_0x7f4b0caf2020;  1 drivers
v0x5625131dda70_0 .net/s *"_s482", 31 0, L_0x56251320b710;  1 drivers
L_0x7f4b0caf2068 .functor BUFT 1, C4<00000000000000000000000010000000>, C4<0>, C4<0>, C4<0>;
v0x5625131ddb50_0 .net/2s *"_s486", 31 0, L_0x7f4b0caf2068;  1 drivers
v0x5625131ddc30_0 .net/s *"_s488", 31 0, L_0x56251320c0e0;  1 drivers
v0x5625131ddd10_0 .net *"_s492", 23 0, L_0x56251320bac0;  1 drivers
L_0x7f4b0caf20b0 .functor BUFT 1, C4<00000000000000000000000010000000>, C4<0>, C4<0>, C4<0>;
v0x5625131dddf0_0 .net/2s *"_s494", 31 0, L_0x7f4b0caf20b0;  1 drivers
v0x5625131dded0_0 .net/s *"_s496", 31 0, L_0x56251320bd40;  1 drivers
v0x5625131ddfb0_0 .net *"_s50", 31 0, L_0x5625131f7770;  1 drivers
v0x5625131de090_0 .net *"_s500", 23 0, L_0x56251320be80;  1 drivers
v0x5625131de170_0 .net/s *"_s502", 31 0, L_0x56251320c8c0;  1 drivers
v0x5625131de250_0 .net *"_s506", 23 0, L_0x56251320c220;  1 drivers
v0x5625131de330_0 .net/s *"_s508", 31 0, L_0x56251320c4a0;  1 drivers
v0x5625131de410_0 .net *"_s512", 23 0, L_0x56251320c5e0;  1 drivers
v0x5625131de4f0_0 .net/s *"_s514", 31 0, L_0x56251320d080;  1 drivers
v0x5625131de5d0_0 .net *"_s518", 23 0, L_0x56251320ca00;  1 drivers
v0x5625131de6b0_0 .net *"_s52", 24 0, L_0x5625131f76d0;  1 drivers
v0x5625131de790_0 .net/s *"_s520", 31 0, L_0x56251320cc80;  1 drivers
v0x5625131de870_0 .net *"_s524", 23 0, L_0x56251320cdc0;  1 drivers
v0x5625131de950_0 .net/s *"_s526", 31 0, L_0x56251320d870;  1 drivers
v0x5625131dea30_0 .net *"_s530", 23 0, L_0x56251320d1c0;  1 drivers
v0x5625131deb10_0 .net/s *"_s532", 31 0, L_0x56251320d440;  1 drivers
v0x5625131debf0_0 .net *"_s536", 23 0, L_0x56251320d4e0;  1 drivers
v0x5625131decd0_0 .net/s *"_s538", 31 0, L_0x56251320d760;  1 drivers
L_0x7f4b0caf1210 .functor BUFT 1, C4<0000000>, C4<0>, C4<0>, C4<0>;
v0x5625131dedb0_0 .net *"_s54", 6 0, L_0x7f4b0caf1210;  1 drivers
v0x5625131dee90_0 .net *"_s542", 23 0, L_0x56251320dfb0;  1 drivers
v0x5625131def70_0 .net/s *"_s544", 31 0, L_0x56251320d910;  1 drivers
v0x5625131df050_0 .net *"_s548", 23 0, L_0x56251320d9b0;  1 drivers
v0x5625131df130_0 .net *"_s552", 28 0, L_0x56251320dc30;  1 drivers
L_0x7f4b0caf20f8 .functor BUFT 1, C4<000>, C4<0>, C4<0>, C4<0>;
v0x5625131df210_0 .net *"_s554", 2 0, L_0x7f4b0caf20f8;  1 drivers
v0x5625131df2f0_0 .net *"_s556", 31 0, L_0x5625131f6e20;  1 drivers
v0x5625131df3d0_0 .net *"_s558", 31 0, L_0x5625131b5800;  1 drivers
v0x5625131df4b0_0 .net/s *"_s56", 31 0, L_0x5625131f7630;  1 drivers
v0x5625131df590_0 .net *"_s560", 31 0, L_0x5625131b5870;  1 drivers
v0x5625131df670_0 .net *"_s562", 31 0, L_0x56251320e900;  1 drivers
v0x5625131df750_0 .net *"_s564", 31 0, L_0x56251320e9c0;  1 drivers
v0x5625131df830_0 .net *"_s566", 31 0, L_0x56251320ea80;  1 drivers
L_0x7f4b0caf2140 .functor BUFT 1, C4<00000000000000000000000000000000>, C4<0>, C4<0>, C4<0>;
v0x5625131df910_0 .net/2u *"_s568", 31 0, L_0x7f4b0caf2140;  1 drivers
v0x5625131df9f0_0 .net *"_s58", 31 0, L_0x5625131f7b10;  1 drivers
L_0x7f4b0caf1060 .functor BUFT 1, C4<00000000000000000000000010000000>, C4<0>, C4<0>, C4<0>;
v0x5625131dfad0_0 .net/2s *"_s6", 31 0, L_0x7f4b0caf1060;  1 drivers
v0x5625131dfbb0_0 .net *"_s60", 25 0, L_0x5625131f79b0;  1 drivers
L_0x7f4b0caf1258 .functor BUFT 1, C4<000000>, C4<0>, C4<0>, C4<0>;
v0x5625131dfc90_0 .net *"_s62", 5 0, L_0x7f4b0caf1258;  1 drivers
v0x5625131dfd70_0 .net/s *"_s64", 31 0, L_0x5625131f7c00;  1 drivers
v0x5625131dfe50_0 .net *"_s66", 31 0, L_0x5625131f7eb0;  1 drivers
v0x5625131dff30_0 .net *"_s68", 26 0, L_0x5625131f7e10;  1 drivers
L_0x7f4b0caf12a0 .functor BUFT 1, C4<00000>, C4<0>, C4<0>, C4<0>;
v0x5625131e0010_0 .net *"_s70", 4 0, L_0x7f4b0caf12a0;  1 drivers
v0x5625131e00f0_0 .net/s *"_s72", 31 0, L_0x5625131f80d0;  1 drivers
v0x5625131e01d0_0 .net *"_s74", 31 0, L_0x5625131f83a0;  1 drivers
v0x5625131e02b0_0 .net *"_s76", 29 0, L_0x5625131f8210;  1 drivers
L_0x7f4b0caf12e8 .functor BUFT 1, C4<00>, C4<0>, C4<0>, C4<0>;
v0x5625131e0390_0 .net *"_s78", 1 0, L_0x7f4b0caf12e8;  1 drivers
v0x5625131e0470_0 .net *"_s82", 31 0, L_0x5625131f8860;  1 drivers
v0x5625131e0550_0 .net *"_s84", 20 0, L_0x5625131f87c0;  1 drivers
L_0x7f4b0caf1330 .functor BUFT 1, C4<00000000000>, C4<0>, C4<0>, C4<0>;
v0x5625131e0630_0 .net *"_s86", 10 0, L_0x7f4b0caf1330;  1 drivers
v0x5625131e0710_0 .net *"_s88", 31 0, L_0x5625131f8be0;  1 drivers
v0x5625131e07f0_0 .net *"_s90", 21 0, L_0x5625131f8ab0;  1 drivers
L_0x7f4b0caf1378 .functor BUFT 1, C4<0000000000>, C4<0>, C4<0>, C4<0>;
v0x5625131e08d0_0 .net *"_s92", 9 0, L_0x7f4b0caf1378;  1 drivers
v0x5625131e09b0_0 .net/s *"_s94", 31 0, L_0x5625131f8e20;  1 drivers
v0x5625131e0a90_0 .net *"_s96", 31 0, L_0x5625131f8d00;  1 drivers
v0x5625131e0b70_0 .net *"_s98", 23 0, L_0x5625131f8f60;  1 drivers
v0x5625131e0c50_0 .net/s "a", 31 0, L_0x562513209af0;  1 drivers
v0x5625131e0d30_0 .net/s "add1a", 31 0, L_0x5625131f6300;  1 drivers
v0x5625131e0e10_0 .net/s "add1b", 31 0, L_0x5625131fb020;  1 drivers
v0x5625131e0ef0_0 .net/s "add1c", 31 0, L_0x5625132036c0;  1 drivers
v0x5625131e0fd0_0 .net/s "b", 31 0, L_0x562513209cd0;  1 drivers
v0x5625131e10b0_0 .net "clk", 0 0, v0x562513141b70_0;  1 drivers
v0x5625131e1170_0 .var "ctr", 4 0;
v0x5625131e1250_0 .net/s "diff01", 31 0, L_0x562513208cc0;  1 drivers
v0x5625131e1330_0 .net/s "diff012", 31 0, L_0x5625132099b0;  1 drivers
v0x5625131e1410_0 .net/s "diff013", 31 0, L_0x562513209670;  1 drivers
v0x5625131e14f0_0 .net/s "diff46", 31 0, L_0x562513208fe0;  1 drivers
v0x5625131e15d0_0 .net/s "diff57", 31 0, L_0x562513209350;  1 drivers
v0x5625131e16b0_0 .net "flag", 0 0, L_0x56251320eb40;  1 drivers
v0x5625131e1770_0 .net/s "mul1a", 31 0, L_0x5625131f7230;  1 drivers
v0x5625131e1850_0 .net/s "mul1b", 31 0, L_0x5625131fccb0;  1 drivers
v0x5625131e1930_0 .net/s "mul1c", 31 0, L_0x5625132054c0;  1 drivers
v0x5625131e1a10_0 .net/s "mul2a", 31 0, L_0x5625131f84e0;  1 drivers
v0x5625131da320_0 .net/s "mul2b", 31 0, L_0x5625131ff5b0;  1 drivers
v0x5625131da400_0 .net/s "mul2c", 31 0, L_0x562513207a90;  1 drivers
v0x5625131da4e0_0 .net/s "mul3a", 31 0, L_0x5625131fa670;  1 drivers
v0x5625131da5c0_0 .net/s "mul3b", 31 0, L_0x562513202af0;  1 drivers
v0x5625131da6a0_0 .net/s "mul3c", 31 0, L_0x562513208950;  1 drivers
v0x5625131da780_0 .net/s "mul4", 31 0, L_0x56251320aa40;  1 drivers
v0x5625131da860_0 .net/s "mul5", 31 0, L_0x56251320b850;  1 drivers
v0x5625131da940_0 .var "rdy", 0 0;
v0x5625131daa00_0 .net "reset", 0 0, v0x5625131e5160_0;  1 drivers
v0x5625131e2ac0_0 .net/s "sum01", 31 0, L_0x562513209170;  1 drivers
v0x5625131e2b80_0 .net/s "sum012", 31 0, L_0x562513209ea0;  1 drivers
v0x5625131e2c60_0 .net/s "sum013", 31 0, L_0x562513209490;  1 drivers
v0x5625131e2d40_0 .net/s "sum46", 31 0, L_0x562513208e00;  1 drivers
v0x5625131e2e20_0 .net/s "sum57", 31 0, L_0x562513209820;  1 drivers
v0x5625131e2f00_0 .net/s "x0", 31 0, v0x5625131e5200_0;  1 drivers
v0x5625131e2fe0_0 .net/s "x01", 31 0, L_0x5625131f6120;  1 drivers
v0x5625131e30c0_0 .net/s "x1", 31 0, v0x5625131e52a0_0;  1 drivers
v0x5625131e31a0_0 .net/s "x1000", 31 0, L_0x56251320dcd0;  1 drivers
v0x5625131e3280_0 .net/s "x11", 31 0, L_0x562513208740;  1 drivers
v0x5625131e3360_0 .net/s "x2", 31 0, v0x5625131e5340_0;  1 drivers
v0x5625131e3440_0 .net/s "x21", 31 0, L_0x562513208ae0;  1 drivers
v0x5625131e3520_0 .net/s "x22", 31 0, L_0x56251320bbb0;  1 drivers
v0x5625131e3600_0 .net/s "x3", 31 0, v0x5625131e5410_0;  1 drivers
v0x5625131e36e0_0 .net/s "x31", 31 0, L_0x5625132084c0;  1 drivers
v0x5625131e37c0_0 .net/s "x4", 31 0, v0x5625131e54e0_0;  1 drivers
v0x5625131e38a0_0 .net/s "x41", 31 0, L_0x5625131fab00;  1 drivers
v0x5625131e3980_0 .net/s "x44", 31 0, L_0x56251320bf70;  1 drivers
v0x5625131e3a60_0 .net/s "x5", 31 0, v0x5625131e55b0_0;  1 drivers
v0x5625131e3b40_0 .net/s "x51", 31 0, L_0x5625131face0;  1 drivers
v0x5625131e3c20_0 .net/s "x6", 31 0, v0x5625131e5680_0;  1 drivers
v0x5625131e3d00_0 .net/s "x61", 31 0, L_0x562513202fe0;  1 drivers
v0x5625131e3de0_0 .net/s "x7", 31 0, v0x5625131e5750_0;  1 drivers
v0x5625131e3ec0_0 .net/s "x71", 31 0, L_0x5625132031c0;  1 drivers
v0x5625131e3fa0_0 .var/s "y0", 31 0;
v0x5625131e4080_0 .var/s "y1", 31 0;
v0x5625131e4160_0 .var/s "y2", 31 0;
v0x5625131e4240_0 .var/s "y3", 31 0;
v0x5625131e4320_0 .var/s "y4", 31 0;
v0x5625131e4400_0 .var/s "y5", 31 0;
v0x5625131e44e0_0 .var/s "y6", 31 0;
v0x5625131e45c0_0 .var/s "y7", 31 0;
v0x5625131e46a0_0 .net/s "yc0", 31 0, L_0x56251320c310;  1 drivers
v0x5625131e4780_0 .net/s "yc1", 31 0, L_0x56251320c6d0;  1 drivers
v0x5625131e4860_0 .net/s "yc2", 31 0, L_0x56251320caf0;  1 drivers
v0x5625131e4940_0 .net/s "yc3", 31 0, L_0x56251320ceb0;  1 drivers
v0x5625131e4a20_0 .net/s "yc4", 31 0, L_0x56251320d2b0;  1 drivers
v0x5625131e4b00_0 .net/s "yc5", 31 0, L_0x56251320d5d0;  1 drivers
v0x5625131e4be0_0 .net/s "yc6", 31 0, L_0x56251320e0a0;  1 drivers
v0x5625131e4cc0_0 .net/s "yc7", 31 0, L_0x56251320daa0;  1 drivers
E_0x562513153ad0 .event posedge, v0x5625131e10b0_0;
L_0x5625131e5ea0 .part v0x5625131e5200_0, 0, 21;
L_0x5625131f5f80 .concat [ 11 21 0 0], L_0x7f4b0caf1018, L_0x5625131e5ea0;
L_0x5625131f6120 .delay 32 (20000,20000,20000) L_0x5625131f6120/d;
L_0x5625131f6120/d .arith/sum 32, L_0x5625131f5f80, L_0x7f4b0caf1060;
L_0x5625131f6300 .delay 32 (10000,10000,10000) L_0x5625131f6300/d;
L_0x5625131f6300/d .arith/sum 32, v0x5625131e54e0_0, v0x5625131e55b0_0;
L_0x5625131f6510 .part L_0x5625131f6300, 0, 23;
L_0x5625131f6600 .concat [ 9 23 0 0], L_0x7f4b0caf10a8, L_0x5625131f6510;
L_0x5625131f6780 .part L_0x5625131f6300, 0, 27;
L_0x5625131f6820 .concat [ 5 27 0 0], L_0x7f4b0caf10f0, L_0x5625131f6780;
L_0x5625131f69b0 .arith/sum 32, L_0x5625131f6600, L_0x5625131f6820;
L_0x5625131f6af0 .part L_0x5625131f6300, 0, 28;
L_0x5625131f6bf0 .concat [ 4 28 0 0], L_0x7f4b0caf1138, L_0x5625131f6af0;
L_0x5625131f6ce0 .arith/sum 32, L_0x5625131f69b0, L_0x5625131f6bf0;
L_0x5625131f6e90 .part L_0x5625131f6300, 0, 30;
L_0x5625131f6f30 .concat [ 2 30 0 0], L_0x7f4b0caf1180, L_0x5625131f6e90;
L_0x5625131f70f0 .arith/sum 32, L_0x5625131f6ce0, L_0x5625131f6f30;
L_0x5625131f7230 .delay 32 (40000,40000,40000) L_0x5625131f7230/d;
L_0x5625131f7230/d .arith/sum 32, L_0x5625131f70f0, L_0x5625131f6300;
L_0x5625131f7450 .part v0x5625131e54e0_0, 0, 21;
L_0x5625131f74f0 .concat [ 11 21 0 0], L_0x7f4b0caf11c8, L_0x5625131f7450;
L_0x5625131f76d0 .part v0x5625131e54e0_0, 0, 25;
L_0x5625131f7770 .concat [ 7 25 0 0], L_0x7f4b0caf1210, L_0x5625131f76d0;
L_0x5625131f7630 .arith/sum 32, L_0x5625131f74f0, L_0x5625131f7770;
L_0x5625131f79b0 .part v0x5625131e54e0_0, 0, 26;
L_0x5625131f7b10 .concat [ 6 26 0 0], L_0x7f4b0caf1258, L_0x5625131f79b0;
L_0x5625131f7c00 .arith/sum 32, L_0x5625131f7630, L_0x5625131f7b10;
L_0x5625131f7e10 .part v0x5625131e54e0_0, 0, 27;
L_0x5625131f7eb0 .concat [ 5 27 0 0], L_0x7f4b0caf12a0, L_0x5625131f7e10;
L_0x5625131f80d0 .arith/sum 32, L_0x5625131f7c00, L_0x5625131f7eb0;
L_0x5625131f8210 .part v0x5625131e54e0_0, 0, 30;
L_0x5625131f83a0 .concat [ 2 30 0 0], L_0x7f4b0caf12e8, L_0x5625131f8210;
L_0x5625131f84e0 .delay 32 (40000,40000,40000) L_0x5625131f84e0/d;
L_0x5625131f84e0/d .arith/sum 32, L_0x5625131f80d0, L_0x5625131f83a0;
L_0x5625131f87c0 .part v0x5625131e55b0_0, 0, 21;
L_0x5625131f8860 .concat [ 11 21 0 0], L_0x7f4b0caf1330, L_0x5625131f87c0;
L_0x5625131f8ab0 .part v0x5625131e55b0_0, 0, 22;
L_0x5625131f8be0 .concat [ 10 22 0 0], L_0x7f4b0caf1378, L_0x5625131f8ab0;
L_0x5625131f8e20 .arith/sum 32, L_0x5625131f8860, L_0x5625131f8be0;
L_0x5625131f8f60 .part v0x5625131e55b0_0, 0, 24;
L_0x5625131f8d00 .concat [ 8 24 0 0], L_0x7f4b0caf13c0, L_0x5625131f8f60;
L_0x5625131f9180 .arith/sum 32, L_0x5625131f8e20, L_0x5625131f8d00;
L_0x5625131f9400 .part v0x5625131e55b0_0, 0, 26;
L_0x5625131f94a0 .concat [ 6 26 0 0], L_0x7f4b0caf1408, L_0x5625131f9400;
L_0x5625131f9730 .arith/sum 32, L_0x5625131f9180, L_0x5625131f94a0;
L_0x5625131f9870 .part v0x5625131e55b0_0, 0, 29;
L_0x5625131f9a70 .concat [ 3 29 0 0], L_0x7f4b0caf1450, L_0x5625131f9870;
L_0x5625131f9bb0 .arith/sum 32, L_0x5625131f9730, L_0x5625131f9a70;
L_0x5625131f9e60 .part v0x5625131e55b0_0, 0, 30;
L_0x5625131f9f00 .concat [ 2 30 0 0], L_0x7f4b0caf1498, L_0x5625131f9e60;
L_0x5625131fa1c0 .arith/sum 32, L_0x5625131f9bb0, L_0x5625131f9f00;
L_0x5625131fa300 .part v0x5625131e55b0_0, 0, 31;
L_0x5625131fa530 .concat [ 1 31 0 0], L_0x7f4b0caf14e0, L_0x5625131fa300;
L_0x5625131fa670 .delay 32 (40000,40000,40000) L_0x5625131fa670/d;
L_0x5625131fa670/d .arith/sum 32, L_0x5625131fa1c0, L_0x5625131fa530;
L_0x5625131fab00 .delay 32 (10000,10000,10000) L_0x5625131fab00/d;
L_0x5625131fab00/d .arith/sum 32, L_0x5625131f7230, L_0x5625131f84e0;
L_0x5625131face0 .delay 32 (10000,10000,10000) L_0x5625131face0/d;
L_0x5625131face0/d .arith/sub 32, L_0x5625131f7230, L_0x5625131fa670;
L_0x5625131fb020 .delay 32 (10000,10000,10000) L_0x5625131fb020/d;
L_0x5625131fb020/d .arith/sum 32, v0x5625131e5680_0, v0x5625131e5750_0;
L_0x5625131fb200 .part L_0x5625131fb020, 0, 21;
L_0x5625131fb4b0 .concat [ 11 21 0 0], L_0x7f4b0caf1528, L_0x5625131fb200;
L_0x5625131fb5f0 .part L_0x5625131fb020, 0, 24;
L_0x5625131fb860 .concat [ 8 24 0 0], L_0x7f4b0caf1570, L_0x5625131fb5f0;
L_0x5625131fb9a0 .arith/sum 32, L_0x5625131fb4b0, L_0x5625131fb860;
L_0x5625131fbcc0 .part L_0x5625131fb020, 0, 26;
L_0x5625131fbd60 .concat [ 6 26 0 0], L_0x7f4b0caf15b8, L_0x5625131fbcc0;
L_0x5625131fc040 .arith/sum 32, L_0x5625131fb9a0, L_0x5625131fbd60;
L_0x5625131fc180 .part L_0x5625131fb020, 0, 27;
L_0x5625131fc420 .concat [ 5 27 0 0], L_0x7f4b0caf1600, L_0x5625131fc180;
L_0x5625131fc560 .arith/sum 32, L_0x5625131fc040, L_0x5625131fc420;
L_0x5625131fc8b0 .part L_0x5625131fb020, 0, 29;
L_0x5625131fc950 .concat [ 3 29 0 0], L_0x7f4b0caf1648, L_0x5625131fc8b0;
L_0x5625131fccb0 .delay 32 (40000,40000,40000) L_0x5625131fccb0/d;
L_0x5625131fccb0/d .arith/sum 32, L_0x5625131fc560, L_0x5625131fc950;
L_0x5625131fce90 .part v0x5625131e5680_0, 0, 23;
L_0x5625131fd160 .concat [ 9 23 0 0], L_0x7f4b0caf1690, L_0x5625131fce90;
L_0x5625131fd2a0 .part v0x5625131e5680_0, 0, 24;
L_0x5625131fd580 .concat [ 8 24 0 0], L_0x7f4b0caf16d8, L_0x5625131fd2a0;
L_0x5625131fd670 .arith/sum 32, L_0x5625131fd160, L_0x5625131fd580;
L_0x5625131fda00 .part v0x5625131e5680_0, 0, 28;
L_0x5625131fdaa0 .concat [ 4 28 0 0], L_0x7f4b0caf1720, L_0x5625131fda00;
L_0x5625131fde40 .arith/sum 32, L_0x5625131fd670, L_0x5625131fdaa0;
L_0x5625131fdf80 .part v0x5625131e5680_0, 0, 29;
L_0x5625131fe290 .concat [ 3 29 0 0], L_0x7f4b0caf1768, L_0x5625131fdf80;
L_0x5625131fe3d0 .arith/sum 32, L_0x5625131fde40, L_0x5625131fe290;
L_0x5625131fe790 .part v0x5625131e5680_0, 0, 30;
L_0x5625131fe830 .concat [ 2 30 0 0], L_0x7f4b0caf17b0, L_0x5625131fe790;
L_0x5625131fec00 .arith/sum 32, L_0x5625131fe3d0, L_0x5625131fe830;
L_0x5625131fed40 .part v0x5625131e5680_0, 0, 31;
L_0x5625131ff080 .concat [ 1 31 0 0], L_0x7f4b0caf17f8, L_0x5625131fed40;
L_0x5625131ff1c0 .arith/sum 32, L_0x5625131fec00, L_0x5625131ff080;
L_0x5625131ff5b0 .delay 32 (40000,40000,40000) L_0x5625131ff5b0/d;
L_0x5625131ff5b0/d .arith/sum 32, L_0x5625131ff1c0, v0x5625131e5680_0;
L_0x5625131ff850 .part v0x5625131e5750_0, 0, 21;
L_0x5625131ffbb0 .concat [ 11 21 0 0], L_0x7f4b0caf1840, L_0x5625131ff850;
L_0x5625131ffcf0 .part v0x5625131e5750_0, 0, 22;
L_0x562513200060 .concat [ 10 22 0 0], L_0x7f4b0caf1888, L_0x5625131ffcf0;
L_0x562513200150 .arith/sum 32, L_0x5625131ffbb0, L_0x562513200060;
L_0x562513200570 .part v0x5625131e5750_0, 0, 23;
L_0x562513200610 .concat [ 9 23 0 0], L_0x7f4b0caf18d0, L_0x562513200570;
L_0x562513200a40 .arith/sum 32, L_0x562513200150, L_0x562513200610;
L_0x562513200b80 .part v0x5625131e5750_0, 0, 24;
L_0x562513200f20 .concat [ 8 24 0 0], L_0x7f4b0caf1918, L_0x562513200b80;
L_0x562513201060 .arith/sum 32, L_0x562513200a40, L_0x562513200f20;
L_0x5625132014b0 .part v0x5625131e5750_0, 0, 25;
L_0x562513201550 .concat [ 7 25 0 0], L_0x7f4b0caf1960, L_0x5625132014b0;
L_0x5625132019b0 .arith/sum 32, L_0x562513201060, L_0x562513201550;
L_0x562513201af0 .part v0x5625131e5750_0, 0, 27;
L_0x562513201ec0 .concat [ 5 27 0 0], L_0x7f4b0caf19a8, L_0x562513201af0;
L_0x562513202000 .arith/sum 32, L_0x5625132019b0, L_0x562513201ec0;
L_0x562513202480 .part v0x5625131e5750_0, 0, 28;
L_0x562513202520 .concat [ 4 28 0 0], L_0x7f4b0caf19f0, L_0x562513202480;
L_0x5625132029b0 .arith/sum 32, L_0x562513202000, L_0x562513202520;
L_0x562513202af0 .delay 32 (40000,40000,40000) L_0x562513202af0/d;
L_0x562513202af0/d .arith/sum 32, L_0x5625132029b0, v0x5625131e5750_0;
L_0x562513202fe0 .delay 32 (10000,10000,10000) L_0x562513202fe0/d;
L_0x562513202fe0/d .arith/sub 32, L_0x5625131fccb0, L_0x5625131ff5b0;
L_0x5625132031c0 .delay 32 (10000,10000,10000) L_0x5625132031c0/d;
L_0x5625132031c0/d .arith/sub 32, L_0x5625131fccb0, L_0x562513202af0;
L_0x5625132036c0 .delay 32 (10000,10000,10000) L_0x5625132036c0/d;
L_0x5625132036c0/d .arith/sum 32, v0x5625131e5340_0, v0x5625131e5410_0;
L_0x5625132038a0 .part L_0x5625132036c0, 0, 22;
L_0x562513203d10 .concat [ 10 22 0 0], L_0x7f4b0caf1a38, L_0x5625132038a0;
L_0x562513203e50 .part L_0x5625132036c0, 0, 26;
L_0x562513204280 .concat [ 6 26 0 0], L_0x7f4b0caf1a80, L_0x562513203e50;
L_0x5625132043c0 .arith/sum 32, L_0x562513203d10, L_0x562513204280;
L_0x5625132048a0 .part L_0x5625132036c0, 0, 28;
L_0x562513204940 .concat [ 4 28 0 0], L_0x7f4b0caf1ac8, L_0x5625132048a0;
L_0x562513204de0 .arith/sum 32, L_0x5625132043c0, L_0x562513204940;
L_0x562513204f20 .part L_0x5625132036c0, 0, 30;
L_0x562513205380 .concat [ 2 30 0 0], L_0x7f4b0caf1b10, L_0x562513204f20;
L_0x5625132054c0 .delay 32 (30000,30000,30000) L_0x5625132054c0/d;
L_0x5625132054c0/d .arith/sum 32, L_0x562513204de0, L_0x562513205380;
L_0x562513205a70 .part v0x5625131e5340_0, 0, 21;
L_0x562513205b10 .concat [ 11 21 0 0], L_0x7f4b0caf1b58, L_0x562513205a70;
L_0x562513206030 .part v0x5625131e5340_0, 0, 22;
L_0x562513206160 .concat [ 10 22 0 0], L_0x7f4b0caf1ba0, L_0x562513206030;
L_0x562513206640 .arith/sum 32, L_0x562513205b10, L_0x562513206160;
L_0x562513206780 .part v0x5625131e5340_0, 0, 23;
L_0x562513206c20 .concat [ 9 23 0 0], L_0x7f4b0caf1be8, L_0x562513206780;
L_0x562513206d60 .arith/sum 32, L_0x562513206640, L_0x562513206c20;
L_0x5625132072b0 .part v0x5625131e5340_0, 0, 25;
L_0x562513207350 .concat [ 7 25 0 0], L_0x7f4b0caf1c30, L_0x5625132072b0;
L_0x5625132078b0 .arith/sum 32, L_0x562513206d60, L_0x562513207350;
L_0x5625132079f0 .part v0x5625131e5340_0, 0, 26;
L_0x562513207490 .concat [ 6 26 0 0], L_0x7f4b0caf1c78, L_0x5625132079f0;
L_0x5625132075d0 .arith/sum 32, L_0x5625132078b0, L_0x562513207490;
L_0x562513207710 .part v0x5625131e5340_0, 0, 29;
L_0x5625132077b0 .concat [ 3 29 0 0], L_0x7f4b0caf1cc0, L_0x562513207710;
L_0x562513207a90 .delay 32 (40000,40000,40000) L_0x562513207a90/d;
L_0x562513207a90/d .arith/sum 32, L_0x5625132075d0, L_0x5625132077b0;
L_0x562513207d80 .part v0x5625131e5410_0, 0, 22;
L_0x562513207e20 .concat [ 10 22 0 0], L_0x7f4b0caf1d08, L_0x562513207d80;
L_0x562513208420 .part v0x5625131e5410_0, 0, 23;
L_0x562513207f20 .concat [ 9 23 0 0], L_0x7f4b0caf1d50, L_0x562513208420;
L_0x562513208010 .arith/sum 32, L_0x562513207e20, L_0x562513207f20;
L_0x562513208150 .part v0x5625131e5410_0, 0, 27;
L_0x5625132081f0 .concat [ 5 27 0 0], L_0x7f4b0caf1d98, L_0x562513208150;
L_0x562513208950 .delay 32 (30000,30000,30000) L_0x562513208950/d;
L_0x562513208950/d .arith/sum 32, L_0x562513208010, L_0x5625132081f0;
L_0x562513208ae0 .delay 32 (10000,10000,10000) L_0x562513208ae0/d;
L_0x562513208ae0/d .arith/sub 32, L_0x5625132054c0, L_0x562513207a90;
L_0x5625132084c0 .delay 32 (10000,10000,10000) L_0x5625132084c0/d;
L_0x5625132084c0/d .arith/sum 32, L_0x5625132054c0, L_0x562513208950;
L_0x562513208650 .part v0x5625131e52a0_0, 0, 21;
L_0x562513208740 .delay 32 (10000,10000,10000) L_0x562513208740/d;
L_0x562513208740/d .concat [ 11 21 0 0], L_0x7f4b0caf1de0, L_0x562513208650;
L_0x562513209170 .delay 32 (10000,10000,10000) L_0x562513209170/d;
L_0x562513209170/d .arith/sum 32, L_0x5625131f6120, L_0x562513208740;
L_0x562513208cc0 .delay 32 (10000,10000,10000) L_0x562513208cc0/d;
L_0x562513208cc0/d .arith/sub 32, L_0x5625131f6120, L_0x562513208740;
L_0x562513208e00 .delay 32 (10000,10000,10000) L_0x562513208e00/d;
L_0x562513208e00/d .arith/sum 32, L_0x5625131fab00, L_0x562513202fe0;
L_0x562513208fe0 .delay 32 (10000,10000,10000) L_0x562513208fe0/d;
L_0x562513208fe0/d .arith/sub 32, L_0x5625131fab00, L_0x562513202fe0;
L_0x562513209820 .delay 32 (10000,10000,10000) L_0x562513209820/d;
L_0x562513209820/d .arith/sum 32, L_0x5625131face0, L_0x5625132031c0;
L_0x562513209350 .delay 32 (10000,10000,10000) L_0x562513209350/d;
L_0x562513209350/d .arith/sub 32, L_0x5625131face0, L_0x5625132031c0;
L_0x562513209490 .delay 32 (10000,10000,10000) L_0x562513209490/d;
L_0x562513209490/d .arith/sum 32, L_0x562513209170, L_0x5625132084c0;
L_0x562513209670 .delay 32 (10000,10000,10000) L_0x562513209670/d;
L_0x562513209670/d .arith/sub 32, L_0x562513209170, L_0x5625132084c0;
L_0x562513209ea0 .delay 32 (10000,10000,10000) L_0x562513209ea0/d;
L_0x562513209ea0/d .arith/sum 32, L_0x562513208cc0, L_0x562513208ae0;
L_0x5625132099b0 .delay 32 (10000,10000,10000) L_0x5625132099b0/d;
L_0x5625132099b0/d .arith/sub 32, L_0x562513208cc0, L_0x562513208ae0;
L_0x562513209af0 .delay 32 (10000,10000,10000) L_0x562513209af0/d;
L_0x562513209af0/d .arith/sum 32, L_0x562513208fe0, L_0x562513209350;
L_0x562513209cd0 .delay 32 (10000,10000,10000) L_0x562513209cd0/d;
L_0x562513209cd0/d .arith/sub 32, L_0x562513208fe0, L_0x562513209350;
L_0x56251320a540 .part L_0x562513209af0, 0, 25;
L_0x56251320a030 .concat [ 7 25 0 0], L_0x7f4b0caf1e28, L_0x56251320a540;
L_0x56251320a170 .part L_0x562513209af0, 0, 27;
L_0x56251320a210 .concat [ 5 27 0 0], L_0x7f4b0caf1e70, L_0x56251320a170;
L_0x56251320a350 .arith/sum 32, L_0x56251320a030, L_0x56251320a210;
L_0x56251320a490 .part L_0x562513209af0, 0, 28;
L_0x56251320abb0 .concat [ 4 28 0 0], L_0x7f4b0caf1eb8, L_0x56251320a490;
L_0x56251320a5e0 .arith/sum 32, L_0x56251320a350, L_0x56251320abb0;
L_0x56251320a720 .part L_0x562513209af0, 0, 30;
L_0x56251320a7c0 .concat [ 2 30 0 0], L_0x7f4b0caf1f00, L_0x56251320a720;
L_0x56251320a900 .arith/sum 32, L_0x56251320a5e0, L_0x56251320a7c0;
L_0x56251320aa40 .delay 32 (40000,40000,40000) L_0x56251320aa40/d;
L_0x56251320aa40/d .arith/sum 32, L_0x56251320a900, L_0x562513209af0;
L_0x56251320b300 .part L_0x562513209cd0, 0, 25;
L_0x56251320aca0 .concat [ 7 25 0 0], L_0x7f4b0caf1f48, L_0x56251320b300;
L_0x56251320ade0 .part L_0x562513209cd0, 0, 27;
L_0x56251320ae80 .concat [ 5 27 0 0], L_0x7f4b0caf1f90, L_0x56251320ade0;
L_0x56251320afc0 .arith/sum 32, L_0x56251320aca0, L_0x56251320ae80;
L_0x56251320b100 .part L_0x562513209cd0, 0, 28;
L_0x56251320ba20 .concat [ 4 28 0 0], L_0x7f4b0caf1fd8, L_0x56251320b100;
L_0x56251320b3f0 .arith/sum 32, L_0x56251320afc0, L_0x56251320ba20;
L_0x56251320b530 .part L_0x562513209cd0, 0, 30;
L_0x56251320b5d0 .concat [ 2 30 0 0], L_0x7f4b0caf2020, L_0x56251320b530;
L_0x56251320b710 .arith/sum 32, L_0x56251320b3f0, L_0x56251320b5d0;
L_0x56251320b850 .delay 32 (40000,40000,40000) L_0x56251320b850/d;
L_0x56251320b850/d .arith/sum 32, L_0x56251320b710, L_0x562513209cd0;
L_0x56251320c0e0 .arith/sum 32, L_0x56251320aa40, L_0x7f4b0caf2068;
L_0x56251320bac0 .part L_0x56251320c0e0, 8, 24;
L_0x56251320bbb0 .delay 32 (20000,20000,20000) L_0x56251320bbb0/d;
L_0x56251320bbb0/d .extend/s 32, L_0x56251320bac0;
L_0x56251320bd40 .arith/sum 32, L_0x56251320b850, L_0x7f4b0caf20b0;
L_0x56251320be80 .part L_0x56251320bd40, 8, 24;
L_0x56251320bf70 .delay 32 (20000,20000,20000) L_0x56251320bf70/d;
L_0x56251320bf70/d .extend/s 32, L_0x56251320be80;
L_0x56251320c8c0 .arith/sum 32, L_0x562513209490, L_0x562513208e00;
L_0x56251320c220 .part L_0x56251320c8c0, 8, 24;
L_0x56251320c310 .delay 32 (20000,20000,20000) L_0x56251320c310/d;
L_0x56251320c310/d .extend/s 32, L_0x56251320c220;
L_0x56251320c4a0 .arith/sum 32, L_0x562513209ea0, L_0x56251320bbb0;
L_0x56251320c5e0 .part L_0x56251320c4a0, 8, 24;
L_0x56251320c6d0 .delay 32 (20000,20000,20000) L_0x56251320c6d0/d;
L_0x56251320c6d0/d .extend/s 32, L_0x56251320c5e0;
L_0x56251320d080 .arith/sum 32, L_0x5625132099b0, L_0x56251320bf70;
L_0x56251320ca00 .part L_0x56251320d080, 8, 24;
L_0x56251320caf0 .delay 32 (20000,20000,20000) L_0x56251320caf0/d;
L_0x56251320caf0/d .extend/s 32, L_0x56251320ca00;
L_0x56251320cc80 .arith/sum 32, L_0x562513209670, L_0x562513209820;
L_0x56251320cdc0 .part L_0x56251320cc80, 8, 24;
L_0x56251320ceb0 .delay 32 (20000,20000,20000) L_0x56251320ceb0/d;
L_0x56251320ceb0/d .extend/s 32, L_0x56251320cdc0;
L_0x56251320d870 .arith/sub 32, L_0x562513209670, L_0x562513209820;
L_0x56251320d1c0 .part L_0x56251320d870, 8, 24;
L_0x56251320d2b0 .delay 32 (20000,20000,20000) L_0x56251320d2b0/d;
L_0x56251320d2b0/d .extend/s 32, L_0x56251320d1c0;
L_0x56251320d440 .arith/sub 32, L_0x5625132099b0, L_0x56251320bf70;
L_0x56251320d4e0 .part L_0x56251320d440, 8, 24;
L_0x56251320d5d0 .delay 32 (20000,20000,20000) L_0x56251320d5d0/d;
L_0x56251320d5d0/d .extend/s 32, L_0x56251320d4e0;
L_0x56251320d760 .arith/sub 32, L_0x562513209ea0, L_0x56251320bbb0;
L_0x56251320dfb0 .part L_0x56251320d760, 8, 24;
L_0x56251320e0a0 .delay 32 (20000,20000,20000) L_0x56251320e0a0/d;
L_0x56251320e0a0/d .extend/s 32, L_0x56251320dfb0;
L_0x56251320d910 .arith/sub 32, L_0x562513209490, L_0x562513208e00;
L_0x56251320d9b0 .part L_0x56251320d910, 8, 24;
L_0x56251320daa0 .delay 32 (20000,20000,20000) L_0x56251320daa0/d;
L_0x56251320daa0/d .extend/s 32, L_0x56251320d9b0;
L_0x56251320dc30 .part v0x5625131e5200_0, 0, 29;
L_0x56251320dcd0 .delay 32 (10000,10000,10000) L_0x56251320dcd0/d;
L_0x56251320dcd0/d .concat [ 3 29 0 0], L_0x7f4b0caf20f8, L_0x56251320dc30;
L_0x56251320eb40 .cmp/eq 32, L_0x56251320ea80, L_0x7f4b0caf2140;
    .scope S_0x56251319db90;
T_0 ;
    %wait E_0x562513153ad0;
    %load/vec4 v0x5625131daa00_0;
    %flag_set/vec4 8;
    %jmp/0xz  T_0.0, 8;
    %pushi/vec4 0, 0, 1;
    %assign/vec4 v0x5625131da940_0, 0;
    %pushi/vec4 0, 0, 5;
    %assign/vec4 v0x5625131e1170_0, 0;
    %pushi/vec4 0, 0, 256;
    %split/vec4 32;
    %assign/vec4 v0x5625131e45c0_0, 0;
    %split/vec4 32;
    %assign/vec4 v0x5625131e44e0_0, 0;
    %split/vec4 32;
    %assign/vec4 v0x5625131e4400_0, 0;
    %split/vec4 32;
    %assign/vec4 v0x5625131e4320_0, 0;
    %split/vec4 32;
    %assign/vec4 v0x5625131e4240_0, 0;
    %split/vec4 32;
    %assign/vec4 v0x5625131e4160_0, 0;
    %split/vec4 32;
    %assign/vec4 v0x5625131e4080_0, 0;
    %assign/vec4 v0x5625131e3fa0_0, 0;
    %jmp T_0.1;
T_0.0 ;
    %load/vec4 v0x5625131e1170_0;
    %addi 1, 0, 5;
    %assign/vec4 v0x5625131e1170_0, 0;
    %load/vec4 v0x5625131e16b0_0;
    %flag_set/vec4 8;
    %jmp/0xz  T_0.2, 8;
    %load/vec4 v0x5625131e31a0_0;
    %replicate 8;
    %split/vec4 32;
    %assign/vec4 v0x5625131e45c0_0, 0;
    %split/vec4 32;
    %assign/vec4 v0x5625131e44e0_0, 0;
    %split/vec4 32;
    %assign/vec4 v0x5625131e4400_0, 0;
    %split/vec4 32;
    %assign/vec4 v0x5625131e4320_0, 0;
    %split/vec4 32;
    %assign/vec4 v0x5625131e4240_0, 0;
    %split/vec4 32;
    %assign/vec4 v0x5625131e4160_0, 0;
    %split/vec4 32;
    %assign/vec4 v0x5625131e4080_0, 0;
    %assign/vec4 v0x5625131e3fa0_0, 0;
    %load/vec4 v0x5625131e1170_0;
    %pad/u 32;
    %cmpi/u 1, 0, 32;
    %jmp/0xz  T_0.4, 5;
    %pushi/vec4 0, 0, 1;
    %assign/vec4 v0x5625131da940_0, 0;
    %jmp T_0.5;
T_0.4 ;
    %load/vec4 v0x5625131e1170_0;
    %assign/vec4 v0x5625131e1170_0, 0;
    %pushi/vec4 1, 0, 1;
    %assign/vec4 v0x5625131da940_0, 0;
T_0.5 ;
    %jmp T_0.3;
T_0.2 ;
    %load/vec4 v0x5625131e46a0_0;
    %load/vec4 v0x5625131e4780_0;
    %concat/vec4; draw_concat_vec4
    %load/vec4 v0x5625131e4860_0;
    %concat/vec4; draw_concat_vec4
    %load/vec4 v0x5625131e4940_0;
    %concat/vec4; draw_concat_vec4
    %load/vec4 v0x5625131e4a20_0;
    %concat/vec4; draw_concat_vec4
    %load/vec4 v0x5625131e4b00_0;
    %concat/vec4; draw_concat_vec4
    %load/vec4 v0x5625131e4be0_0;
    %concat/vec4; draw_concat_vec4
    %load/vec4 v0x5625131e4cc0_0;
    %concat/vec4; draw_concat_vec4
    %split/vec4 32;
    %assign/vec4 v0x5625131e45c0_0, 0;
    %split/vec4 32;
    %assign/vec4 v0x5625131e44e0_0, 0;
    %split/vec4 32;
    %assign/vec4 v0x5625131e4400_0, 0;
    %split/vec4 32;
    %assign/vec4 v0x5625131e4320_0, 0;
    %split/vec4 32;
    %assign/vec4 v0x5625131e4240_0, 0;
    %split/vec4 32;
    %assign/vec4 v0x5625131e4160_0, 0;
    %split/vec4 32;
    %assign/vec4 v0x5625131e4080_0, 0;
    %assign/vec4 v0x5625131e3fa0_0, 0;
    %load/vec4 v0x5625131e1170_0;
    %pad/u 32;
    %cmpi/u 15, 0, 32;
    %jmp/0xz  T_0.6, 5;
    %pushi/vec4 0, 0, 1;
    %assign/vec4 v0x5625131da940_0, 0;
    %jmp T_0.7;
T_0.6 ;
    %load/vec4 v0x5625131e1170_0;
    %assign/vec4 v0x5625131e1170_0, 0;
    %pushi/vec4 1, 0, 1;
    %assign/vec4 v0x5625131da940_0, 0;
T_0.7 ;
T_0.3 ;
T_0.1 ;
    %jmp T_0;
    .thread T_0;
    .scope S_0x5625131b1820;
T_1 ;
    %delay 5000, 0;
    %load/vec4 v0x562513141b70_0;
    %nor/r;
    %store/vec4 v0x562513141b70_0, 0, 1;
    %jmp T_1;
    .thread T_1;
    .scope S_0x5625131b1820;
T_2 ;
    %pushi/vec4 1, 0, 1;
    %store/vec4 v0x562513141b70_0, 0, 1;
    %pushi/vec4 1, 0, 1;
    %store/vec4 v0x5625131e5160_0, 0, 1;
    %vpi_call 2 20 "$display", "\012CLOCKED TIMING ANALYSIS WITH COUNTER: ELSE- PATH OF ROWIDCT MODULE" {0 0 0};
    %vpi_call 2 23 "$monitor", "%d %d, %d %d %d %d %d %d %d %d   %d   %d   %d", $time, v0x5625131e5160_0, v0x5625131e5820_0, v0x5625131e58f0_0, v0x5625131e59c0_0, v0x5625131e5a90_0, v0x5625131e5b60_0, v0x5625131e5c30_0, v0x5625131e5d00_0, v0x5625131e5dd0_0, v0x5625131e50c0_0, v0x5625131e1170_0, v0x5625131e16b0_0 {0 0 0};
    %vpi_call 2 26 "$display", "INPUTS:\012" {0 0 0};
    %wait E_0x562513153ad0;
    %pushi/vec4 1, 0, 32;
    %store/vec4 v0x5625131e5200_0, 0, 32;
    %pushi/vec4 2, 0, 32;
    %store/vec4 v0x5625131e52a0_0, 0, 32;
    %pushi/vec4 3, 0, 32;
    %store/vec4 v0x5625131e5340_0, 0, 32;
    %pushi/vec4 4, 0, 32;
    %store/vec4 v0x5625131e5410_0, 0, 32;
    %pushi/vec4 3, 0, 32;
    %store/vec4 v0x5625131e54e0_0, 0, 32;
    %pushi/vec4 2, 0, 32;
    %store/vec4 v0x5625131e55b0_0, 0, 32;
    %pushi/vec4 1, 0, 32;
    %store/vec4 v0x5625131e5680_0, 0, 32;
    %pushi/vec4 0, 0, 32;
    %store/vec4 v0x5625131e5750_0, 0, 32;
    %vpi_call 2 48 "$display", $time, "%d %d %d %d %d %d %d %d\012OUTPUTS:", v0x5625131e5200_0, v0x5625131e52a0_0, v0x5625131e5340_0, v0x5625131e5410_0, v0x5625131e54e0_0, v0x5625131e55b0_0, v0x5625131e5680_0, v0x5625131e5750_0 {0 0 0};
    %delay 1000, 0;
    %pushi/vec4 0, 0, 1;
    %store/vec4 v0x5625131e5160_0, 0, 1;
    %delay 389000, 0;
    %vpi_call 2 54 "$finish" {0 0 0};
    %end;
    .thread T_2;
# The file index is used to find the file name in the following table.
:file_names 4;
    "N/A";
    "<interactive>";
    "tb.v";
    "rowidct.v";
