#! /usr/bin/vvp
:ivl_version "10.3 (stable)";
:ivl_delay_selection "TYPICAL";
:vpi_time_precision - 12;
:vpi_module "system";
:vpi_module "vhdl_sys";
:vpi_module "v2005_math";
:vpi_module "va_math";
S_0x55a9f343db00 .scope module, "testbench" "testbench" 2 3;
 .timescale -9 -12;
v0x55a9f3484190_0 .net "rdy", 0 0, v0x55a9f3481560_0;  1 drivers
v0x55a9f3484250_0 .var/s "x0", 31 0;
v0x55a9f34842f0_0 .var/s "x1", 31 0;
v0x55a9f3484390_0 .var/s "x2", 31 0;
v0x55a9f3484430_0 .var/s "x3", 31 0;
v0x55a9f34844d0_0 .var/s "x4", 31 0;
v0x55a9f3484570_0 .var/s "x5", 31 0;
v0x55a9f3484640_0 .var/s "x6", 31 0;
v0x55a9f3484710_0 .var/s "x7", 31 0;
v0x55a9f34847e0_0 .net/s "y0", 31 0, v0x55a9f3483170_0;  1 drivers
v0x55a9f34848b0_0 .net/s "y1", 31 0, v0x55a9f3483250_0;  1 drivers
v0x55a9f3484980_0 .net/s "y2", 31 0, v0x55a9f3483330_0;  1 drivers
v0x55a9f3484a50_0 .net/s "y3", 31 0, v0x55a9f3483410_0;  1 drivers
v0x55a9f3484b20_0 .net/s "y4", 31 0, v0x55a9f34834f0_0;  1 drivers
v0x55a9f3484bf0_0 .net/s "y5", 31 0, v0x55a9f34835d0_0;  1 drivers
v0x55a9f3484cc0_0 .net/s "y6", 31 0, v0x55a9f34836b0_0;  1 drivers
v0x55a9f3484d90_0 .net/s "y7", 31 0, v0x55a9f3483790_0;  1 drivers
S_0x55a9f343cb10 .scope module, "uut" "rowidct" 2 8, 3 5 0, S_0x55a9f343db00;
 .timescale 0 0;
    .port_info 0 /INPUT 32 "x0"
    .port_info 1 /INPUT 32 "x1"
    .port_info 2 /INPUT 32 "x2"
    .port_info 3 /INPUT 32 "x3"
    .port_info 4 /INPUT 32 "x4"
    .port_info 5 /INPUT 32 "x5"
    .port_info 6 /INPUT 32 "x6"
    .port_info 7 /INPUT 32 "x7"
    .port_info 8 /OUTPUT 32 "y0"
    .port_info 9 /OUTPUT 32 "y1"
    .port_info 10 /OUTPUT 32 "y2"
    .port_info 11 /OUTPUT 32 "y3"
    .port_info 12 /OUTPUT 32 "y4"
    .port_info 13 /OUTPUT 32 "y5"
    .port_info 14 /OUTPUT 32 "y6"
    .port_info 15 /OUTPUT 32 "y7"
    .port_info 16 /OUTPUT 1 "rdy"
v0x55a9f34406c0_0 .net *"_s0", 31 0, L_0x55a9f3494f40;  1 drivers
L_0x7f2e79cc63c0 .functor BUFT 1, C4<00000000>, C4<0>, C4<0>, C4<0>;
v0x55a9f34727e0_0 .net *"_s100", 7 0, L_0x7f2e79cc63c0;  1 drivers
v0x55a9f34728c0_0 .net/s *"_s102", 31 0, L_0x55a9f3497ee0;  1 drivers
v0x55a9f3472980_0 .net *"_s104", 31 0, L_0x55a9f3498200;  1 drivers
v0x55a9f3472a60_0 .net *"_s106", 25 0, L_0x55a9f3498160;  1 drivers
L_0x7f2e79cc6408 .functor BUFT 1, C4<000000>, C4<0>, C4<0>, C4<0>;
v0x55a9f3472b90_0 .net *"_s108", 5 0, L_0x7f2e79cc6408;  1 drivers
v0x55a9f3472c70_0 .net/s *"_s110", 31 0, L_0x55a9f3498490;  1 drivers
v0x55a9f3472d50_0 .net *"_s112", 31 0, L_0x55a9f34987d0;  1 drivers
v0x55a9f3472e30_0 .net *"_s114", 28 0, L_0x55a9f34985d0;  1 drivers
L_0x7f2e79cc6450 .functor BUFT 1, C4<000>, C4<0>, C4<0>, C4<0>;
v0x55a9f3472f10_0 .net *"_s116", 2 0, L_0x7f2e79cc6450;  1 drivers
v0x55a9f3472ff0_0 .net/s *"_s118", 31 0, L_0x55a9f3498910;  1 drivers
v0x55a9f34730d0_0 .net *"_s12", 31 0, L_0x55a9f34954a0;  1 drivers
v0x55a9f34731b0_0 .net *"_s120", 31 0, L_0x55a9f3498c60;  1 drivers
v0x55a9f3473290_0 .net *"_s122", 29 0, L_0x55a9f3498bc0;  1 drivers
L_0x7f2e79cc6498 .functor BUFT 1, C4<00>, C4<0>, C4<0>, C4<0>;
v0x55a9f3473370_0 .net *"_s124", 1 0, L_0x7f2e79cc6498;  1 drivers
v0x55a9f3473450_0 .net/s *"_s126", 31 0, L_0x55a9f3498f20;  1 drivers
v0x55a9f3473530_0 .net *"_s128", 31 0, L_0x55a9f3499290;  1 drivers
v0x55a9f3473610_0 .net *"_s130", 30 0, L_0x55a9f3499060;  1 drivers
L_0x7f2e79cc64e0 .functor BUFT 1, C4<0>, C4<0>, C4<0>, C4<0>;
v0x55a9f34736f0_0 .net *"_s132", 0 0, L_0x7f2e79cc64e0;  1 drivers
v0x55a9f34737d0_0 .net *"_s14", 22 0, L_0x55a9f34953b0;  1 drivers
v0x55a9f34738b0_0 .net *"_s142", 31 0, L_0x55a9f3499cf0;  1 drivers
v0x55a9f3473990_0 .net *"_s144", 20 0, L_0x55a9f3499a90;  1 drivers
L_0x7f2e79cc6528 .functor BUFT 1, C4<00000000000>, C4<0>, C4<0>, C4<0>;
v0x55a9f3473a70_0 .net *"_s146", 10 0, L_0x7f2e79cc6528;  1 drivers
v0x55a9f3473b50_0 .net *"_s148", 31 0, L_0x55a9f349a0a0;  1 drivers
v0x55a9f3473c30_0 .net *"_s150", 23 0, L_0x55a9f3499e30;  1 drivers
L_0x7f2e79cc6570 .functor BUFT 1, C4<00000000>, C4<0>, C4<0>, C4<0>;
v0x55a9f3473d10_0 .net *"_s152", 7 0, L_0x7f2e79cc6570;  1 drivers
v0x55a9f3473df0_0 .net/s *"_s154", 31 0, L_0x55a9f349a1e0;  1 drivers
v0x55a9f3473ed0_0 .net *"_s156", 31 0, L_0x55a9f349a5a0;  1 drivers
v0x55a9f3473fb0_0 .net *"_s158", 25 0, L_0x55a9f349a500;  1 drivers
L_0x7f2e79cc60a8 .functor BUFT 1, C4<000000000>, C4<0>, C4<0>, C4<0>;
v0x55a9f3474090_0 .net *"_s16", 8 0, L_0x7f2e79cc60a8;  1 drivers
L_0x7f2e79cc65b8 .functor BUFT 1, C4<000000>, C4<0>, C4<0>, C4<0>;
v0x55a9f3474170_0 .net *"_s160", 5 0, L_0x7f2e79cc65b8;  1 drivers
v0x55a9f3474250_0 .net/s *"_s162", 31 0, L_0x55a9f349a8d0;  1 drivers
v0x55a9f3474330_0 .net *"_s164", 31 0, L_0x55a9f349acb0;  1 drivers
v0x55a9f3474620_0 .net *"_s166", 26 0, L_0x55a9f349aa10;  1 drivers
L_0x7f2e79cc6600 .functor BUFT 1, C4<00000>, C4<0>, C4<0>, C4<0>;
v0x55a9f3474700_0 .net *"_s168", 4 0, L_0x7f2e79cc6600;  1 drivers
v0x55a9f34747e0_0 .net/s *"_s170", 31 0, L_0x55a9f349adf0;  1 drivers
v0x55a9f34748c0_0 .net *"_s172", 31 0, L_0x55a9f349b1e0;  1 drivers
v0x55a9f34749a0_0 .net *"_s174", 28 0, L_0x55a9f349b140;  1 drivers
L_0x7f2e79cc6648 .functor BUFT 1, C4<000>, C4<0>, C4<0>, C4<0>;
v0x55a9f3474a80_0 .net *"_s176", 2 0, L_0x7f2e79cc6648;  1 drivers
v0x55a9f3474b60_0 .net *"_s18", 31 0, L_0x55a9f34956c0;  1 drivers
v0x55a9f3474c40_0 .net *"_s180", 31 0, L_0x55a9f349b950;  1 drivers
v0x55a9f3474d20_0 .net *"_s182", 22 0, L_0x55a9f349b680;  1 drivers
L_0x7f2e79cc6690 .functor BUFT 1, C4<000000000>, C4<0>, C4<0>, C4<0>;
v0x55a9f3474e00_0 .net *"_s184", 8 0, L_0x7f2e79cc6690;  1 drivers
v0x55a9f3474ee0_0 .net *"_s186", 31 0, L_0x55a9f349bd70;  1 drivers
v0x55a9f3474fc0_0 .net *"_s188", 23 0, L_0x55a9f349ba90;  1 drivers
L_0x7f2e79cc66d8 .functor BUFT 1, C4<00000000>, C4<0>, C4<0>, C4<0>;
v0x55a9f34750a0_0 .net *"_s190", 7 0, L_0x7f2e79cc66d8;  1 drivers
v0x55a9f3475180_0 .net/s *"_s192", 31 0, L_0x55a9f349be60;  1 drivers
v0x55a9f3475260_0 .net *"_s194", 31 0, L_0x55a9f349c290;  1 drivers
v0x55a9f3475340_0 .net *"_s196", 27 0, L_0x55a9f349c1f0;  1 drivers
L_0x7f2e79cc6720 .functor BUFT 1, C4<0000>, C4<0>, C4<0>, C4<0>;
v0x55a9f3475420_0 .net *"_s198", 3 0, L_0x7f2e79cc6720;  1 drivers
v0x55a9f3475500_0 .net *"_s2", 20 0, L_0x55a9f3484e60;  1 drivers
v0x55a9f34755e0_0 .net *"_s20", 26 0, L_0x55a9f3495620;  1 drivers
v0x55a9f34756c0_0 .net/s *"_s200", 31 0, L_0x55a9f349c630;  1 drivers
v0x55a9f34757a0_0 .net *"_s202", 31 0, L_0x55a9f349ca80;  1 drivers
v0x55a9f3475880_0 .net *"_s204", 28 0, L_0x55a9f349c770;  1 drivers
L_0x7f2e79cc6768 .functor BUFT 1, C4<000>, C4<0>, C4<0>, C4<0>;
v0x55a9f3475960_0 .net *"_s206", 2 0, L_0x7f2e79cc6768;  1 drivers
v0x55a9f3475a40_0 .net/s *"_s208", 31 0, L_0x55a9f349cbc0;  1 drivers
v0x55a9f3475b20_0 .net *"_s210", 31 0, L_0x55a9f349d020;  1 drivers
v0x55a9f3475c00_0 .net *"_s212", 29 0, L_0x55a9f349cf80;  1 drivers
L_0x7f2e79cc67b0 .functor BUFT 1, C4<00>, C4<0>, C4<0>, C4<0>;
v0x55a9f3475ce0_0 .net *"_s214", 1 0, L_0x7f2e79cc67b0;  1 drivers
v0x55a9f3475dc0_0 .net/s *"_s216", 31 0, L_0x55a9f349d3f0;  1 drivers
v0x55a9f3475ea0_0 .net *"_s218", 31 0, L_0x55a9f349d980;  1 drivers
L_0x7f2e79cc60f0 .functor BUFT 1, C4<00000>, C4<0>, C4<0>, C4<0>;
v0x55a9f3475f80_0 .net *"_s22", 4 0, L_0x7f2e79cc60f0;  1 drivers
v0x55a9f3476060_0 .net *"_s220", 30 0, L_0x55a9f349d530;  1 drivers
L_0x7f2e79cc67f8 .functor BUFT 1, C4<0>, C4<0>, C4<0>, C4<0>;
v0x55a9f3476140_0 .net *"_s222", 0 0, L_0x7f2e79cc67f8;  1 drivers
v0x55a9f3476630_0 .net/s *"_s224", 31 0, L_0x55a9f349dac0;  1 drivers
v0x55a9f3476710_0 .net *"_s228", 31 0, L_0x55a9f349e300;  1 drivers
v0x55a9f34767f0_0 .net *"_s230", 20 0, L_0x55a9f349dfa0;  1 drivers
L_0x7f2e79cc6840 .functor BUFT 1, C4<00000000000>, C4<0>, C4<0>, C4<0>;
v0x55a9f34768d0_0 .net *"_s232", 10 0, L_0x7f2e79cc6840;  1 drivers
v0x55a9f34769b0_0 .net *"_s234", 31 0, L_0x55a9f349e7b0;  1 drivers
v0x55a9f3476a90_0 .net *"_s236", 21 0, L_0x55a9f349e440;  1 drivers
L_0x7f2e79cc6888 .functor BUFT 1, C4<0000000000>, C4<0>, C4<0>, C4<0>;
v0x55a9f3476b70_0 .net *"_s238", 9 0, L_0x7f2e79cc6888;  1 drivers
v0x55a9f3476c50_0 .net/s *"_s24", 31 0, L_0x55a9f3495850;  1 drivers
v0x55a9f3476d30_0 .net/s *"_s240", 31 0, L_0x55a9f349e8a0;  1 drivers
v0x55a9f3476e10_0 .net *"_s242", 31 0, L_0x55a9f349ed60;  1 drivers
v0x55a9f3476ef0_0 .net *"_s244", 22 0, L_0x55a9f349ecc0;  1 drivers
L_0x7f2e79cc68d0 .functor BUFT 1, C4<000000000>, C4<0>, C4<0>, C4<0>;
v0x55a9f3476fd0_0 .net *"_s246", 8 0, L_0x7f2e79cc68d0;  1 drivers
v0x55a9f34770b0_0 .net/s *"_s248", 31 0, L_0x55a9f349f190;  1 drivers
v0x55a9f3477190_0 .net *"_s250", 31 0, L_0x55a9f349f670;  1 drivers
v0x55a9f3477270_0 .net *"_s252", 23 0, L_0x55a9f349f2d0;  1 drivers
L_0x7f2e79cc6918 .functor BUFT 1, C4<00000000>, C4<0>, C4<0>, C4<0>;
v0x55a9f3477350_0 .net *"_s254", 7 0, L_0x7f2e79cc6918;  1 drivers
v0x55a9f3477430_0 .net/s *"_s256", 31 0, L_0x55a9f349f7b0;  1 drivers
v0x55a9f3477510_0 .net *"_s258", 31 0, L_0x55a9f349fca0;  1 drivers
v0x55a9f34775f0_0 .net *"_s26", 31 0, L_0x55a9f3495a90;  1 drivers
v0x55a9f34776d0_0 .net *"_s260", 24 0, L_0x55a9f349fc00;  1 drivers
L_0x7f2e79cc6960 .functor BUFT 1, C4<0000000>, C4<0>, C4<0>, C4<0>;
v0x55a9f34777b0_0 .net *"_s262", 6 0, L_0x7f2e79cc6960;  1 drivers
v0x55a9f3477890_0 .net/s *"_s264", 31 0, L_0x55a9f34a0100;  1 drivers
v0x55a9f3477970_0 .net *"_s266", 31 0, L_0x55a9f34a0610;  1 drivers
v0x55a9f3477a50_0 .net *"_s268", 26 0, L_0x55a9f34a0240;  1 drivers
L_0x7f2e79cc69a8 .functor BUFT 1, C4<00000>, C4<0>, C4<0>, C4<0>;
v0x55a9f3477b30_0 .net *"_s270", 4 0, L_0x7f2e79cc69a8;  1 drivers
v0x55a9f3477c10_0 .net/s *"_s272", 31 0, L_0x55a9f34a0750;  1 drivers
v0x55a9f3477cf0_0 .net *"_s274", 31 0, L_0x55a9f34a0c70;  1 drivers
v0x55a9f3477dd0_0 .net *"_s276", 27 0, L_0x55a9f34a0bd0;  1 drivers
L_0x7f2e79cc69f0 .functor BUFT 1, C4<0000>, C4<0>, C4<0>, C4<0>;
v0x55a9f3477eb0_0 .net *"_s278", 3 0, L_0x7f2e79cc69f0;  1 drivers
v0x55a9f3477f90_0 .net *"_s28", 27 0, L_0x55a9f3495990;  1 drivers
v0x55a9f3478070_0 .net/s *"_s280", 31 0, L_0x55a9f34a1100;  1 drivers
v0x55a9f3478150_0 .net *"_s290", 31 0, L_0x55a9f34a21e0;  1 drivers
v0x55a9f3478230_0 .net *"_s292", 21 0, L_0x55a9f34a1d70;  1 drivers
L_0x7f2e79cc6a38 .functor BUFT 1, C4<0000000000>, C4<0>, C4<0>, C4<0>;
v0x55a9f3478310_0 .net *"_s294", 9 0, L_0x7f2e79cc6a38;  1 drivers
v0x55a9f34783f0_0 .net *"_s296", 31 0, L_0x55a9f34a2750;  1 drivers
v0x55a9f34784d0_0 .net *"_s298", 25 0, L_0x55a9f34a2320;  1 drivers
L_0x7f2e79cc6138 .functor BUFT 1, C4<0000>, C4<0>, C4<0>, C4<0>;
v0x55a9f34785b0_0 .net *"_s30", 3 0, L_0x7f2e79cc6138;  1 drivers
L_0x7f2e79cc6a80 .functor BUFT 1, C4<000000>, C4<0>, C4<0>, C4<0>;
v0x55a9f3478690_0 .net *"_s300", 5 0, L_0x7f2e79cc6a80;  1 drivers
v0x55a9f3478770_0 .net/s *"_s302", 31 0, L_0x55a9f34a2890;  1 drivers
v0x55a9f3478850_0 .net *"_s304", 31 0, L_0x55a9f34a2e10;  1 drivers
v0x55a9f3478930_0 .net *"_s306", 27 0, L_0x55a9f34a2d70;  1 drivers
L_0x7f2e79cc6ac8 .functor BUFT 1, C4<0000>, C4<0>, C4<0>, C4<0>;
v0x55a9f3478a10_0 .net *"_s308", 3 0, L_0x7f2e79cc6ac8;  1 drivers
v0x55a9f3478af0_0 .net/s *"_s310", 31 0, L_0x55a9f34a32b0;  1 drivers
v0x55a9f3478bd0_0 .net *"_s312", 31 0, L_0x55a9f34a3850;  1 drivers
v0x55a9f3478cb0_0 .net *"_s314", 29 0, L_0x55a9f34a33f0;  1 drivers
L_0x7f2e79cc6b10 .functor BUFT 1, C4<00>, C4<0>, C4<0>, C4<0>;
v0x55a9f3478d90_0 .net *"_s316", 1 0, L_0x7f2e79cc6b10;  1 drivers
v0x55a9f3478e70_0 .net/s *"_s32", 31 0, L_0x55a9f3495b80;  1 drivers
v0x55a9f3478f50_0 .net *"_s320", 31 0, L_0x55a9f34a3f40;  1 drivers
v0x55a9f3479030_0 .net *"_s322", 20 0, L_0x55a9f34a3ea0;  1 drivers
L_0x7f2e79cc6b58 .functor BUFT 1, C4<00000000000>, C4<0>, C4<0>, C4<0>;
v0x55a9f3479110_0 .net *"_s324", 10 0, L_0x7f2e79cc6b58;  1 drivers
v0x55a9f34791f0_0 .net *"_s326", 31 0, L_0x55a9f34a4590;  1 drivers
v0x55a9f34792d0_0 .net *"_s328", 21 0, L_0x55a9f34a4460;  1 drivers
L_0x7f2e79cc6ba0 .functor BUFT 1, C4<0000000000>, C4<0>, C4<0>, C4<0>;
v0x55a9f34793b0_0 .net *"_s330", 9 0, L_0x7f2e79cc6ba0;  1 drivers
v0x55a9f3479490_0 .net/s *"_s332", 31 0, L_0x55a9f34a4a70;  1 drivers
v0x55a9f3479570_0 .net *"_s334", 31 0, L_0x55a9f34a5050;  1 drivers
v0x55a9f3479650_0 .net *"_s336", 22 0, L_0x55a9f34a4bb0;  1 drivers
L_0x7f2e79cc6be8 .functor BUFT 1, C4<000000000>, C4<0>, C4<0>, C4<0>;
v0x55a9f3479730_0 .net *"_s338", 8 0, L_0x7f2e79cc6be8;  1 drivers
v0x55a9f3479810_0 .net *"_s34", 31 0, L_0x55a9f3495dd0;  1 drivers
v0x55a9f34798f0_0 .net/s *"_s340", 31 0, L_0x55a9f34a5190;  1 drivers
v0x55a9f34799d0_0 .net *"_s342", 31 0, L_0x55a9f34a5780;  1 drivers
v0x55a9f3479ab0_0 .net *"_s344", 24 0, L_0x55a9f34a56e0;  1 drivers
L_0x7f2e79cc6c30 .functor BUFT 1, C4<0000000>, C4<0>, C4<0>, C4<0>;
v0x55a9f3479b90_0 .net *"_s346", 6 0, L_0x7f2e79cc6c30;  1 drivers
v0x55a9f3479c70_0 .net/s *"_s348", 31 0, L_0x55a9f34a5ce0;  1 drivers
v0x55a9f3479d50_0 .net *"_s350", 31 0, L_0x55a9f34a58c0;  1 drivers
v0x55a9f347a640_0 .net *"_s352", 25 0, L_0x55a9f34a5e20;  1 drivers
L_0x7f2e79cc6c78 .functor BUFT 1, C4<000000>, C4<0>, C4<0>, C4<0>;
v0x55a9f347a720_0 .net *"_s354", 5 0, L_0x7f2e79cc6c78;  1 drivers
v0x55a9f347a800_0 .net/s *"_s356", 31 0, L_0x55a9f34a5a00;  1 drivers
v0x55a9f347a8e0_0 .net *"_s358", 31 0, L_0x55a9f34a5be0;  1 drivers
v0x55a9f347a9c0_0 .net *"_s36", 29 0, L_0x55a9f3495d30;  1 drivers
v0x55a9f347aaa0_0 .net *"_s360", 28 0, L_0x55a9f34a5b40;  1 drivers
L_0x7f2e79cc6cc0 .functor BUFT 1, C4<000>, C4<0>, C4<0>, C4<0>;
v0x55a9f347ab80_0 .net *"_s362", 2 0, L_0x7f2e79cc6cc0;  1 drivers
v0x55a9f347ac60_0 .net *"_s366", 31 0, L_0x55a9f34a60a0;  1 drivers
v0x55a9f347ad40_0 .net *"_s368", 21 0, L_0x55a9f34a6000;  1 drivers
L_0x7f2e79cc6d08 .functor BUFT 1, C4<0000000000>, C4<0>, C4<0>, C4<0>;
v0x55a9f347ae20_0 .net *"_s370", 9 0, L_0x7f2e79cc6d08;  1 drivers
v0x55a9f347af00_0 .net *"_s372", 31 0, L_0x55a9f34a68d0;  1 drivers
v0x55a9f347afe0_0 .net *"_s374", 22 0, L_0x55a9f34a61e0;  1 drivers
L_0x7f2e79cc6d50 .functor BUFT 1, C4<000000000>, C4<0>, C4<0>, C4<0>;
v0x55a9f347b0c0_0 .net *"_s376", 8 0, L_0x7f2e79cc6d50;  1 drivers
v0x55a9f347b1a0_0 .net/s *"_s378", 31 0, L_0x55a9f34a6970;  1 drivers
L_0x7f2e79cc6180 .functor BUFT 1, C4<00>, C4<0>, C4<0>, C4<0>;
v0x55a9f347b280_0 .net *"_s38", 1 0, L_0x7f2e79cc6180;  1 drivers
v0x55a9f347b360_0 .net *"_s380", 31 0, L_0x55a9f34a6500;  1 drivers
v0x55a9f347b440_0 .net *"_s382", 26 0, L_0x55a9f34a6460;  1 drivers
L_0x7f2e79cc6d98 .functor BUFT 1, C4<00000>, C4<0>, C4<0>, C4<0>;
v0x55a9f347b520_0 .net *"_s384", 4 0, L_0x7f2e79cc6d98;  1 drivers
v0x55a9f347b600_0 .net *"_s392", 31 0, L_0x55a9f34a6ab0;  1 drivers
v0x55a9f347b6e0_0 .net *"_s394", 20 0, L_0x55a9f34a7040;  1 drivers
L_0x7f2e79cc6de0 .functor BUFT 1, C4<00000000000>, C4<0>, C4<0>, C4<0>;
v0x55a9f347b7c0_0 .net *"_s396", 10 0, L_0x7f2e79cc6de0;  1 drivers
L_0x7f2e79cc6018 .functor BUFT 1, C4<00000000000>, C4<0>, C4<0>, C4<0>;
v0x55a9f347b8a0_0 .net *"_s4", 10 0, L_0x7f2e79cc6018;  1 drivers
v0x55a9f347b980_0 .net/s *"_s40", 31 0, L_0x55a9f3495f90;  1 drivers
v0x55a9f347ba60_0 .net *"_s400", 31 0, L_0x55a9f34a6dd0;  1 drivers
v0x55a9f347bb40_0 .net *"_s402", 20 0, L_0x55a9f34a6d30;  1 drivers
L_0x7f2e79cc6e28 .functor BUFT 1, C4<00000000000>, C4<0>, C4<0>, C4<0>;
v0x55a9f347bc20_0 .net *"_s404", 10 0, L_0x7f2e79cc6e28;  1 drivers
v0x55a9f347bd00_0 .net *"_s428", 31 0, L_0x55a9f34a7ba0;  1 drivers
v0x55a9f347bde0_0 .net *"_s430", 24 0, L_0x55a9f34a7ab0;  1 drivers
L_0x7f2e79cc6e70 .functor BUFT 1, C4<0000000>, C4<0>, C4<0>, C4<0>;
v0x55a9f347bec0_0 .net *"_s432", 6 0, L_0x7f2e79cc6e70;  1 drivers
v0x55a9f347bfa0_0 .net *"_s434", 31 0, L_0x55a9f34a7e20;  1 drivers
v0x55a9f347c080_0 .net *"_s436", 26 0, L_0x55a9f34a8350;  1 drivers
L_0x7f2e79cc6eb8 .functor BUFT 1, C4<00000>, C4<0>, C4<0>, C4<0>;
v0x55a9f347c160_0 .net *"_s438", 4 0, L_0x7f2e79cc6eb8;  1 drivers
v0x55a9f347c240_0 .net *"_s44", 31 0, L_0x55a9f34962f0;  1 drivers
v0x55a9f347c320_0 .net/s *"_s440", 31 0, L_0x55a9f34a7f10;  1 drivers
v0x55a9f347c400_0 .net *"_s442", 31 0, L_0x55a9f34a8180;  1 drivers
v0x55a9f347c4e0_0 .net *"_s444", 27 0, L_0x55a9f34a8050;  1 drivers
L_0x7f2e79cc6f00 .functor BUFT 1, C4<0000>, C4<0>, C4<0>, C4<0>;
v0x55a9f347c5c0_0 .net *"_s446", 3 0, L_0x7f2e79cc6f00;  1 drivers
v0x55a9f347c6a0_0 .net/s *"_s448", 31 0, L_0x55a9f34a8270;  1 drivers
v0x55a9f347c780_0 .net *"_s450", 31 0, L_0x55a9f34a83f0;  1 drivers
v0x55a9f347c860_0 .net *"_s452", 29 0, L_0x55a9f34a89f0;  1 drivers
L_0x7f2e79cc6f48 .functor BUFT 1, C4<00>, C4<0>, C4<0>, C4<0>;
v0x55a9f347c940_0 .net *"_s454", 1 0, L_0x7f2e79cc6f48;  1 drivers
v0x55a9f347ca20_0 .net/s *"_s456", 31 0, L_0x55a9f34a8530;  1 drivers
v0x55a9f347cb00_0 .net *"_s46", 20 0, L_0x55a9f3496250;  1 drivers
v0x55a9f347cbe0_0 .net *"_s460", 31 0, L_0x55a9f34a8850;  1 drivers
v0x55a9f347ccc0_0 .net *"_s462", 24 0, L_0x55a9f34a8760;  1 drivers
L_0x7f2e79cc6f90 .functor BUFT 1, C4<0000000>, C4<0>, C4<0>, C4<0>;
v0x55a9f347cda0_0 .net *"_s464", 6 0, L_0x7f2e79cc6f90;  1 drivers
v0x55a9f347ce80_0 .net *"_s466", 31 0, L_0x55a9f34a8a90;  1 drivers
v0x55a9f347cf60_0 .net *"_s468", 26 0, L_0x55a9f34a9070;  1 drivers
L_0x7f2e79cc6fd8 .functor BUFT 1, C4<00000>, C4<0>, C4<0>, C4<0>;
v0x55a9f347d040_0 .net *"_s470", 4 0, L_0x7f2e79cc6fd8;  1 drivers
v0x55a9f347d120_0 .net/s *"_s472", 31 0, L_0x55a9f34a8bd0;  1 drivers
v0x55a9f347d200_0 .net *"_s474", 31 0, L_0x55a9f34a8e40;  1 drivers
v0x55a9f347d2e0_0 .net *"_s476", 27 0, L_0x55a9f34a8d10;  1 drivers
L_0x7f2e79cc7020 .functor BUFT 1, C4<0000>, C4<0>, C4<0>, C4<0>;
v0x55a9f347d3c0_0 .net *"_s478", 3 0, L_0x7f2e79cc7020;  1 drivers
L_0x7f2e79cc61c8 .functor BUFT 1, C4<00000000000>, C4<0>, C4<0>, C4<0>;
v0x55a9f347d4a0_0 .net *"_s48", 10 0, L_0x7f2e79cc61c8;  1 drivers
v0x55a9f347d580_0 .net/s *"_s480", 31 0, L_0x55a9f34a8f30;  1 drivers
v0x55a9f347d660_0 .net *"_s482", 31 0, L_0x55a9f34a9110;  1 drivers
v0x55a9f347d740_0 .net *"_s484", 29 0, L_0x55a9f34a9720;  1 drivers
L_0x7f2e79cc7068 .functor BUFT 1, C4<00>, C4<0>, C4<0>, C4<0>;
v0x55a9f347d820_0 .net *"_s486", 1 0, L_0x7f2e79cc7068;  1 drivers
v0x55a9f347d900_0 .net/s *"_s488", 31 0, L_0x55a9f34a9250;  1 drivers
L_0x7f2e79cc70b0 .functor BUFT 1, C4<00000000000000000000000010000000>, C4<0>, C4<0>, C4<0>;
v0x55a9f347d9e0_0 .net/2s *"_s492", 31 0, L_0x7f2e79cc70b0;  1 drivers
v0x55a9f347dac0_0 .net/s *"_s494", 31 0, L_0x55a9f34a9480;  1 drivers
v0x55a9f347dba0_0 .net *"_s498", 23 0, L_0x55a9f34a95c0;  1 drivers
v0x55a9f347dc80_0 .net *"_s50", 31 0, L_0x55a9f3496570;  1 drivers
L_0x7f2e79cc70f8 .functor BUFT 1, C4<00000000000000000000000010000000>, C4<0>, C4<0>, C4<0>;
v0x55a9f347dd60_0 .net/2s *"_s500", 31 0, L_0x7f2e79cc70f8;  1 drivers
v0x55a9f347de40_0 .net/s *"_s502", 31 0, L_0x55a9f34a97c0;  1 drivers
v0x55a9f347df20_0 .net *"_s506", 23 0, L_0x55a9f34a9900;  1 drivers
v0x55a9f347e000_0 .net/s *"_s508", 31 0, L_0x55a9f34a9ae0;  1 drivers
v0x55a9f347e0e0_0 .net *"_s512", 23 0, L_0x55a9f34a9c20;  1 drivers
v0x55a9f347e1c0_0 .net/s *"_s514", 31 0, L_0x55a9f34a9ea0;  1 drivers
v0x55a9f347e2a0_0 .net *"_s518", 23 0, L_0x55a9f34a9fe0;  1 drivers
v0x55a9f347e380_0 .net *"_s52", 24 0, L_0x55a9f34964d0;  1 drivers
v0x55a9f347e460_0 .net/s *"_s520", 31 0, L_0x55a9f34aa1c0;  1 drivers
v0x55a9f347e540_0 .net *"_s524", 23 0, L_0x55a9f34aa300;  1 drivers
v0x55a9f347e620_0 .net/s *"_s526", 31 0, L_0x55a9f34aa510;  1 drivers
v0x55a9f347e700_0 .net *"_s530", 23 0, L_0x55a9f34aa650;  1 drivers
v0x55a9f347e7e0_0 .net/s *"_s532", 31 0, L_0x55a9f34aa830;  1 drivers
v0x55a9f347e8c0_0 .net *"_s536", 23 0, L_0x55a9f34aa8d0;  1 drivers
v0x55a9f347e9a0_0 .net/s *"_s538", 31 0, L_0x55a9f34aaab0;  1 drivers
L_0x7f2e79cc6210 .functor BUFT 1, C4<0000000>, C4<0>, C4<0>, C4<0>;
v0x55a9f347ea80_0 .net *"_s54", 6 0, L_0x7f2e79cc6210;  1 drivers
v0x55a9f347eb60_0 .net *"_s542", 23 0, L_0x55a9f34ab240;  1 drivers
v0x55a9f347ec40_0 .net/s *"_s544", 31 0, L_0x55a9f34aaca0;  1 drivers
v0x55a9f347ed20_0 .net *"_s548", 23 0, L_0x55a9f34aad40;  1 drivers
v0x55a9f347ee00_0 .net/s *"_s550", 31 0, L_0x55a9f34aaf20;  1 drivers
v0x55a9f347eee0_0 .net *"_s554", 23 0, L_0x55a9f34aafc0;  1 drivers
v0x55a9f347efc0_0 .net/s *"_s56", 31 0, L_0x55a9f3496430;  1 drivers
v0x55a9f347f0a0_0 .net *"_s58", 31 0, L_0x55a9f3496910;  1 drivers
L_0x7f2e79cc6060 .functor BUFT 1, C4<00000000000000000000000010000000>, C4<0>, C4<0>, C4<0>;
v0x55a9f347f180_0 .net/2s *"_s6", 31 0, L_0x7f2e79cc6060;  1 drivers
v0x55a9f347f260_0 .net *"_s60", 25 0, L_0x55a9f34967b0;  1 drivers
L_0x7f2e79cc6258 .functor BUFT 1, C4<000000>, C4<0>, C4<0>, C4<0>;
v0x55a9f347f340_0 .net *"_s62", 5 0, L_0x7f2e79cc6258;  1 drivers
v0x55a9f347f420_0 .net/s *"_s64", 31 0, L_0x55a9f3496a00;  1 drivers
v0x55a9f347f500_0 .net *"_s66", 31 0, L_0x55a9f3496cb0;  1 drivers
v0x55a9f347f5e0_0 .net *"_s68", 26 0, L_0x55a9f3496c10;  1 drivers
L_0x7f2e79cc62a0 .functor BUFT 1, C4<00000>, C4<0>, C4<0>, C4<0>;
v0x55a9f347f6c0_0 .net *"_s70", 4 0, L_0x7f2e79cc62a0;  1 drivers
v0x55a9f347f7a0_0 .net/s *"_s72", 31 0, L_0x55a9f3496ed0;  1 drivers
v0x55a9f347f880_0 .net *"_s74", 31 0, L_0x55a9f34971a0;  1 drivers
v0x55a9f347f960_0 .net *"_s76", 29 0, L_0x55a9f3497010;  1 drivers
L_0x7f2e79cc62e8 .functor BUFT 1, C4<00>, C4<0>, C4<0>, C4<0>;
v0x55a9f347fa40_0 .net *"_s78", 1 0, L_0x7f2e79cc62e8;  1 drivers
v0x55a9f347fb20_0 .net *"_s82", 31 0, L_0x55a9f34975c0;  1 drivers
v0x55a9f347fc00_0 .net *"_s84", 20 0, L_0x55a9f3497520;  1 drivers
L_0x7f2e79cc6330 .functor BUFT 1, C4<00000000000>, C4<0>, C4<0>, C4<0>;
v0x55a9f347fce0_0 .net *"_s86", 10 0, L_0x7f2e79cc6330;  1 drivers
v0x55a9f347fdc0_0 .net *"_s88", 31 0, L_0x55a9f3497940;  1 drivers
v0x55a9f347fea0_0 .net *"_s90", 21 0, L_0x55a9f3497810;  1 drivers
L_0x7f2e79cc6378 .functor BUFT 1, C4<0000000000>, C4<0>, C4<0>, C4<0>;
v0x55a9f347ff80_0 .net *"_s92", 9 0, L_0x7f2e79cc6378;  1 drivers
v0x55a9f3480060_0 .net/s *"_s94", 31 0, L_0x55a9f3497b80;  1 drivers
v0x55a9f3480140_0 .net *"_s96", 31 0, L_0x55a9f3497a60;  1 drivers
v0x55a9f3480220_0 .net *"_s98", 23 0, L_0x55a9f3497cc0;  1 drivers
v0x55a9f3480300_0 .net/s "a", 31 0, L_0x55a9f34a78d0;  1 drivers
v0x55a9f34803e0_0 .net/s "add1a", 31 0, L_0x55a9f3495240;  1 drivers
v0x55a9f34804c0_0 .net/s "add1b", 31 0, L_0x55a9f3499510;  1 drivers
v0x55a9f34805a0_0 .net/s "add1c", 31 0, L_0x55a9f34a1c30;  1 drivers
v0x55a9f3480680_0 .net/s "b", 31 0, L_0x55a9f34a7a10;  1 drivers
v0x55a9f3480760_0 .net/s "diff01", 31 0, L_0x55a9f34a7600;  1 drivers
v0x55a9f3480840_0 .net/s "diff012", 31 0, L_0x55a9f34a7830;  1 drivers
v0x55a9f3480920_0 .net/s "diff013", 31 0, L_0x55a9f34a74f0;  1 drivers
v0x55a9f3480a00_0 .net/s "diff46", 31 0, L_0x55a9f34a7130;  1 drivers
v0x55a9f3480ae0_0 .net/s "diff57", 31 0, L_0x55a9f34a7310;  1 drivers
v0x55a9f3480bc0_0 .net/s "mul1a", 31 0, L_0x55a9f34960d0;  1 drivers
v0x55a9f3480ca0_0 .net/s "mul1b", 31 0, L_0x55a9f349b540;  1 drivers
v0x55a9f3480d80_0 .net/s "mul1c", 31 0, L_0x55a9f34a3990;  1 drivers
v0x55a9f3480e60_0 .net/s "mul2a", 31 0, L_0x55a9f34972e0;  1 drivers
v0x55a9f3480f40_0 .net/s "mul2b", 31 0, L_0x55a9f349deb0;  1 drivers
v0x55a9f3481020_0 .net/s "mul2c", 31 0, L_0x55a9f34a5ec0;  1 drivers
v0x55a9f3481100_0 .net/s "mul3a", 31 0, L_0x55a9f34993d0;  1 drivers
v0x55a9f34811e0_0 .net/s "mul3b", 31 0, L_0x55a9f34a1240;  1 drivers
v0x55a9f34812c0_0 .net/s "mul3c", 31 0, L_0x55a9f34a6640;  1 drivers
v0x55a9f34813a0_0 .net/s "mul4", 31 0, L_0x55a9f34a8670;  1 drivers
v0x55a9f3481480_0 .net/s "mul5", 31 0, L_0x55a9f34a9390;  1 drivers
v0x55a9f3481560_0 .var "rdy", 0 0;
v0x55a9f3479e10_0 .net/s "sum01", 31 0, L_0x55a9f34a6bf0;  1 drivers
v0x55a9f3479ef0_0 .net/s "sum012", 31 0, L_0x55a9f34a7d30;  1 drivers
v0x55a9f3479fd0_0 .net/s "sum013", 31 0, L_0x55a9f34a73b0;  1 drivers
v0x55a9f347a0b0_0 .net/s "sum46", 31 0, L_0x55a9f34a76f0;  1 drivers
v0x55a9f347a190_0 .net/s "sum57", 31 0, L_0x55a9f34a71d0;  1 drivers
v0x55a9f347a270_0 .net/s "x0", 31 0, v0x55a9f3484250_0;  1 drivers
v0x55a9f347a350_0 .net/s "x01", 31 0, L_0x55a9f3495100;  1 drivers
v0x55a9f347a430_0 .net/s "x1", 31 0, v0x55a9f34842f0_0;  1 drivers
v0x55a9f347a510_0 .net/s "x2", 31 0, v0x55a9f3484390_0;  1 drivers
v0x55a9f3482610_0 .net/s "x21", 31 0, L_0x55a9f34a6780;  1 drivers
v0x55a9f34826f0_0 .net/s "x22", 31 0, L_0x55a9f34a9db0;  1 drivers
v0x55a9f34827d0_0 .net/s "x3", 31 0, v0x55a9f3484430_0;  1 drivers
v0x55a9f34828b0_0 .net/s "x31", 31 0, L_0x55a9f34a6f50;  1 drivers
v0x55a9f3482990_0 .net/s "x4", 31 0, v0x55a9f34844d0_0;  1 drivers
v0x55a9f3482a70_0 .net/s "x41", 31 0, L_0x55a9f34996b0;  1 drivers
v0x55a9f3482b50_0 .net/s "x44", 31 0, L_0x55a9f34a99f0;  1 drivers
v0x55a9f3482c30_0 .net/s "x5", 31 0, v0x55a9f3484570_0;  1 drivers
v0x55a9f3482d10_0 .net/s "x51", 31 0, L_0x55a9f34997f0;  1 drivers
v0x55a9f3482df0_0 .net/s "x6", 31 0, v0x55a9f3484640_0;  1 drivers
v0x55a9f3482ed0_0 .net/s "x61", 31 0, L_0x55a9f34a1690;  1 drivers
v0x55a9f3482fb0_0 .net/s "x7", 31 0, v0x55a9f3484710_0;  1 drivers
v0x55a9f3483090_0 .net/s "x71", 31 0, L_0x55a9f34a17d0;  1 drivers
v0x55a9f3483170_0 .var/s "y0", 31 0;
v0x55a9f3483250_0 .var/s "y1", 31 0;
v0x55a9f3483330_0 .var/s "y2", 31 0;
v0x55a9f3483410_0 .var/s "y3", 31 0;
v0x55a9f34834f0_0 .var/s "y4", 31 0;
v0x55a9f34835d0_0 .var/s "y5", 31 0;
v0x55a9f34836b0_0 .var/s "y6", 31 0;
v0x55a9f3483790_0 .var/s "y7", 31 0;
v0x55a9f3483870_0 .net/s "yc0", 31 0, L_0x55a9f34a9d10;  1 drivers
v0x55a9f3483950_0 .net/s "yc1", 31 0, L_0x55a9f34aa0d0;  1 drivers
v0x55a9f3483a30_0 .net/s "yc2", 31 0, L_0x55a9f34aa3f0;  1 drivers
v0x55a9f3483b10_0 .net/s "yc3", 31 0, L_0x55a9f34aa740;  1 drivers
v0x55a9f3483bf0_0 .net/s "yc4", 31 0, L_0x55a9f34aa9c0;  1 drivers
v0x55a9f3483cd0_0 .net/s "yc5", 31 0, L_0x55a9f34aabb0;  1 drivers
v0x55a9f3483db0_0 .net/s "yc6", 31 0, L_0x55a9f34aae30;  1 drivers
v0x55a9f3483e90_0 .net/s "yc7", 31 0, L_0x55a9f34ab0b0;  1 drivers
E_0x55a9f33fe340/0 .event edge, v0x55a9f347a430_0, v0x55a9f347a510_0, v0x55a9f34827d0_0, v0x55a9f3482990_0;
E_0x55a9f33fe340/1 .event edge, v0x55a9f3482c30_0, v0x55a9f3482df0_0, v0x55a9f3482fb0_0, v0x55a9f347a270_0;
E_0x55a9f33fe340/2 .event edge, v0x55a9f3483870_0, v0x55a9f3483950_0, v0x55a9f3483a30_0, v0x55a9f3483b10_0;
E_0x55a9f33fe340/3 .event edge, v0x55a9f3483bf0_0, v0x55a9f3483cd0_0, v0x55a9f3483db0_0, v0x55a9f3483e90_0;
E_0x55a9f33fe340 .event/or E_0x55a9f33fe340/0, E_0x55a9f33fe340/1, E_0x55a9f33fe340/2, E_0x55a9f33fe340/3;
L_0x55a9f3484e60 .part v0x55a9f3484250_0, 0, 21;
L_0x55a9f3494f40 .concat [ 11 21 0 0], L_0x7f2e79cc6018, L_0x55a9f3484e60;
L_0x55a9f3495100 .arith/sum 32, L_0x55a9f3494f40, L_0x7f2e79cc6060;
L_0x55a9f3495240 .arith/sum 32, v0x55a9f34844d0_0, v0x55a9f3484570_0;
L_0x55a9f34953b0 .part L_0x55a9f3495240, 0, 23;
L_0x55a9f34954a0 .concat [ 9 23 0 0], L_0x7f2e79cc60a8, L_0x55a9f34953b0;
L_0x55a9f3495620 .part L_0x55a9f3495240, 0, 27;
L_0x55a9f34956c0 .concat [ 5 27 0 0], L_0x7f2e79cc60f0, L_0x55a9f3495620;
L_0x55a9f3495850 .arith/sum 32, L_0x55a9f34954a0, L_0x55a9f34956c0;
L_0x55a9f3495990 .part L_0x55a9f3495240, 0, 28;
L_0x55a9f3495a90 .concat [ 4 28 0 0], L_0x7f2e79cc6138, L_0x55a9f3495990;
L_0x55a9f3495b80 .arith/sum 32, L_0x55a9f3495850, L_0x55a9f3495a90;
L_0x55a9f3495d30 .part L_0x55a9f3495240, 0, 30;
L_0x55a9f3495dd0 .concat [ 2 30 0 0], L_0x7f2e79cc6180, L_0x55a9f3495d30;
L_0x55a9f3495f90 .arith/sum 32, L_0x55a9f3495b80, L_0x55a9f3495dd0;
L_0x55a9f34960d0 .arith/sum 32, L_0x55a9f3495f90, L_0x55a9f3495240;
L_0x55a9f3496250 .part v0x55a9f34844d0_0, 0, 21;
L_0x55a9f34962f0 .concat [ 11 21 0 0], L_0x7f2e79cc61c8, L_0x55a9f3496250;
L_0x55a9f34964d0 .part v0x55a9f34844d0_0, 0, 25;
L_0x55a9f3496570 .concat [ 7 25 0 0], L_0x7f2e79cc6210, L_0x55a9f34964d0;
L_0x55a9f3496430 .arith/sum 32, L_0x55a9f34962f0, L_0x55a9f3496570;
L_0x55a9f34967b0 .part v0x55a9f34844d0_0, 0, 26;
L_0x55a9f3496910 .concat [ 6 26 0 0], L_0x7f2e79cc6258, L_0x55a9f34967b0;
L_0x55a9f3496a00 .arith/sum 32, L_0x55a9f3496430, L_0x55a9f3496910;
L_0x55a9f3496c10 .part v0x55a9f34844d0_0, 0, 27;
L_0x55a9f3496cb0 .concat [ 5 27 0 0], L_0x7f2e79cc62a0, L_0x55a9f3496c10;
L_0x55a9f3496ed0 .arith/sum 32, L_0x55a9f3496a00, L_0x55a9f3496cb0;
L_0x55a9f3497010 .part v0x55a9f34844d0_0, 0, 30;
L_0x55a9f34971a0 .concat [ 2 30 0 0], L_0x7f2e79cc62e8, L_0x55a9f3497010;
L_0x55a9f34972e0 .arith/sum 32, L_0x55a9f3496ed0, L_0x55a9f34971a0;
L_0x55a9f3497520 .part v0x55a9f3484570_0, 0, 21;
L_0x55a9f34975c0 .concat [ 11 21 0 0], L_0x7f2e79cc6330, L_0x55a9f3497520;
L_0x55a9f3497810 .part v0x55a9f3484570_0, 0, 22;
L_0x55a9f3497940 .concat [ 10 22 0 0], L_0x7f2e79cc6378, L_0x55a9f3497810;
L_0x55a9f3497b80 .arith/sum 32, L_0x55a9f34975c0, L_0x55a9f3497940;
L_0x55a9f3497cc0 .part v0x55a9f3484570_0, 0, 24;
L_0x55a9f3497a60 .concat [ 8 24 0 0], L_0x7f2e79cc63c0, L_0x55a9f3497cc0;
L_0x55a9f3497ee0 .arith/sum 32, L_0x55a9f3497b80, L_0x55a9f3497a60;
L_0x55a9f3498160 .part v0x55a9f3484570_0, 0, 26;
L_0x55a9f3498200 .concat [ 6 26 0 0], L_0x7f2e79cc6408, L_0x55a9f3498160;
L_0x55a9f3498490 .arith/sum 32, L_0x55a9f3497ee0, L_0x55a9f3498200;
L_0x55a9f34985d0 .part v0x55a9f3484570_0, 0, 29;
L_0x55a9f34987d0 .concat [ 3 29 0 0], L_0x7f2e79cc6450, L_0x55a9f34985d0;
L_0x55a9f3498910 .arith/sum 32, L_0x55a9f3498490, L_0x55a9f34987d0;
L_0x55a9f3498bc0 .part v0x55a9f3484570_0, 0, 30;
L_0x55a9f3498c60 .concat [ 2 30 0 0], L_0x7f2e79cc6498, L_0x55a9f3498bc0;
L_0x55a9f3498f20 .arith/sum 32, L_0x55a9f3498910, L_0x55a9f3498c60;
L_0x55a9f3499060 .part v0x55a9f3484570_0, 0, 31;
L_0x55a9f3499290 .concat [ 1 31 0 0], L_0x7f2e79cc64e0, L_0x55a9f3499060;
L_0x55a9f34993d0 .arith/sum 32, L_0x55a9f3498f20, L_0x55a9f3499290;
L_0x55a9f34996b0 .arith/sum 32, L_0x55a9f34960d0, L_0x55a9f34972e0;
L_0x55a9f34997f0 .arith/sub 32, L_0x55a9f34960d0, L_0x55a9f34993d0;
L_0x55a9f3499510 .arith/sum 32, v0x55a9f3484640_0, v0x55a9f3484710_0;
L_0x55a9f3499a90 .part L_0x55a9f3499510, 0, 21;
L_0x55a9f3499cf0 .concat [ 11 21 0 0], L_0x7f2e79cc6528, L_0x55a9f3499a90;
L_0x55a9f3499e30 .part L_0x55a9f3499510, 0, 24;
L_0x55a9f349a0a0 .concat [ 8 24 0 0], L_0x7f2e79cc6570, L_0x55a9f3499e30;
L_0x55a9f349a1e0 .arith/sum 32, L_0x55a9f3499cf0, L_0x55a9f349a0a0;
L_0x55a9f349a500 .part L_0x55a9f3499510, 0, 26;
L_0x55a9f349a5a0 .concat [ 6 26 0 0], L_0x7f2e79cc65b8, L_0x55a9f349a500;
L_0x55a9f349a8d0 .arith/sum 32, L_0x55a9f349a1e0, L_0x55a9f349a5a0;
L_0x55a9f349aa10 .part L_0x55a9f3499510, 0, 27;
L_0x55a9f349acb0 .concat [ 5 27 0 0], L_0x7f2e79cc6600, L_0x55a9f349aa10;
L_0x55a9f349adf0 .arith/sum 32, L_0x55a9f349a8d0, L_0x55a9f349acb0;
L_0x55a9f349b140 .part L_0x55a9f3499510, 0, 29;
L_0x55a9f349b1e0 .concat [ 3 29 0 0], L_0x7f2e79cc6648, L_0x55a9f349b140;
L_0x55a9f349b540 .arith/sum 32, L_0x55a9f349adf0, L_0x55a9f349b1e0;
L_0x55a9f349b680 .part v0x55a9f3484640_0, 0, 23;
L_0x55a9f349b950 .concat [ 9 23 0 0], L_0x7f2e79cc6690, L_0x55a9f349b680;
L_0x55a9f349ba90 .part v0x55a9f3484640_0, 0, 24;
L_0x55a9f349bd70 .concat [ 8 24 0 0], L_0x7f2e79cc66d8, L_0x55a9f349ba90;
L_0x55a9f349be60 .arith/sum 32, L_0x55a9f349b950, L_0x55a9f349bd70;
L_0x55a9f349c1f0 .part v0x55a9f3484640_0, 0, 28;
L_0x55a9f349c290 .concat [ 4 28 0 0], L_0x7f2e79cc6720, L_0x55a9f349c1f0;
L_0x55a9f349c630 .arith/sum 32, L_0x55a9f349be60, L_0x55a9f349c290;
L_0x55a9f349c770 .part v0x55a9f3484640_0, 0, 29;
L_0x55a9f349ca80 .concat [ 3 29 0 0], L_0x7f2e79cc6768, L_0x55a9f349c770;
L_0x55a9f349cbc0 .arith/sum 32, L_0x55a9f349c630, L_0x55a9f349ca80;
L_0x55a9f349cf80 .part v0x55a9f3484640_0, 0, 30;
L_0x55a9f349d020 .concat [ 2 30 0 0], L_0x7f2e79cc67b0, L_0x55a9f349cf80;
L_0x55a9f349d3f0 .arith/sum 32, L_0x55a9f349cbc0, L_0x55a9f349d020;
L_0x55a9f349d530 .part v0x55a9f3484640_0, 0, 31;
L_0x55a9f349d980 .concat [ 1 31 0 0], L_0x7f2e79cc67f8, L_0x55a9f349d530;
L_0x55a9f349dac0 .arith/sum 32, L_0x55a9f349d3f0, L_0x55a9f349d980;
L_0x55a9f349deb0 .arith/sum 32, L_0x55a9f349dac0, v0x55a9f3484640_0;
L_0x55a9f349dfa0 .part v0x55a9f3484710_0, 0, 21;
L_0x55a9f349e300 .concat [ 11 21 0 0], L_0x7f2e79cc6840, L_0x55a9f349dfa0;
L_0x55a9f349e440 .part v0x55a9f3484710_0, 0, 22;
L_0x55a9f349e7b0 .concat [ 10 22 0 0], L_0x7f2e79cc6888, L_0x55a9f349e440;
L_0x55a9f349e8a0 .arith/sum 32, L_0x55a9f349e300, L_0x55a9f349e7b0;
L_0x55a9f349ecc0 .part v0x55a9f3484710_0, 0, 23;
L_0x55a9f349ed60 .concat [ 9 23 0 0], L_0x7f2e79cc68d0, L_0x55a9f349ecc0;
L_0x55a9f349f190 .arith/sum 32, L_0x55a9f349e8a0, L_0x55a9f349ed60;
L_0x55a9f349f2d0 .part v0x55a9f3484710_0, 0, 24;
L_0x55a9f349f670 .concat [ 8 24 0 0], L_0x7f2e79cc6918, L_0x55a9f349f2d0;
L_0x55a9f349f7b0 .arith/sum 32, L_0x55a9f349f190, L_0x55a9f349f670;
L_0x55a9f349fc00 .part v0x55a9f3484710_0, 0, 25;
L_0x55a9f349fca0 .concat [ 7 25 0 0], L_0x7f2e79cc6960, L_0x55a9f349fc00;
L_0x55a9f34a0100 .arith/sum 32, L_0x55a9f349f7b0, L_0x55a9f349fca0;
L_0x55a9f34a0240 .part v0x55a9f3484710_0, 0, 27;
L_0x55a9f34a0610 .concat [ 5 27 0 0], L_0x7f2e79cc69a8, L_0x55a9f34a0240;
L_0x55a9f34a0750 .arith/sum 32, L_0x55a9f34a0100, L_0x55a9f34a0610;
L_0x55a9f34a0bd0 .part v0x55a9f3484710_0, 0, 28;
L_0x55a9f34a0c70 .concat [ 4 28 0 0], L_0x7f2e79cc69f0, L_0x55a9f34a0bd0;
L_0x55a9f34a1100 .arith/sum 32, L_0x55a9f34a0750, L_0x55a9f34a0c70;
L_0x55a9f34a1240 .arith/sum 32, L_0x55a9f34a1100, v0x55a9f3484710_0;
L_0x55a9f34a1690 .arith/sub 32, L_0x55a9f349b540, L_0x55a9f349deb0;
L_0x55a9f34a17d0 .arith/sub 32, L_0x55a9f349b540, L_0x55a9f34a1240;
L_0x55a9f34a1c30 .arith/sum 32, v0x55a9f3484390_0, v0x55a9f3484430_0;
L_0x55a9f34a1d70 .part L_0x55a9f34a1c30, 0, 22;
L_0x55a9f34a21e0 .concat [ 10 22 0 0], L_0x7f2e79cc6a38, L_0x55a9f34a1d70;
L_0x55a9f34a2320 .part L_0x55a9f34a1c30, 0, 26;
L_0x55a9f34a2750 .concat [ 6 26 0 0], L_0x7f2e79cc6a80, L_0x55a9f34a2320;
L_0x55a9f34a2890 .arith/sum 32, L_0x55a9f34a21e0, L_0x55a9f34a2750;
L_0x55a9f34a2d70 .part L_0x55a9f34a1c30, 0, 28;
L_0x55a9f34a2e10 .concat [ 4 28 0 0], L_0x7f2e79cc6ac8, L_0x55a9f34a2d70;
L_0x55a9f34a32b0 .arith/sum 32, L_0x55a9f34a2890, L_0x55a9f34a2e10;
L_0x55a9f34a33f0 .part L_0x55a9f34a1c30, 0, 30;
L_0x55a9f34a3850 .concat [ 2 30 0 0], L_0x7f2e79cc6b10, L_0x55a9f34a33f0;
L_0x55a9f34a3990 .arith/sum 32, L_0x55a9f34a32b0, L_0x55a9f34a3850;
L_0x55a9f34a3ea0 .part v0x55a9f3484390_0, 0, 21;
L_0x55a9f34a3f40 .concat [ 11 21 0 0], L_0x7f2e79cc6b58, L_0x55a9f34a3ea0;
L_0x55a9f34a4460 .part v0x55a9f3484390_0, 0, 22;
L_0x55a9f34a4590 .concat [ 10 22 0 0], L_0x7f2e79cc6ba0, L_0x55a9f34a4460;
L_0x55a9f34a4a70 .arith/sum 32, L_0x55a9f34a3f40, L_0x55a9f34a4590;
L_0x55a9f34a4bb0 .part v0x55a9f3484390_0, 0, 23;
L_0x55a9f34a5050 .concat [ 9 23 0 0], L_0x7f2e79cc6be8, L_0x55a9f34a4bb0;
L_0x55a9f34a5190 .arith/sum 32, L_0x55a9f34a4a70, L_0x55a9f34a5050;
L_0x55a9f34a56e0 .part v0x55a9f3484390_0, 0, 25;
L_0x55a9f34a5780 .concat [ 7 25 0 0], L_0x7f2e79cc6c30, L_0x55a9f34a56e0;
L_0x55a9f34a5ce0 .arith/sum 32, L_0x55a9f34a5190, L_0x55a9f34a5780;
L_0x55a9f34a5e20 .part v0x55a9f3484390_0, 0, 26;
L_0x55a9f34a58c0 .concat [ 6 26 0 0], L_0x7f2e79cc6c78, L_0x55a9f34a5e20;
L_0x55a9f34a5a00 .arith/sum 32, L_0x55a9f34a5ce0, L_0x55a9f34a58c0;
L_0x55a9f34a5b40 .part v0x55a9f3484390_0, 0, 29;
L_0x55a9f34a5be0 .concat [ 3 29 0 0], L_0x7f2e79cc6cc0, L_0x55a9f34a5b40;
L_0x55a9f34a5ec0 .arith/sum 32, L_0x55a9f34a5a00, L_0x55a9f34a5be0;
L_0x55a9f34a6000 .part v0x55a9f3484430_0, 0, 22;
L_0x55a9f34a60a0 .concat [ 10 22 0 0], L_0x7f2e79cc6d08, L_0x55a9f34a6000;
L_0x55a9f34a61e0 .part v0x55a9f3484430_0, 0, 23;
L_0x55a9f34a68d0 .concat [ 9 23 0 0], L_0x7f2e79cc6d50, L_0x55a9f34a61e0;
L_0x55a9f34a6970 .arith/sum 32, L_0x55a9f34a60a0, L_0x55a9f34a68d0;
L_0x55a9f34a6460 .part v0x55a9f3484430_0, 0, 27;
L_0x55a9f34a6500 .concat [ 5 27 0 0], L_0x7f2e79cc6d98, L_0x55a9f34a6460;
L_0x55a9f34a6640 .arith/sum 32, L_0x55a9f34a6970, L_0x55a9f34a6500;
L_0x55a9f34a6780 .arith/sub 32, L_0x55a9f34a3990, L_0x55a9f34a5ec0;
L_0x55a9f34a6f50 .arith/sum 32, L_0x55a9f34a3990, L_0x55a9f34a6640;
L_0x55a9f34a7040 .part v0x55a9f34842f0_0, 0, 21;
L_0x55a9f34a6ab0 .concat [ 11 21 0 0], L_0x7f2e79cc6de0, L_0x55a9f34a7040;
L_0x55a9f34a6bf0 .arith/sum 32, L_0x55a9f3495100, L_0x55a9f34a6ab0;
L_0x55a9f34a6d30 .part v0x55a9f34842f0_0, 0, 21;
L_0x55a9f34a6dd0 .concat [ 11 21 0 0], L_0x7f2e79cc6e28, L_0x55a9f34a6d30;
L_0x55a9f34a7600 .arith/sub 32, L_0x55a9f3495100, L_0x55a9f34a6dd0;
L_0x55a9f34a76f0 .arith/sum 32, L_0x55a9f34996b0, L_0x55a9f34a1690;
L_0x55a9f34a7130 .arith/sub 32, L_0x55a9f34996b0, L_0x55a9f34a1690;
L_0x55a9f34a71d0 .arith/sum 32, L_0x55a9f34997f0, L_0x55a9f34a17d0;
L_0x55a9f34a7310 .arith/sub 32, L_0x55a9f34997f0, L_0x55a9f34a17d0;
L_0x55a9f34a73b0 .arith/sum 32, L_0x55a9f34a6bf0, L_0x55a9f34a6f50;
L_0x55a9f34a74f0 .arith/sub 32, L_0x55a9f34a6bf0, L_0x55a9f34a6f50;
L_0x55a9f34a7d30 .arith/sum 32, L_0x55a9f34a7600, L_0x55a9f34a6780;
L_0x55a9f34a7830 .arith/sub 32, L_0x55a9f34a7600, L_0x55a9f34a6780;
L_0x55a9f34a78d0 .arith/sum 32, L_0x55a9f34a7130, L_0x55a9f34a7310;
L_0x55a9f34a7a10 .arith/sub 32, L_0x55a9f34a7130, L_0x55a9f34a7310;
L_0x55a9f34a7ab0 .part L_0x55a9f34a78d0, 0, 25;
L_0x55a9f34a7ba0 .concat [ 7 25 0 0], L_0x7f2e79cc6e70, L_0x55a9f34a7ab0;
L_0x55a9f34a8350 .part L_0x55a9f34a78d0, 0, 27;
L_0x55a9f34a7e20 .concat [ 5 27 0 0], L_0x7f2e79cc6eb8, L_0x55a9f34a8350;
L_0x55a9f34a7f10 .arith/sum 32, L_0x55a9f34a7ba0, L_0x55a9f34a7e20;
L_0x55a9f34a8050 .part L_0x55a9f34a78d0, 0, 28;
L_0x55a9f34a8180 .concat [ 4 28 0 0], L_0x7f2e79cc6f00, L_0x55a9f34a8050;
L_0x55a9f34a8270 .arith/sum 32, L_0x55a9f34a7f10, L_0x55a9f34a8180;
L_0x55a9f34a89f0 .part L_0x55a9f34a78d0, 0, 30;
L_0x55a9f34a83f0 .concat [ 2 30 0 0], L_0x7f2e79cc6f48, L_0x55a9f34a89f0;
L_0x55a9f34a8530 .arith/sum 32, L_0x55a9f34a8270, L_0x55a9f34a83f0;
L_0x55a9f34a8670 .arith/sum 32, L_0x55a9f34a8530, L_0x55a9f34a78d0;
L_0x55a9f34a8760 .part L_0x55a9f34a7a10, 0, 25;
L_0x55a9f34a8850 .concat [ 7 25 0 0], L_0x7f2e79cc6f90, L_0x55a9f34a8760;
L_0x55a9f34a9070 .part L_0x55a9f34a7a10, 0, 27;
L_0x55a9f34a8a90 .concat [ 5 27 0 0], L_0x7f2e79cc6fd8, L_0x55a9f34a9070;
L_0x55a9f34a8bd0 .arith/sum 32, L_0x55a9f34a8850, L_0x55a9f34a8a90;
L_0x55a9f34a8d10 .part L_0x55a9f34a7a10, 0, 28;
L_0x55a9f34a8e40 .concat [ 4 28 0 0], L_0x7f2e79cc7020, L_0x55a9f34a8d10;
L_0x55a9f34a8f30 .arith/sum 32, L_0x55a9f34a8bd0, L_0x55a9f34a8e40;
L_0x55a9f34a9720 .part L_0x55a9f34a7a10, 0, 30;
L_0x55a9f34a9110 .concat [ 2 30 0 0], L_0x7f2e79cc7068, L_0x55a9f34a9720;
L_0x55a9f34a9250 .arith/sum 32, L_0x55a9f34a8f30, L_0x55a9f34a9110;
L_0x55a9f34a9390 .arith/sum 32, L_0x55a9f34a9250, L_0x55a9f34a7a10;
L_0x55a9f34a9480 .arith/sum 32, L_0x55a9f34a8670, L_0x7f2e79cc70b0;
L_0x55a9f34a95c0 .part L_0x55a9f34a9480, 8, 24;
L_0x55a9f34a9db0 .extend/s 32, L_0x55a9f34a95c0;
L_0x55a9f34a97c0 .arith/sum 32, L_0x55a9f34a9390, L_0x7f2e79cc70f8;
L_0x55a9f34a9900 .part L_0x55a9f34a97c0, 8, 24;
L_0x55a9f34a99f0 .extend/s 32, L_0x55a9f34a9900;
L_0x55a9f34a9ae0 .arith/sum 32, L_0x55a9f34a73b0, L_0x55a9f34a76f0;
L_0x55a9f34a9c20 .part L_0x55a9f34a9ae0, 8, 24;
L_0x55a9f34a9d10 .extend/s 32, L_0x55a9f34a9c20;
L_0x55a9f34a9ea0 .arith/sum 32, L_0x55a9f34a7d30, L_0x55a9f34a9db0;
L_0x55a9f34a9fe0 .part L_0x55a9f34a9ea0, 8, 24;
L_0x55a9f34aa0d0 .extend/s 32, L_0x55a9f34a9fe0;
L_0x55a9f34aa1c0 .arith/sum 32, L_0x55a9f34a7830, L_0x55a9f34a99f0;
L_0x55a9f34aa300 .part L_0x55a9f34aa1c0, 8, 24;
L_0x55a9f34aa3f0 .extend/s 32, L_0x55a9f34aa300;
L_0x55a9f34aa510 .arith/sum 32, L_0x55a9f34a74f0, L_0x55a9f34a71d0;
L_0x55a9f34aa650 .part L_0x55a9f34aa510, 8, 24;
L_0x55a9f34aa740 .extend/s 32, L_0x55a9f34aa650;
L_0x55a9f34aa830 .arith/sub 32, L_0x55a9f34a74f0, L_0x55a9f34a71d0;
L_0x55a9f34aa8d0 .part L_0x55a9f34aa830, 8, 24;
L_0x55a9f34aa9c0 .extend/s 32, L_0x55a9f34aa8d0;
L_0x55a9f34aaab0 .arith/sub 32, L_0x55a9f34a7830, L_0x55a9f34a99f0;
L_0x55a9f34ab240 .part L_0x55a9f34aaab0, 8, 24;
L_0x55a9f34aabb0 .extend/s 32, L_0x55a9f34ab240;
L_0x55a9f34aaca0 .arith/sub 32, L_0x55a9f34a7d30, L_0x55a9f34a9db0;
L_0x55a9f34aad40 .part L_0x55a9f34aaca0, 8, 24;
L_0x55a9f34aae30 .extend/s 32, L_0x55a9f34aad40;
L_0x55a9f34aaf20 .arith/sub 32, L_0x55a9f34a73b0, L_0x55a9f34a76f0;
L_0x55a9f34aafc0 .part L_0x55a9f34aaf20, 8, 24;
L_0x55a9f34ab0b0 .extend/s 32, L_0x55a9f34aafc0;
    .scope S_0x55a9f343cb10;
T_0 ;
    %pushi/vec4 0, 0, 1;
    %store/vec4 v0x55a9f3481560_0, 0, 1;
    %end;
    .thread T_0;
    .scope S_0x55a9f343cb10;
T_1 ;
    %wait E_0x55a9f33fe340;
    %pushi/vec4 0, 0, 1;
    %store/vec4 v0x55a9f3481560_0, 0, 1;
    %load/vec4 v0x55a9f347a430_0;
    %ix/load 4, 11, 0;
    %flag_set/imm 4, 0;
    %shiftl 4;
    %load/vec4 v0x55a9f347a510_0;
    %or;
    %load/vec4 v0x55a9f34827d0_0;
    %or;
    %load/vec4 v0x55a9f3482990_0;
    %or;
    %load/vec4 v0x55a9f3482c30_0;
    %or;
    %load/vec4 v0x55a9f3482df0_0;
    %or;
    %load/vec4 v0x55a9f3482fb0_0;
    %or;
    %cmpi/e 0, 0, 32;
    %jmp/0xz  T_1.0, 4;
    %load/vec4 v0x55a9f347a270_0;
    %ix/load 4, 3, 0;
    %flag_set/imm 4, 0;
    %shiftl 4;
    %replicate 8;
    %split/vec4 32;
    %store/vec4 v0x55a9f3483790_0, 0, 32;
    %split/vec4 32;
    %store/vec4 v0x55a9f34836b0_0, 0, 32;
    %split/vec4 32;
    %store/vec4 v0x55a9f34835d0_0, 0, 32;
    %split/vec4 32;
    %store/vec4 v0x55a9f34834f0_0, 0, 32;
    %split/vec4 32;
    %store/vec4 v0x55a9f3483410_0, 0, 32;
    %split/vec4 32;
    %store/vec4 v0x55a9f3483330_0, 0, 32;
    %split/vec4 32;
    %store/vec4 v0x55a9f3483250_0, 0, 32;
    %store/vec4 v0x55a9f3483170_0, 0, 32;
    %pushi/vec4 1, 0, 1;
    %store/vec4 v0x55a9f3481560_0, 0, 1;
    %jmp T_1.1;
T_1.0 ;
    %load/vec4 v0x55a9f3483870_0;
    %load/vec4 v0x55a9f3483950_0;
    %concat/vec4; draw_concat_vec4
    %load/vec4 v0x55a9f3483a30_0;
    %concat/vec4; draw_concat_vec4
    %load/vec4 v0x55a9f3483b10_0;
    %concat/vec4; draw_concat_vec4
    %load/vec4 v0x55a9f3483bf0_0;
    %concat/vec4; draw_concat_vec4
    %load/vec4 v0x55a9f3483cd0_0;
    %concat/vec4; draw_concat_vec4
    %load/vec4 v0x55a9f3483db0_0;
    %concat/vec4; draw_concat_vec4
    %load/vec4 v0x55a9f3483e90_0;
    %concat/vec4; draw_concat_vec4
    %split/vec4 32;
    %store/vec4 v0x55a9f3483790_0, 0, 32;
    %split/vec4 32;
    %store/vec4 v0x55a9f34836b0_0, 0, 32;
    %split/vec4 32;
    %store/vec4 v0x55a9f34835d0_0, 0, 32;
    %split/vec4 32;
    %store/vec4 v0x55a9f34834f0_0, 0, 32;
    %split/vec4 32;
    %store/vec4 v0x55a9f3483410_0, 0, 32;
    %split/vec4 32;
    %store/vec4 v0x55a9f3483330_0, 0, 32;
    %split/vec4 32;
    %store/vec4 v0x55a9f3483250_0, 0, 32;
    %store/vec4 v0x55a9f3483170_0, 0, 32;
    %pushi/vec4 1, 0, 1;
    %store/vec4 v0x55a9f3481560_0, 0, 1;
T_1.1 ;
    %jmp T_1;
    .thread T_1, $push;
    .scope S_0x55a9f343cb10;
T_2 ;
    %delay 3567587328, 232;
    %vpi_call 3 113 "$display", "x01 %d", v0x55a9f347a350_0 {0 0 0};
    %vpi_call 3 114 "$display", "mul1a %d", v0x55a9f3480bc0_0 {0 0 0};
    %vpi_call 3 115 "$display", "x51 %d", v0x55a9f3482d10_0 {0 0 0};
    %vpi_call 3 116 "$display", "mul1b %d", v0x55a9f3480ca0_0 {0 0 0};
    %vpi_call 3 117 "$display", "mul2b %d", v0x55a9f3480f40_0 {0 0 0};
    %vpi_call 3 118 "$display", "mul3b %d", v0x55a9f34811e0_0 {0 0 0};
    %vpi_call 3 119 "$display", "%d", v0x55a9f3483090_0 {0 0 0};
    %vpi_call 3 120 "$display", "%d", v0x55a9f3479e10_0 {0 0 0};
    %vpi_call 3 121 "$display", "%d", v0x55a9f3480760_0 {0 0 0};
    %vpi_call 3 122 "$display", "%d", v0x55a9f3480d80_0 {0 0 0};
    %vpi_call 3 123 "$display", "%d, %d", v0x55a9f3482610_0, v0x55a9f34828b0_0 {0 0 0};
    %vpi_call 3 124 "$display", "%d", v0x55a9f3480a00_0 {0 0 0};
    %vpi_call 3 125 "$display", "%d", v0x55a9f3480ae0_0 {0 0 0};
    %vpi_call 3 126 "$display", "%d", v0x55a9f34813a0_0 {0 0 0};
    %vpi_call 3 127 "$display", "%d,%d,%d,%d,%d,%d,%d,%d ", v0x55a9f3480840_0, v0x55a9f347a0b0_0, v0x55a9f34826f0_0, v0x55a9f3479ef0_0, v0x55a9f3482b50_0, v0x55a9f3480ae0_0, v0x55a9f347a190_0, v0x55a9f3479fd0_0 {0 0 0};
    %end;
    .thread T_2;
    .scope S_0x55a9f343db00;
T_3 ;
    %pushi/vec4 1, 0, 32;
    %store/vec4 v0x55a9f3484250_0, 0, 32;
    %pushi/vec4 2, 0, 32;
    %store/vec4 v0x55a9f34842f0_0, 0, 32;
    %pushi/vec4 3, 0, 32;
    %store/vec4 v0x55a9f3484390_0, 0, 32;
    %pushi/vec4 4, 0, 32;
    %store/vec4 v0x55a9f3484430_0, 0, 32;
    %pushi/vec4 3, 0, 32;
    %store/vec4 v0x55a9f34844d0_0, 0, 32;
    %pushi/vec4 2, 0, 32;
    %store/vec4 v0x55a9f3484570_0, 0, 32;
    %pushi/vec4 1, 0, 32;
    %store/vec4 v0x55a9f3484640_0, 0, 32;
    %pushi/vec4 0, 0, 32;
    %store/vec4 v0x55a9f3484710_0, 0, 32;
    %delay 1000, 0;
    %vpi_call 2 22 "$display", "%d %d %d %d %d %d %d %d %d", v0x55a9f34847e0_0, v0x55a9f34848b0_0, v0x55a9f3484980_0, v0x55a9f3484a50_0, v0x55a9f3484b20_0, v0x55a9f3484bf0_0, v0x55a9f3484cc0_0, v0x55a9f3484d90_0, v0x55a9f3484190_0 {0 0 0};
    %end;
    .thread T_3;
# The file index is used to find the file name in the following table.
:file_names 4;
    "N/A";
    "<interactive>";
    "tb.v";
    "rowi.v";
